[0.265s] DEBUG:colcon:Command line arguments: ['/usr/bin/colcon', 'build', '--packages-select', 'cpp03_action']
[0.265s] DEBUG:colcon:Parsed command line arguments: Namespace(log_base=None, log_level=None, verb_name='build', build_base='build', install_base='install', merge_install=False, symlink_install=False, test_result_base=None, continue_on_error=False, executor='parallel', parallel_workers=4, event_handlers=None, ignore_user_meta=False, metas=['./colcon.meta'], base_paths=['.'], packages_ignore=None, packages_ignore_regex=None, paths=None, packages_up_to=None, packages_up_to_regex=None, packages_above=None, packages_above_and_dependencies=None, packages_above_depth=None, packages_select_by_dep=None, packages_skip_by_dep=None, packages_skip_up_to=None, packages_select_build_failed=False, packages_skip_build_finished=False, packages_select_test_failures=False, packages_skip_test_passed=False, packages_select=['cpp03_action'], packages_skip=None, packages_select_regex=None, packages_skip_regex=None, packages_start=None, packages_end=None, allow_overriding=[], cmake_args=None, cmake_target=None, cmake_target_skip_unavailable=False, cmake_clean_cache=False, cmake_clean_first=False, cmake_force_configure=False, ament_cmake_args=None, catkin_cmake_args=None, catkin_skip_building_tests=False, verb_parser=<colcon_defaults.argument_parser.defaults.DefaultArgumentsDecorator object at 0xffff84cac5f0>, verb_extension=<colcon_core.verb.build.BuildVerb object at 0xffff84e51130>, main=<bound method BuildVerb.main of <colcon_core.verb.build.BuildVerb object at 0xffff84e51130>>)
[0.388s] Level 1:colcon.colcon_core.package_discovery:discover_packages(colcon_meta) check parameters
[0.388s] Level 1:colcon.colcon_core.package_discovery:discover_packages(recursive) check parameters
[0.388s] Level 1:colcon.colcon_core.package_discovery:discover_packages(ignore) check parameters
[0.388s] Level 1:colcon.colcon_core.package_discovery:discover_packages(path) check parameters
[0.388s] Level 1:colcon.colcon_core.package_discovery:discover_packages(colcon_meta) discover
[0.388s] Level 1:colcon.colcon_core.package_discovery:discover_packages(recursive) discover
[0.388s] INFO:colcon.colcon_core.package_discovery:Crawling recursively for packages in '/home/haixin/ws01_plumbing'
[0.388s] Level 1:colcon.colcon_core.package_identification:_identify(.) by extensions ['ignore', 'ignore_ament_install']
[0.389s] Level 1:colcon.colcon_core.package_identification:_identify(.) by extension 'ignore'
[0.389s] Level 1:colcon.colcon_core.package_identification:_identify(.) by extension 'ignore_ament_install'
[0.389s] Level 1:colcon.colcon_core.package_identification:_identify(.) by extensions ['colcon_pkg']
[0.389s] Level 1:colcon.colcon_core.package_identification:_identify(.) by extension 'colcon_pkg'
[0.389s] Level 1:colcon.colcon_core.package_identification:_identify(.) by extensions ['colcon_meta']
[0.389s] Level 1:colcon.colcon_core.package_identification:_identify(.) by extension 'colcon_meta'
[0.389s] Level 1:colcon.colcon_core.package_identification:_identify(.) by extensions ['ros']
[0.389s] Level 1:colcon.colcon_core.package_identification:_identify(.) by extension 'ros'
[0.444s] Level 1:colcon.colcon_core.package_identification:_identify(.) by extensions ['cmake', 'python']
[0.444s] Level 1:colcon.colcon_core.package_identification:_identify(.) by extension 'cmake'
[0.444s] Level 1:colcon.colcon_core.package_identification:_identify(.) by extension 'python'
[0.444s] Level 1:colcon.colcon_core.package_identification:_identify(.) by extensions ['python_setup_py']
[0.444s] Level 1:colcon.colcon_core.package_identification:_identify(.) by extension 'python_setup_py'
[0.444s] Level 1:colcon.colcon_core.package_identification:_identify(build) by extensions ['ignore', 'ignore_ament_install']
[0.445s] Level 1:colcon.colcon_core.package_identification:_identify(build) by extension 'ignore'
[0.445s] Level 1:colcon.colcon_core.package_identification:_identify(build) ignored
[0.445s] Level 1:colcon.colcon_core.package_identification:_identify(install) by extensions ['ignore', 'ignore_ament_install']
[0.445s] Level 1:colcon.colcon_core.package_identification:_identify(install) by extension 'ignore'
[0.445s] Level 1:colcon.colcon_core.package_identification:_identify(install) ignored
[0.445s] Level 1:colcon.colcon_core.package_identification:_identify(log) by extensions ['ignore', 'ignore_ament_install']
[0.445s] Level 1:colcon.colcon_core.package_identification:_identify(log) by extension 'ignore'
[0.445s] Level 1:colcon.colcon_core.package_identification:_identify(log) ignored
[0.445s] Level 1:colcon.colcon_core.package_identification:_identify(src) by extensions ['ignore', 'ignore_ament_install']
[0.446s] Level 1:colcon.colcon_core.package_identification:_identify(src) by extension 'ignore'
[0.446s] Level 1:colcon.colcon_core.package_identification:_identify(src) by extension 'ignore_ament_install'
[0.446s] Level 1:colcon.colcon_core.package_identification:_identify(src) by extensions ['colcon_pkg']
[0.446s] Level 1:colcon.colcon_core.package_identification:_identify(src) by extension 'colcon_pkg'
[0.446s] Level 1:colcon.colcon_core.package_identification:_identify(src) by extensions ['colcon_meta']
[0.446s] Level 1:colcon.colcon_core.package_identification:_identify(src) by extension 'colcon_meta'
[0.446s] Level 1:colcon.colcon_core.package_identification:_identify(src) by extensions ['ros']
[0.446s] Level 1:colcon.colcon_core.package_identification:_identify(src) by extension 'ros'
[0.446s] Level 1:colcon.colcon_core.package_identification:_identify(src) by extensions ['cmake', 'python']
[0.446s] Level 1:colcon.colcon_core.package_identification:_identify(src) by extension 'cmake'
[0.446s] Level 1:colcon.colcon_core.package_identification:_identify(src) by extension 'python'
[0.446s] Level 1:colcon.colcon_core.package_identification:_identify(src) by extensions ['python_setup_py']
[0.446s] Level 1:colcon.colcon_core.package_identification:_identify(src) by extension 'python_setup_py'
[0.446s] Level 1:colcon.colcon_core.package_identification:_identify(src/base_interfaces_demo) by extensions ['ignore', 'ignore_ament_install']
[0.446s] Level 1:colcon.colcon_core.package_identification:_identify(src/base_interfaces_demo) by extension 'ignore'
[0.447s] Level 1:colcon.colcon_core.package_identification:_identify(src/base_interfaces_demo) by extension 'ignore_ament_install'
[0.447s] Level 1:colcon.colcon_core.package_identification:_identify(src/base_interfaces_demo) by extensions ['colcon_pkg']
[0.447s] Level 1:colcon.colcon_core.package_identification:_identify(src/base_interfaces_demo) by extension 'colcon_pkg'
[0.447s] Level 1:colcon.colcon_core.package_identification:_identify(src/base_interfaces_demo) by extensions ['colcon_meta']
[0.447s] Level 1:colcon.colcon_core.package_identification:_identify(src/base_interfaces_demo) by extension 'colcon_meta'
[0.447s] Level 1:colcon.colcon_core.package_identification:_identify(src/base_interfaces_demo) by extensions ['ros']
[0.447s] Level 1:colcon.colcon_core.package_identification:_identify(src/base_interfaces_demo) by extension 'ros'
[0.455s] DEBUG:colcon.colcon_core.package_identification:Package 'src/base_interfaces_demo' with type 'ros.ament_cmake' and name 'base_interfaces_demo'
[0.455s] Level 1:colcon.colcon_core.package_identification:_identify(src/cpp01_topic) by extensions ['ignore', 'ignore_ament_install']
[0.455s] Level 1:colcon.colcon_core.package_identification:_identify(src/cpp01_topic) by extension 'ignore'
[0.455s] Level 1:colcon.colcon_core.package_identification:_identify(src/cpp01_topic) by extension 'ignore_ament_install'
[0.455s] Level 1:colcon.colcon_core.package_identification:_identify(src/cpp01_topic) by extensions ['colcon_pkg']
[0.455s] Level 1:colcon.colcon_core.package_identification:_identify(src/cpp01_topic) by extension 'colcon_pkg'
[0.455s] Level 1:colcon.colcon_core.package_identification:_identify(src/cpp01_topic) by extensions ['colcon_meta']
[0.455s] Level 1:colcon.colcon_core.package_identification:_identify(src/cpp01_topic) by extension 'colcon_meta'
[0.456s] Level 1:colcon.colcon_core.package_identification:_identify(src/cpp01_topic) by extensions ['ros']
[0.456s] Level 1:colcon.colcon_core.package_identification:_identify(src/cpp01_topic) by extension 'ros'
[0.457s] DEBUG:colcon.colcon_core.package_identification:Package 'src/cpp01_topic' with type 'ros.ament_cmake' and name 'cpp01_topic'
[0.457s] Level 1:colcon.colcon_core.package_identification:_identify(src/cpp02_service) by extensions ['ignore', 'ignore_ament_install']
[0.457s] Level 1:colcon.colcon_core.package_identification:_identify(src/cpp02_service) by extension 'ignore'
[0.457s] Level 1:colcon.colcon_core.package_identification:_identify(src/cpp02_service) by extension 'ignore_ament_install'
[0.457s] Level 1:colcon.colcon_core.package_identification:_identify(src/cpp02_service) by extensions ['colcon_pkg']
[0.457s] Level 1:colcon.colcon_core.package_identification:_identify(src/cpp02_service) by extension 'colcon_pkg'
[0.457s] Level 1:colcon.colcon_core.package_identification:_identify(src/cpp02_service) by extensions ['colcon_meta']
[0.457s] Level 1:colcon.colcon_core.package_identification:_identify(src/cpp02_service) by extension 'colcon_meta'
[0.458s] Level 1:colcon.colcon_core.package_identification:_identify(src/cpp02_service) by extensions ['ros']
[0.458s] Level 1:colcon.colcon_core.package_identification:_identify(src/cpp02_service) by extension 'ros'
[0.459s] DEBUG:colcon.colcon_core.package_identification:Package 'src/cpp02_service' with type 'ros.ament_cmake' and name 'cpp02_service'
[0.459s] Level 1:colcon.colcon_core.package_identification:_identify(src/cpp03_action) by extensions ['ignore', 'ignore_ament_install']
[0.459s] Level 1:colcon.colcon_core.package_identification:_identify(src/cpp03_action) by extension 'ignore'
[0.459s] Level 1:colcon.colcon_core.package_identification:_identify(src/cpp03_action) by extension 'ignore_ament_install'
[0.459s] Level 1:colcon.colcon_core.package_identification:_identify(src/cpp03_action) by extensions ['colcon_pkg']
[0.459s] Level 1:colcon.colcon_core.package_identification:_identify(src/cpp03_action) by extension 'colcon_pkg'
[0.459s] Level 1:colcon.colcon_core.package_identification:_identify(src/cpp03_action) by extensions ['colcon_meta']
[0.459s] Level 1:colcon.colcon_core.package_identification:_identify(src/cpp03_action) by extension 'colcon_meta'
[0.459s] Level 1:colcon.colcon_core.package_identification:_identify(src/cpp03_action) by extensions ['ros']
[0.459s] Level 1:colcon.colcon_core.package_identification:_identify(src/cpp03_action) by extension 'ros'
[0.461s] DEBUG:colcon.colcon_core.package_identification:Package 'src/cpp03_action' with type 'ros.ament_cmake' and name 'cpp03_action'
[0.461s] Level 1:colcon.colcon_core.package_discovery:discover_packages(recursive) using defaults
[0.461s] Level 1:colcon.colcon_core.package_discovery:discover_packages(ignore) discover
[0.461s] Level 1:colcon.colcon_core.package_discovery:discover_packages(ignore) using defaults
[0.461s] Level 1:colcon.colcon_core.package_discovery:discover_packages(path) discover
[0.461s] Level 1:colcon.colcon_core.package_discovery:discover_packages(path) using defaults
[0.504s] INFO:colcon.colcon_core.package_selection:Skipping not selected package 'base_interfaces_demo' in 'src/base_interfaces_demo'
[0.504s] INFO:colcon.colcon_core.package_selection:Skipping not selected package 'cpp01_topic' in 'src/cpp01_topic'
[0.504s] INFO:colcon.colcon_core.package_selection:Skipping not selected package 'cpp02_service' in 'src/cpp02_service'
[0.505s] Level 1:colcon.colcon_core.package_discovery:discover_packages(prefix_path) check parameters
[0.505s] Level 1:colcon.colcon_core.package_discovery:discover_packages(prefix_path) discover
[0.511s] DEBUG:colcon.colcon_installed_package_information.package_discovery:Found 4 installed packages in /home/haixin/ws01_plumbing/install
[0.512s] DEBUG:colcon.colcon_installed_package_information.package_discovery:Found 192 installed packages in /opt/ros/jazzy
[0.513s] Level 1:colcon.colcon_core.package_discovery:discover_packages(prefix_path) using defaults
[0.564s] Level 5:colcon.colcon_core.verb:set package 'cpp03_action' build argument 'cmake_args' from command line to 'None'
[0.564s] Level 5:colcon.colcon_core.verb:set package 'cpp03_action' build argument 'cmake_target' from command line to 'None'
[0.564s] Level 5:colcon.colcon_core.verb:set package 'cpp03_action' build argument 'cmake_target_skip_unavailable' from command line to 'False'
[0.564s] Level 5:colcon.colcon_core.verb:set package 'cpp03_action' build argument 'cmake_clean_cache' from command line to 'False'
[0.564s] Level 5:colcon.colcon_core.verb:set package 'cpp03_action' build argument 'cmake_clean_first' from command line to 'False'
[0.564s] Level 5:colcon.colcon_core.verb:set package 'cpp03_action' build argument 'cmake_force_configure' from command line to 'False'
[0.564s] Level 5:colcon.colcon_core.verb:set package 'cpp03_action' build argument 'ament_cmake_args' from command line to 'None'
[0.564s] Level 5:colcon.colcon_core.verb:set package 'cpp03_action' build argument 'catkin_cmake_args' from command line to 'None'
[0.564s] Level 5:colcon.colcon_core.verb:set package 'cpp03_action' build argument 'catkin_skip_building_tests' from command line to 'False'
[0.564s] DEBUG:colcon.colcon_core.verb:Building package 'cpp03_action' with the following arguments: {'ament_cmake_args': None, 'build_base': '/home/haixin/ws01_plumbing/build/cpp03_action', 'catkin_cmake_args': None, 'catkin_skip_building_tests': False, 'cmake_args': None, 'cmake_clean_cache': False, 'cmake_clean_first': False, 'cmake_force_configure': False, 'cmake_target': None, 'cmake_target_skip_unavailable': False, 'install_base': '/home/haixin/ws01_plumbing/install/cpp03_action', 'merge_install': False, 'path': '/home/haixin/ws01_plumbing/src/cpp03_action', 'symlink_install': False, 'test_result_base': None}
[0.565s] INFO:colcon.colcon_core.executor:Executing jobs using 'parallel' executor
[0.566s] DEBUG:colcon.colcon_parallel_executor.executor.parallel:run_until_complete
[0.567s] INFO:colcon.colcon_ros.task.ament_cmake.build:Building ROS package in '/home/haixin/ws01_plumbing/src/cpp03_action' with build type 'ament_cmake'
[0.567s] INFO:colcon.colcon_cmake.task.cmake.build:Building CMake package in '/home/haixin/ws01_plumbing/src/cpp03_action'
[0.578s] INFO:colcon.colcon_core.plugin_system:Skipping extension 'colcon_core.shell.bat': Not used on non-Windows systems
[0.579s] INFO:colcon.colcon_core.shell:Skip shell extension 'powershell' for command environment: Not usable outside of PowerShell
[0.579s] DEBUG:colcon.colcon_core.shell:Skip shell extension 'dsv' for command environment
[0.603s] DEBUG:colcon.colcon_core.event_handler.log_command:Invoking command in '/home/haixin/ws01_plumbing/build/cpp03_action': CMAKE_PREFIX_PATH=/home/haixin/ws01_plumbing/install/base_interfaces_demo:/home/haixin/ws01_plumbing/install/cpp03_action:/home/haixin/ws01_plumbing/install/cpp02_service:/home/haixin/ws01_plumbing/install/cpp01_topic:/opt/ros/jazzy /usr/bin/cmake /home/haixin/ws01_plumbing/src/cpp03_action -DCMAKE_INSTALL_PREFIX=/home/haixin/ws01_plumbing/install/cpp03_action
[2.239s] DEBUG:colcon.colcon_core.event_handler.log_command:Invoked command in '/home/haixin/ws01_plumbing/build/cpp03_action' returned '0': CMAKE_PREFIX_PATH=/home/haixin/ws01_plumbing/install/base_interfaces_demo:/home/haixin/ws01_plumbing/install/cpp03_action:/home/haixin/ws01_plumbing/install/cpp02_service:/home/haixin/ws01_plumbing/install/cpp01_topic:/opt/ros/jazzy /usr/bin/cmake /home/haixin/ws01_plumbing/src/cpp03_action -DCMAKE_INSTALL_PREFIX=/home/haixin/ws01_plumbing/install/cpp03_action
[2.241s] DEBUG:colcon.colcon_core.event_handler.log_command:Invoking command in '/home/haixin/ws01_plumbing/build/cpp03_action': CMAKE_PREFIX_PATH=/home/haixin/ws01_plumbing/install/base_interfaces_demo:/home/haixin/ws01_plumbing/install/cpp03_action:/home/haixin/ws01_plumbing/install/cpp02_service:/home/haixin/ws01_plumbing/install/cpp01_topic:/opt/ros/jazzy /usr/bin/cmake --build /home/haixin/ws01_plumbing/build/cpp03_action -- -j4 -l4
[9.001s] DEBUG:colcon.colcon_core.event_handler.log_command:Invoked command in '/home/haixin/ws01_plumbing/build/cpp03_action' returned '0': CMAKE_PREFIX_PATH=/home/haixin/ws01_plumbing/install/base_interfaces_demo:/home/haixin/ws01_plumbing/install/cpp03_action:/home/haixin/ws01_plumbing/install/cpp02_service:/home/haixin/ws01_plumbing/install/cpp01_topic:/opt/ros/jazzy /usr/bin/cmake --build /home/haixin/ws01_plumbing/build/cpp03_action -- -j4 -l4
[9.020s] DEBUG:colcon.colcon_core.event_handler.log_command:Invoking command in '/home/haixin/ws01_plumbing/build/cpp03_action': CMAKE_PREFIX_PATH=/home/haixin/ws01_plumbing/install/base_interfaces_demo:/home/haixin/ws01_plumbing/install/cpp03_action:/home/haixin/ws01_plumbing/install/cpp02_service:/home/haixin/ws01_plumbing/install/cpp01_topic:/opt/ros/jazzy /usr/bin/cmake --install /home/haixin/ws01_plumbing/build/cpp03_action
[9.044s] Level 1:colcon.colcon_core.environment:create_environment_scripts_only(cpp03_action)
[9.045s] DEBUG:colcon.colcon_core.event_handler.log_command:Invoked command in '/home/haixin/ws01_plumbing/build/cpp03_action' returned '0': CMAKE_PREFIX_PATH=/home/haixin/ws01_plumbing/install/base_interfaces_demo:/home/haixin/ws01_plumbing/install/cpp03_action:/home/haixin/ws01_plumbing/install/cpp02_service:/home/haixin/ws01_plumbing/install/cpp01_topic:/opt/ros/jazzy /usr/bin/cmake --install /home/haixin/ws01_plumbing/build/cpp03_action
[9.056s] Level 1:colcon.colcon_core.environment:checking '/home/haixin/ws01_plumbing/install/cpp03_action' for CMake module files
[9.057s] Level 1:colcon.colcon_core.environment:checking '/home/haixin/ws01_plumbing/install/cpp03_action' for CMake config files
[9.057s] Level 1:colcon.colcon_core.shell:create_environment_hook('cpp03_action', 'cmake_prefix_path')
[9.058s] INFO:colcon.colcon_core.shell:Creating environment hook '/home/haixin/ws01_plumbing/install/cpp03_action/share/cpp03_action/hook/cmake_prefix_path.ps1'
[9.059s] INFO:colcon.colcon_core.shell:Creating environment descriptor '/home/haixin/ws01_plumbing/install/cpp03_action/share/cpp03_action/hook/cmake_prefix_path.dsv'
[9.061s] INFO:colcon.colcon_core.shell:Creating environment hook '/home/haixin/ws01_plumbing/install/cpp03_action/share/cpp03_action/hook/cmake_prefix_path.sh'
[9.063s] Level 1:colcon.colcon_core.environment:checking '/home/haixin/ws01_plumbing/install/cpp03_action/lib'
[9.063s] Level 1:colcon.colcon_core.environment:checking '/home/haixin/ws01_plumbing/install/cpp03_action/bin'
[9.063s] Level 1:colcon.colcon_core.environment:checking '/home/haixin/ws01_plumbing/install/cpp03_action/lib/pkgconfig/cpp03_action.pc'
[9.064s] Level 1:colcon.colcon_core.environment:checking '/home/haixin/ws01_plumbing/install/cpp03_action/lib/python3.12/site-packages'
[9.064s] Level 1:colcon.colcon_core.environment:checking '/home/haixin/ws01_plumbing/install/cpp03_action/bin'
[9.064s] INFO:colcon.colcon_core.shell:Creating package script '/home/haixin/ws01_plumbing/install/cpp03_action/share/cpp03_action/package.ps1'
[9.066s] INFO:colcon.colcon_core.shell:Creating package descriptor '/home/haixin/ws01_plumbing/install/cpp03_action/share/cpp03_action/package.dsv'
[9.067s] INFO:colcon.colcon_core.shell:Creating package script '/home/haixin/ws01_plumbing/install/cpp03_action/share/cpp03_action/package.sh'
[9.069s] INFO:colcon.colcon_core.shell:Creating package script '/home/haixin/ws01_plumbing/install/cpp03_action/share/cpp03_action/package.bash'
[9.071s] INFO:colcon.colcon_core.shell:Creating package script '/home/haixin/ws01_plumbing/install/cpp03_action/share/cpp03_action/package.zsh'
[9.073s] Level 1:colcon.colcon_core.environment:create_file_with_runtime_dependencies(/home/haixin/ws01_plumbing/install/cpp03_action/share/colcon-core/packages/cpp03_action)
[9.075s] Level 1:colcon.colcon_core.environment:create_environment_scripts_only(cpp03_action)
[9.076s] Level 1:colcon.colcon_core.environment:checking '/home/haixin/ws01_plumbing/install/cpp03_action' for CMake module files
[9.076s] Level 1:colcon.colcon_core.environment:checking '/home/haixin/ws01_plumbing/install/cpp03_action' for CMake config files
[9.077s] Level 1:colcon.colcon_core.shell:create_environment_hook('cpp03_action', 'cmake_prefix_path')
[9.077s] INFO:colcon.colcon_core.shell:Creating environment hook '/home/haixin/ws01_plumbing/install/cpp03_action/share/cpp03_action/hook/cmake_prefix_path.ps1'
[9.078s] INFO:colcon.colcon_core.shell:Creating environment descriptor '/home/haixin/ws01_plumbing/install/cpp03_action/share/cpp03_action/hook/cmake_prefix_path.dsv'
[9.079s] INFO:colcon.colcon_core.shell:Creating environment hook '/home/haixin/ws01_plumbing/install/cpp03_action/share/cpp03_action/hook/cmake_prefix_path.sh'
[9.080s] Level 1:colcon.colcon_core.environment:checking '/home/haixin/ws01_plumbing/install/cpp03_action/lib'
[9.080s] Level 1:colcon.colcon_core.environment:checking '/home/haixin/ws01_plumbing/install/cpp03_action/bin'
[9.080s] Level 1:colcon.colcon_core.environment:checking '/home/haixin/ws01_plumbing/install/cpp03_action/lib/pkgconfig/cpp03_action.pc'
[9.080s] Level 1:colcon.colcon_core.environment:checking '/home/haixin/ws01_plumbing/install/cpp03_action/lib/python3.12/site-packages'
[9.080s] Level 1:colcon.colcon_core.environment:checking '/home/haixin/ws01_plumbing/install/cpp03_action/bin'
[9.081s] INFO:colcon.colcon_core.shell:Creating package script '/home/haixin/ws01_plumbing/install/cpp03_action/share/cpp03_action/package.ps1'
[9.082s] INFO:colcon.colcon_core.shell:Creating package descriptor '/home/haixin/ws01_plumbing/install/cpp03_action/share/cpp03_action/package.dsv'
[9.082s] INFO:colcon.colcon_core.shell:Creating package script '/home/haixin/ws01_plumbing/install/cpp03_action/share/cpp03_action/package.sh'
[9.083s] INFO:colcon.colcon_core.shell:Creating package script '/home/haixin/ws01_plumbing/install/cpp03_action/share/cpp03_action/package.bash'
[9.084s] INFO:colcon.colcon_core.shell:Creating package script '/home/haixin/ws01_plumbing/install/cpp03_action/share/cpp03_action/package.zsh'
[9.084s] Level 1:colcon.colcon_core.environment:create_file_with_runtime_dependencies(/home/haixin/ws01_plumbing/install/cpp03_action/share/colcon-core/packages/cpp03_action)
[9.085s] DEBUG:colcon.colcon_parallel_executor.executor.parallel:closing loop
[9.086s] DEBUG:colcon.colcon_parallel_executor.executor.parallel:loop closed
[9.086s] DEBUG:colcon.colcon_parallel_executor.executor.parallel:run_until_complete finished with '0'
[9.086s] DEBUG:colcon.colcon_core.event_reactor:joining thread
[9.106s] INFO:colcon.colcon_core.plugin_system:Skipping extension 'colcon_notification.desktop_notification.notify_send': Could not find 'notify-send'
[9.106s] INFO:colcon.colcon_core.plugin_system:Skipping extension 'colcon_notification.desktop_notification.terminal_notifier': Not used on non-Darwin systems
[9.106s] INFO:colcon.colcon_core.plugin_system:Skipping extension 'colcon_notification.desktop_notification.win32': Not used on non-Windows systems
[9.106s] INFO:colcon.colcon_notification.desktop_notification:Sending desktop notification using 'notify2'
[9.108s] DEBUG:colcon.colcon_notification.desktop_notification.notify2:Failed to initialize notify2: org.freedesktop.DBus.Error.ServiceUnknown: The name org.freedesktop.Notifications was not provided by any .service files
[9.108s] DEBUG:colcon.colcon_core.event_reactor:joined thread
[9.108s] INFO:colcon.colcon_core.shell:Creating prefix script '/home/haixin/ws01_plumbing/install/local_setup.ps1'
[9.110s] INFO:colcon.colcon_core.shell:Creating prefix util module '/home/haixin/ws01_plumbing/install/_local_setup_util_ps1.py'
[9.113s] INFO:colcon.colcon_core.shell:Creating prefix chain script '/home/haixin/ws01_plumbing/install/setup.ps1'
[9.115s] INFO:colcon.colcon_core.shell:Creating prefix script '/home/haixin/ws01_plumbing/install/local_setup.sh'
[9.116s] INFO:colcon.colcon_core.shell:Creating prefix util module '/home/haixin/ws01_plumbing/install/_local_setup_util_sh.py'
[9.117s] INFO:colcon.colcon_core.shell:Creating prefix chain script '/home/haixin/ws01_plumbing/install/setup.sh'
[9.122s] INFO:colcon.colcon_core.shell:Creating prefix script '/home/haixin/ws01_plumbing/install/local_setup.bash'
[9.124s] INFO:colcon.colcon_core.shell:Creating prefix chain script '/home/haixin/ws01_plumbing/install/setup.bash'
[9.126s] INFO:colcon.colcon_core.shell:Creating prefix script '/home/haixin/ws01_plumbing/install/local_setup.zsh'
[9.129s] INFO:colcon.colcon_core.shell:Creating prefix chain script '/home/haixin/ws01_plumbing/install/setup.zsh'
