[0.016s] Invoking command in '/home/haixin/ws01_plumbing/build/cpp04_param': CMAKE_PREFIX_PATH=${CMAKE_PREFIX_PATH}:/opt/ros/jazzy /usr/bin/cmake --build /home/haixin/ws01_plumbing/build/cpp04_param -- -j4 -l4
[0.116s] [ 66%] Built target demo00_param
[0.117s] [ 66%] Built target demo02_param_client
[0.128s] [ 83%] [32mBuilding CXX object CMakeFiles/demo01_param_server.dir/src/demo01_param_server.cpp.o[0m
[4.658s] [100%] [32m[1mLinking CXX executable demo01_param_server[0m
[4.888s] [100%] Built target demo01_param_server
[4.910s] Invoked command in '/home/haixin/ws01_plumbing/build/cpp04_param' returned '0': CMAKE_PREFIX_PATH=${CMAKE_PREFIX_PATH}:/opt/ros/jazzy /usr/bin/cmake --build /home/haixin/ws01_plumbing/build/cpp04_param -- -j4 -l4
[4.928s] Invoking command in '/home/haixin/ws01_plumbing/build/cpp04_param': CMAKE_PREFIX_PATH=${CMAKE_PREFIX_PATH}:/opt/ros/jazzy /usr/bin/cmake --install /home/haixin/ws01_plumbing/build/cpp04_param
[4.941s] -- Install configuration: ""
[4.942s] -- Up-to-date: /home/haixin/ws01_plumbing/install/cpp04_param/lib/cpp04_param/demo00_param
[4.942s] -- Installing: /home/haixin/ws01_plumbing/install/cpp04_param/lib/cpp04_param/demo01_param_server
[4.943s] -- Set non-toolchain portion of runtime path of "/home/haixin/ws01_plumbing/install/cpp04_param/lib/cpp04_param/demo01_param_server" to ""
[4.944s] -- Up-to-date: /home/haixin/ws01_plumbing/install/cpp04_param/lib/cpp04_param/demo02_param_client
[4.944s] -- Up-to-date: /home/haixin/ws01_plumbing/install/cpp04_param/share/ament_index/resource_index/package_run_dependencies/cpp04_param
[4.944s] -- Up-to-date: /home/haixin/ws01_plumbing/install/cpp04_param/share/ament_index/resource_index/parent_prefix_path/cpp04_param
[4.944s] -- Up-to-date: /home/haixin/ws01_plumbing/install/cpp04_param/share/cpp04_param/environment/ament_prefix_path.sh
[4.944s] -- Up-to-date: /home/haixin/ws01_plumbing/install/cpp04_param/share/cpp04_param/environment/ament_prefix_path.dsv
[4.944s] -- Up-to-date: /home/haixin/ws01_plumbing/install/cpp04_param/share/cpp04_param/environment/path.sh
[4.944s] -- Up-to-date: /home/haixin/ws01_plumbing/install/cpp04_param/share/cpp04_param/environment/path.dsv
[4.945s] -- Up-to-date: /home/haixin/ws01_plumbing/install/cpp04_param/share/cpp04_param/local_setup.bash
[4.945s] -- Up-to-date: /home/haixin/ws01_plumbing/install/cpp04_param/share/cpp04_param/local_setup.sh
[4.945s] -- Up-to-date: /home/haixin/ws01_plumbing/install/cpp04_param/share/cpp04_param/local_setup.zsh
[4.945s] -- Up-to-date: /home/haixin/ws01_plumbing/install/cpp04_param/share/cpp04_param/local_setup.dsv
[4.945s] -- Installing: /home/haixin/ws01_plumbing/install/cpp04_param/share/cpp04_param/package.dsv
[4.945s] -- Up-to-date: /home/haixin/ws01_plumbing/install/cpp04_param/share/ament_index/resource_index/packages/cpp04_param
[4.945s] -- Up-to-date: /home/haixin/ws01_plumbing/install/cpp04_param/share/cpp04_param/cmake/cpp04_paramConfig.cmake
[4.945s] -- Up-to-date: /home/haixin/ws01_plumbing/install/cpp04_param/share/cpp04_param/cmake/cpp04_paramConfig-version.cmake
[4.945s] -- Up-to-date: /home/haixin/ws01_plumbing/install/cpp04_param/share/cpp04_param/package.xml
[4.948s] Invoked command in '/home/haixin/ws01_plumbing/build/cpp04_param' returned '0': CMAKE_PREFIX_PATH=${CMAKE_PREFIX_PATH}:/opt/ros/jazzy /usr/bin/cmake --install /home/haixin/ws01_plumbing/build/cpp04_param
