[0.029s] Invoking command in '/home/haixin/ws01_plumbing/build/base_interfaces_demo': CMAKE_PREFIX_PATH=${CMAKE_PREFIX_PATH}:/opt/ros/jazzy /usr/bin/cmake --build /home/haixin/ws01_plumbing/build/base_interfaces_demo -- -j4 -l4
[0.274s] -- Found ament_cmake: 2.5.4 (/opt/ros/jazzy/share/ament_cmake/cmake)
[0.339s] -- Found Python3: /usr/bin/python3 (found version "3.12.3") found components: Interpreter 
[0.535s] -- Found rosidl_default_generators: 1.6.0 (/opt/ros/jazzy/share/rosidl_default_generators/cmake)
[0.547s] -- Using all available rosidl_typesupport_c: rosidl_typesupport_fastrtps_c;rosidl_typesupport_introspection_c
[0.645s] -- Using all available rosidl_typesupport_cpp: rosidl_typesupport_fastrtps_cpp;rosidl_typesupport_introspection_cpp
[0.733s] -- Found rosidl_adapter: 4.6.5 (/opt/ros/jazzy/share/rosidl_adapter/cmake)
[1.253s] -- Found ament_cmake_ros: 0.12.0 (/opt/ros/jazzy/share/ament_cmake_ros/cmake)
[1.425s] -- Using all available rosidl_typesupport_c: rosidl_typesupport_fastrtps_c;rosidl_typesupport_introspection_c
[1.628s] -- Using all available rosidl_typesupport_cpp: rosidl_typesupport_fastrtps_cpp;rosidl_typesupport_introspection_cpp
[1.631s] -- Found python_cmake_module: 0.11.1 (/opt/ros/jazzy/share/python_cmake_module/cmake)
[2.303s] -- Found Python3: /usr/bin/python3 (found version "3.12.3") found components: Interpreter Development NumPy Development.Module Development.Embed 
[2.324s] -- Found ament_lint_auto: 0.17.2 (/opt/ros/jazzy/share/ament_lint_auto/cmake)
[2.362s] -- Added test 'lint_cmake' to check CMake code style
[2.364s] -- Added test 'xmllint' to check XML markup files
[2.372s] -- Configuring done (2.1s)
[2.603s] -- Generating done (0.2s)
[2.662s] -- Build files have been written to: /home/haixin/ws01_plumbing/build/base_interfaces_demo
[2.729s] [  2%] [34m[1mGenerating type hashes for ROS interfaces[0m
[2.751s] [  2%] Built target ament_cmake_python_copy_base_interfaces_demo
[3.049s] running egg_info
[3.071s] writing base_interfaces_demo.egg-info/PKG-INFO
[3.072s] writing dependency_links to base_interfaces_demo.egg-info/dependency_links.txt
[3.073s] writing top-level names to base_interfaces_demo.egg-info/top_level.txt
[3.082s] [  2%] Built target base_interfaces_demo__rosidl_generator_type_description
[3.101s] [  4%] [34m[1mGenerating C code for ROS interfaces[0m
[3.120s] [  6%] [34m[1mGenerating C++ code for ROS interfaces[0m
[3.146s] reading manifest file 'base_interfaces_demo.egg-info/SOURCES.txt'
[3.148s] writing manifest file 'base_interfaces_demo.egg-info/SOURCES.txt'
[3.243s] [  6%] Built target ament_cmake_python_build_base_interfaces_demo_egg
[3.685s] [  6%] Built target base_interfaces_demo__cpp
[3.765s] [ 13%] [32mBuilding C object CMakeFiles/base_interfaces_demo__rosidl_generator_c.dir/rosidl_generator_c/base_interfaces_demo/srv/detail/add_ints__description.c.o[0m
[3.768s] [ 13%] [32mBuilding C object CMakeFiles/base_interfaces_demo__rosidl_generator_c.dir/rosidl_generator_c/base_interfaces_demo/msg/detail/student__type_support.c.o[0m
[3.768s] [ 13%] [32mBuilding C object CMakeFiles/base_interfaces_demo__rosidl_generator_c.dir/rosidl_generator_c/base_interfaces_demo/msg/detail/student__description.c.o[0m
[3.768s] [ 15%] [32mBuilding C object CMakeFiles/base_interfaces_demo__rosidl_generator_c.dir/rosidl_generator_c/base_interfaces_demo/msg/detail/student__functions.c.o[0m
[4.109s] [ 18%] [32mBuilding C object CMakeFiles/base_interfaces_demo__rosidl_generator_c.dir/rosidl_generator_c/base_interfaces_demo/srv/detail/add_ints__functions.c.o[0m
[4.167s] [ 20%] [32mBuilding C object CMakeFiles/base_interfaces_demo__rosidl_generator_c.dir/rosidl_generator_c/base_interfaces_demo/srv/detail/add_ints__type_support.c.o[0m
[4.246s] [ 22%] [32m[1mLinking C shared library libbase_interfaces_demo__rosidl_generator_c.so[0m
[4.355s] [ 22%] Built target base_interfaces_demo__rosidl_generator_c
[4.379s] [ 31%] [34m[1mGenerating C type support dispatch for ROS interfaces[0m
[4.379s] [ 31%] [34m[1mGenerating C++ type support for eProsima Fast-RTPS[0m
[4.379s] [ 31%] [34m[1mGenerating C++ introspection for ROS interfaces[0m
[4.383s] [ 31%] [34m[1mGenerating C++ type support dispatch for ROS interfaces[0m
[4.956s] [ 34%] [32mBuilding CXX object CMakeFiles/base_interfaces_demo__rosidl_typesupport_c.dir/rosidl_typesupport_c/base_interfaces_demo/msg/student__type_support.cpp.o[0m
[4.967s] [ 36%] [32mBuilding CXX object CMakeFiles/base_interfaces_demo__rosidl_typesupport_cpp.dir/rosidl_typesupport_cpp/base_interfaces_demo/msg/student__type_support.cpp.o[0m
[4.973s] [ 38%] [32mBuilding CXX object CMakeFiles/base_interfaces_demo__rosidl_typesupport_introspection_cpp.dir/rosidl_typesupport_introspection_cpp/base_interfaces_demo/msg/detail/student__type_support.cpp.o[0m
[5.083s] [ 40%] [32mBuilding CXX object CMakeFiles/base_interfaces_demo__rosidl_typesupport_fastrtps_cpp.dir/rosidl_typesupport_fastrtps_cpp/base_interfaces_demo/msg/detail/dds_fastrtps/student__type_support.cpp.o[0m
[5.383s] [ 43%] [32mBuilding CXX object CMakeFiles/base_interfaces_demo__rosidl_typesupport_c.dir/rosidl_typesupport_c/base_interfaces_demo/srv/add_ints__type_support.cpp.o[0m
[5.489s] [ 45%] [32m[1mLinking CXX shared library libbase_interfaces_demo__rosidl_typesupport_c.so[0m
[5.592s] [ 45%] Built target base_interfaces_demo__rosidl_typesupport_c
[5.616s] [ 47%] [32mBuilding CXX object CMakeFiles/base_interfaces_demo__rosidl_typesupport_introspection_cpp.dir/rosidl_typesupport_introspection_cpp/base_interfaces_demo/srv/detail/add_ints__type_support.cpp.o[0m
[5.923s] [ 50%] [32mBuilding CXX object CMakeFiles/base_interfaces_demo__rosidl_typesupport_cpp.dir/rosidl_typesupport_cpp/base_interfaces_demo/srv/add_ints__type_support.cpp.o[0m
[5.950s] [ 52%] [34m[1mGenerating C type support for eProsima Fast-RTPS[0m
[6.346s] [ 54%] [32mBuilding CXX object CMakeFiles/base_interfaces_demo__rosidl_typesupport_fastrtps_cpp.dir/rosidl_typesupport_fastrtps_cpp/base_interfaces_demo/srv/detail/dds_fastrtps/add_ints__type_support.cpp.o[0m
[6.562s] [ 56%] [32m[1mLinking CXX shared library libbase_interfaces_demo__rosidl_typesupport_introspection_cpp.so[0m
[6.784s] [ 56%] Built target base_interfaces_demo__rosidl_typesupport_introspection_cpp
[6.808s] [ 59%] [34m[1mGenerating C introspection for ROS interfaces[0m
[6.828s] [ 61%] [32mBuilding CXX object CMakeFiles/base_interfaces_demo__rosidl_typesupport_fastrtps_c.dir/rosidl_typesupport_fastrtps_c/base_interfaces_demo/msg/detail/student__type_support_c.cpp.o[0m
[6.841s] [ 63%] [32m[1mLinking CXX shared library libbase_interfaces_demo__rosidl_typesupport_cpp.so[0m
[7.045s] [ 63%] Built target base_interfaces_demo__rosidl_typesupport_cpp
[7.069s] [ 65%] [32mBuilding CXX object CMakeFiles/base_interfaces_demo__rosidl_typesupport_fastrtps_c.dir/rosidl_typesupport_fastrtps_c/base_interfaces_demo/srv/detail/add_ints__type_support_c.cpp.o[0m
[7.542s] [ 68%] [32mBuilding C object CMakeFiles/base_interfaces_demo__rosidl_typesupport_introspection_c.dir/rosidl_typesupport_introspection_c/base_interfaces_demo/msg/detail/student__type_support.c.o[0m
[7.635s] [ 70%] [32mBuilding C object CMakeFiles/base_interfaces_demo__rosidl_typesupport_introspection_c.dir/rosidl_typesupport_introspection_c/base_interfaces_demo/srv/detail/add_ints__type_support.c.o[0m
[7.753s] [ 72%] [32m[1mLinking C shared library libbase_interfaces_demo__rosidl_typesupport_introspection_c.so[0m
[7.832s] [ 75%] [32m[1mLinking CXX shared library libbase_interfaces_demo__rosidl_typesupport_fastrtps_cpp.so[0m
[7.834s] [ 75%] Built target base_interfaces_demo__rosidl_typesupport_introspection_c
[8.007s] [ 75%] Built target base_interfaces_demo__rosidl_typesupport_fastrtps_cpp
[8.102s] [ 77%] [32m[1mLinking CXX shared library libbase_interfaces_demo__rosidl_typesupport_fastrtps_c.so[0m
[8.255s] [ 77%] Built target base_interfaces_demo__rosidl_typesupport_fastrtps_c
[8.292s] [ 77%] Built target base_interfaces_demo
[8.327s] [ 79%] [34m[1mGenerating Python code for ROS interfaces[0m
[8.944s] [ 79%] Built target base_interfaces_demo__py
[8.991s] [ 81%] [32mBuilding C object CMakeFiles/base_interfaces_demo__rosidl_generator_py.dir/rosidl_generator_py/base_interfaces_demo/msg/_student_s.c.o[0m
[8.991s] [ 84%] [32mBuilding C object CMakeFiles/base_interfaces_demo__rosidl_generator_py.dir/rosidl_generator_py/base_interfaces_demo/srv/_add_ints_s.c.o[0m
[9.310s] [ 86%] [32m[1mLinking C shared library libbase_interfaces_demo__rosidl_generator_py.so[0m
[9.398s] [ 86%] Built target base_interfaces_demo__rosidl_generator_py
[9.446s] [ 90%] [32mBuilding C object CMakeFiles/base_interfaces_demo_s__rosidl_typesupport_introspection_c.dir/rosidl_generator_py/base_interfaces_demo/_base_interfaces_demo_s.ep.rosidl_typesupport_introspection_c.c.o[0m
[9.446s] [ 90%] [32mBuilding C object CMakeFiles/base_interfaces_demo_s__rosidl_typesupport_c.dir/rosidl_generator_py/base_interfaces_demo/_base_interfaces_demo_s.ep.rosidl_typesupport_c.c.o[0m
[9.447s] [ 93%] [32mBuilding C object CMakeFiles/base_interfaces_demo_s__rosidl_typesupport_fastrtps_c.dir/rosidl_generator_py/base_interfaces_demo/_base_interfaces_demo_s.ep.rosidl_typesupport_fastrtps_c.c.o[0m
[9.648s] [ 95%] [32m[1mLinking C shared module rosidl_generator_py/base_interfaces_demo/base_interfaces_demo_s__rosidl_typesupport_c.so[0m
[9.651s] [ 97%] [32m[1mLinking C shared module rosidl_generator_py/base_interfaces_demo/base_interfaces_demo_s__rosidl_typesupport_introspection_c.so[0m
[9.668s] [100%] [32m[1mLinking C shared module rosidl_generator_py/base_interfaces_demo/base_interfaces_demo_s__rosidl_typesupport_fastrtps_c.so[0m
[9.715s] [100%] Built target base_interfaces_demo_s__rosidl_typesupport_c
[9.717s] [100%] Built target base_interfaces_demo_s__rosidl_typesupport_introspection_c
[9.733s] [100%] Built target base_interfaces_demo_s__rosidl_typesupport_fastrtps_c
[9.753s] Invoked command in '/home/haixin/ws01_plumbing/build/base_interfaces_demo' returned '0': CMAKE_PREFIX_PATH=${CMAKE_PREFIX_PATH}:/opt/ros/jazzy /usr/bin/cmake --build /home/haixin/ws01_plumbing/build/base_interfaces_demo -- -j4 -l4
[9.770s] Invoking command in '/home/haixin/ws01_plumbing/build/base_interfaces_demo': CMAKE_PREFIX_PATH=${CMAKE_PREFIX_PATH}:/opt/ros/jazzy /usr/bin/cmake --install /home/haixin/ws01_plumbing/build/base_interfaces_demo
[9.784s] -- Install configuration: ""
[9.784s] -- Installing: /home/haixin/ws01_plumbing/install/base_interfaces_demo/share/ament_index/resource_index/rosidl_interfaces/base_interfaces_demo
[9.784s] -- Installing: /home/haixin/ws01_plumbing/install/base_interfaces_demo/share/base_interfaces_demo/msg/Student.json
[9.784s] -- Installing: /home/haixin/ws01_plumbing/install/base_interfaces_demo/share/base_interfaces_demo/srv/AddInts.json
[9.785s] -- Up-to-date: /home/haixin/ws01_plumbing/install/base_interfaces_demo/include/base_interfaces_demo/base_interfaces_demo
[9.785s] -- Up-to-date: /home/haixin/ws01_plumbing/install/base_interfaces_demo/include/base_interfaces_demo/base_interfaces_demo/msg
[9.785s] -- Up-to-date: /home/haixin/ws01_plumbing/install/base_interfaces_demo/include/base_interfaces_demo/base_interfaces_demo/msg/rosidl_generator_c__visibility_control.h
[9.785s] -- Up-to-date: /home/haixin/ws01_plumbing/install/base_interfaces_demo/include/base_interfaces_demo/base_interfaces_demo/msg/detail
[9.785s] -- Installing: /home/haixin/ws01_plumbing/install/base_interfaces_demo/include/base_interfaces_demo/base_interfaces_demo/msg/detail/student__functions.c
[9.785s] -- Installing: /home/haixin/ws01_plumbing/install/base_interfaces_demo/include/base_interfaces_demo/base_interfaces_demo/msg/detail/student__functions.h
[9.785s] -- Installing: /home/haixin/ws01_plumbing/install/base_interfaces_demo/include/base_interfaces_demo/base_interfaces_demo/msg/detail/student__description.c
[9.785s] -- Installing: /home/haixin/ws01_plumbing/install/base_interfaces_demo/include/base_interfaces_demo/base_interfaces_demo/msg/detail/student__type_support.c
[9.785s] -- Installing: /home/haixin/ws01_plumbing/install/base_interfaces_demo/include/base_interfaces_demo/base_interfaces_demo/msg/detail/student__struct.h
[9.786s] -- Installing: /home/haixin/ws01_plumbing/install/base_interfaces_demo/include/base_interfaces_demo/base_interfaces_demo/msg/detail/student__type_support.h
[9.786s] -- Installing: /home/haixin/ws01_plumbing/install/base_interfaces_demo/include/base_interfaces_demo/base_interfaces_demo/msg/student.h
[9.786s] -- Installing: /home/haixin/ws01_plumbing/install/base_interfaces_demo/include/base_interfaces_demo/base_interfaces_demo/srv
[9.786s] -- Installing: /home/haixin/ws01_plumbing/install/base_interfaces_demo/include/base_interfaces_demo/base_interfaces_demo/srv/add_ints.h
[9.786s] -- Installing: /home/haixin/ws01_plumbing/install/base_interfaces_demo/include/base_interfaces_demo/base_interfaces_demo/srv/detail
[9.786s] -- Installing: /home/haixin/ws01_plumbing/install/base_interfaces_demo/include/base_interfaces_demo/base_interfaces_demo/srv/detail/add_ints__type_support.h
[9.786s] -- Installing: /home/haixin/ws01_plumbing/install/base_interfaces_demo/include/base_interfaces_demo/base_interfaces_demo/srv/detail/add_ints__struct.h
[9.787s] -- Installing: /home/haixin/ws01_plumbing/install/base_interfaces_demo/include/base_interfaces_demo/base_interfaces_demo/srv/detail/add_ints__type_support.c
[9.787s] -- Installing: /home/haixin/ws01_plumbing/install/base_interfaces_demo/include/base_interfaces_demo/base_interfaces_demo/srv/detail/add_ints__functions.c
[9.787s] -- Installing: /home/haixin/ws01_plumbing/install/base_interfaces_demo/include/base_interfaces_demo/base_interfaces_demo/srv/detail/add_ints__functions.h
[9.787s] -- Installing: /home/haixin/ws01_plumbing/install/base_interfaces_demo/include/base_interfaces_demo/base_interfaces_demo/srv/detail/add_ints__description.c
[9.787s] -- Installing: /home/haixin/ws01_plumbing/install/base_interfaces_demo/share/base_interfaces_demo/environment/library_path.sh
[9.787s] -- Up-to-date: /home/haixin/ws01_plumbing/install/base_interfaces_demo/share/base_interfaces_demo/environment/library_path.dsv
[9.789s] -- Installing: /home/haixin/ws01_plumbing/install/base_interfaces_demo/lib/libbase_interfaces_demo__rosidl_generator_c.so
[9.790s] -- Set non-toolchain portion of runtime path of "/home/haixin/ws01_plumbing/install/base_interfaces_demo/lib/libbase_interfaces_demo__rosidl_generator_c.so" to ""
[9.790s] -- Up-to-date: /home/haixin/ws01_plumbing/install/base_interfaces_demo/include/base_interfaces_demo/base_interfaces_demo
[9.790s] -- Up-to-date: /home/haixin/ws01_plumbing/install/base_interfaces_demo/include/base_interfaces_demo/base_interfaces_demo/msg
[9.790s] -- Up-to-date: /home/haixin/ws01_plumbing/install/base_interfaces_demo/include/base_interfaces_demo/base_interfaces_demo/msg/rosidl_typesupport_fastrtps_c__visibility_control.h
[9.790s] -- Up-to-date: /home/haixin/ws01_plumbing/install/base_interfaces_demo/include/base_interfaces_demo/base_interfaces_demo/msg/detail
[9.790s] -- Installing: /home/haixin/ws01_plumbing/install/base_interfaces_demo/include/base_interfaces_demo/base_interfaces_demo/msg/detail/student__rosidl_typesupport_fastrtps_c.h
[9.790s] -- Up-to-date: /home/haixin/ws01_plumbing/install/base_interfaces_demo/include/base_interfaces_demo/base_interfaces_demo/srv
[9.790s] -- Up-to-date: /home/haixin/ws01_plumbing/install/base_interfaces_demo/include/base_interfaces_demo/base_interfaces_demo/srv/detail
[9.791s] -- Installing: /home/haixin/ws01_plumbing/install/base_interfaces_demo/include/base_interfaces_demo/base_interfaces_demo/srv/detail/add_ints__rosidl_typesupport_fastrtps_c.h
[9.792s] -- Installing: /home/haixin/ws01_plumbing/install/base_interfaces_demo/lib/libbase_interfaces_demo__rosidl_typesupport_fastrtps_c.so
[9.792s] -- Set non-toolchain portion of runtime path of "/home/haixin/ws01_plumbing/install/base_interfaces_demo/lib/libbase_interfaces_demo__rosidl_typesupport_fastrtps_c.so" to ""
[9.793s] -- Up-to-date: /home/haixin/ws01_plumbing/install/base_interfaces_demo/include/base_interfaces_demo/base_interfaces_demo
[9.793s] -- Up-to-date: /home/haixin/ws01_plumbing/install/base_interfaces_demo/include/base_interfaces_demo/base_interfaces_demo/msg
[9.793s] -- Up-to-date: /home/haixin/ws01_plumbing/install/base_interfaces_demo/include/base_interfaces_demo/base_interfaces_demo/msg/detail
[9.793s] -- Installing: /home/haixin/ws01_plumbing/install/base_interfaces_demo/include/base_interfaces_demo/base_interfaces_demo/msg/detail/student__type_support.c
[9.793s] -- Installing: /home/haixin/ws01_plumbing/install/base_interfaces_demo/include/base_interfaces_demo/base_interfaces_demo/msg/detail/student__rosidl_typesupport_introspection_c.h
[9.793s] -- Up-to-date: /home/haixin/ws01_plumbing/install/base_interfaces_demo/include/base_interfaces_demo/base_interfaces_demo/msg/rosidl_typesupport_introspection_c__visibility_control.h
[9.793s] -- Up-to-date: /home/haixin/ws01_plumbing/install/base_interfaces_demo/include/base_interfaces_demo/base_interfaces_demo/srv
[9.793s] -- Up-to-date: /home/haixin/ws01_plumbing/install/base_interfaces_demo/include/base_interfaces_demo/base_interfaces_demo/srv/detail
[9.794s] -- Installing: /home/haixin/ws01_plumbing/install/base_interfaces_demo/include/base_interfaces_demo/base_interfaces_demo/srv/detail/add_ints__rosidl_typesupport_introspection_c.h
[9.794s] -- Installing: /home/haixin/ws01_plumbing/install/base_interfaces_demo/include/base_interfaces_demo/base_interfaces_demo/srv/detail/add_ints__type_support.c
[9.795s] -- Installing: /home/haixin/ws01_plumbing/install/base_interfaces_demo/lib/libbase_interfaces_demo__rosidl_typesupport_introspection_c.so
[9.795s] -- Set non-toolchain portion of runtime path of "/home/haixin/ws01_plumbing/install/base_interfaces_demo/lib/libbase_interfaces_demo__rosidl_typesupport_introspection_c.so" to ""
[9.797s] -- Installing: /home/haixin/ws01_plumbing/install/base_interfaces_demo/lib/libbase_interfaces_demo__rosidl_typesupport_c.so
[9.797s] -- Set non-toolchain portion of runtime path of "/home/haixin/ws01_plumbing/install/base_interfaces_demo/lib/libbase_interfaces_demo__rosidl_typesupport_c.so" to ""
[9.797s] -- Up-to-date: /home/haixin/ws01_plumbing/install/base_interfaces_demo/include/base_interfaces_demo/base_interfaces_demo
[9.797s] -- Up-to-date: /home/haixin/ws01_plumbing/install/base_interfaces_demo/include/base_interfaces_demo/base_interfaces_demo/msg
[9.798s] -- Installing: /home/haixin/ws01_plumbing/install/base_interfaces_demo/include/base_interfaces_demo/base_interfaces_demo/msg/rosidl_generator_cpp__visibility_control.hpp
[9.798s] -- Installing: /home/haixin/ws01_plumbing/install/base_interfaces_demo/include/base_interfaces_demo/base_interfaces_demo/msg/student.hpp
[9.798s] -- Up-to-date: /home/haixin/ws01_plumbing/install/base_interfaces_demo/include/base_interfaces_demo/base_interfaces_demo/msg/detail
[9.798s] -- Installing: /home/haixin/ws01_plumbing/install/base_interfaces_demo/include/base_interfaces_demo/base_interfaces_demo/msg/detail/student__builder.hpp
[9.798s] -- Installing: /home/haixin/ws01_plumbing/install/base_interfaces_demo/include/base_interfaces_demo/base_interfaces_demo/msg/detail/student__struct.hpp
[9.798s] -- Installing: /home/haixin/ws01_plumbing/install/base_interfaces_demo/include/base_interfaces_demo/base_interfaces_demo/msg/detail/student__type_support.hpp
[9.798s] -- Installing: /home/haixin/ws01_plumbing/install/base_interfaces_demo/include/base_interfaces_demo/base_interfaces_demo/msg/detail/student__traits.hpp
[9.799s] -- Up-to-date: /home/haixin/ws01_plumbing/install/base_interfaces_demo/include/base_interfaces_demo/base_interfaces_demo/srv
[9.799s] -- Installing: /home/haixin/ws01_plumbing/install/base_interfaces_demo/include/base_interfaces_demo/base_interfaces_demo/srv/add_ints.hpp
[9.799s] -- Up-to-date: /home/haixin/ws01_plumbing/install/base_interfaces_demo/include/base_interfaces_demo/base_interfaces_demo/srv/detail
[9.799s] -- Installing: /home/haixin/ws01_plumbing/install/base_interfaces_demo/include/base_interfaces_demo/base_interfaces_demo/srv/detail/add_ints__struct.hpp
[9.799s] -- Installing: /home/haixin/ws01_plumbing/install/base_interfaces_demo/include/base_interfaces_demo/base_interfaces_demo/srv/detail/add_ints__traits.hpp
[9.799s] -- Installing: /home/haixin/ws01_plumbing/install/base_interfaces_demo/include/base_interfaces_demo/base_interfaces_demo/srv/detail/add_ints__type_support.hpp
[9.799s] -- Installing: /home/haixin/ws01_plumbing/install/base_interfaces_demo/include/base_interfaces_demo/base_interfaces_demo/srv/detail/add_ints__builder.hpp
[9.799s] -- Up-to-date: /home/haixin/ws01_plumbing/install/base_interfaces_demo/include/base_interfaces_demo/base_interfaces_demo
[9.800s] -- Up-to-date: /home/haixin/ws01_plumbing/install/base_interfaces_demo/include/base_interfaces_demo/base_interfaces_demo/msg
[9.800s] -- Up-to-date: /home/haixin/ws01_plumbing/install/base_interfaces_demo/include/base_interfaces_demo/base_interfaces_demo/msg/rosidl_typesupport_fastrtps_cpp__visibility_control.h
[9.800s] -- Up-to-date: /home/haixin/ws01_plumbing/install/base_interfaces_demo/include/base_interfaces_demo/base_interfaces_demo/msg/detail
[9.800s] -- Installing: /home/haixin/ws01_plumbing/install/base_interfaces_demo/include/base_interfaces_demo/base_interfaces_demo/msg/detail/student__rosidl_typesupport_fastrtps_cpp.hpp
[9.800s] -- Up-to-date: /home/haixin/ws01_plumbing/install/base_interfaces_demo/include/base_interfaces_demo/base_interfaces_demo/msg/detail/dds_fastrtps
[9.800s] -- Up-to-date: /home/haixin/ws01_plumbing/install/base_interfaces_demo/include/base_interfaces_demo/base_interfaces_demo/srv
[9.800s] -- Up-to-date: /home/haixin/ws01_plumbing/install/base_interfaces_demo/include/base_interfaces_demo/base_interfaces_demo/srv/detail
[9.800s] -- Installing: /home/haixin/ws01_plumbing/install/base_interfaces_demo/include/base_interfaces_demo/base_interfaces_demo/srv/detail/add_ints__rosidl_typesupport_fastrtps_cpp.hpp
[9.800s] -- Installing: /home/haixin/ws01_plumbing/install/base_interfaces_demo/include/base_interfaces_demo/base_interfaces_demo/srv/detail/dds_fastrtps
[9.801s] -- Installing: /home/haixin/ws01_plumbing/install/base_interfaces_demo/lib/libbase_interfaces_demo__rosidl_typesupport_fastrtps_cpp.so
[9.802s] -- Set non-toolchain portion of runtime path of "/home/haixin/ws01_plumbing/install/base_interfaces_demo/lib/libbase_interfaces_demo__rosidl_typesupport_fastrtps_cpp.so" to ""
[9.802s] -- Up-to-date: /home/haixin/ws01_plumbing/install/base_interfaces_demo/include/base_interfaces_demo/base_interfaces_demo
[9.803s] -- Up-to-date: /home/haixin/ws01_plumbing/install/base_interfaces_demo/include/base_interfaces_demo/base_interfaces_demo/msg
[9.803s] -- Up-to-date: /home/haixin/ws01_plumbing/install/base_interfaces_demo/include/base_interfaces_demo/base_interfaces_demo/msg/detail
[9.803s] -- Installing: /home/haixin/ws01_plumbing/install/base_interfaces_demo/include/base_interfaces_demo/base_interfaces_demo/msg/detail/student__type_support.cpp
[9.803s] -- Installing: /home/haixin/ws01_plumbing/install/base_interfaces_demo/include/base_interfaces_demo/base_interfaces_demo/msg/detail/student__rosidl_typesupport_introspection_cpp.hpp
[9.803s] -- Up-to-date: /home/haixin/ws01_plumbing/install/base_interfaces_demo/include/base_interfaces_demo/base_interfaces_demo/srv
[9.803s] -- Up-to-date: /home/haixin/ws01_plumbing/install/base_interfaces_demo/include/base_interfaces_demo/base_interfaces_demo/srv/detail
[9.803s] -- Installing: /home/haixin/ws01_plumbing/install/base_interfaces_demo/include/base_interfaces_demo/base_interfaces_demo/srv/detail/add_ints__type_support.cpp
[9.803s] -- Installing: /home/haixin/ws01_plumbing/install/base_interfaces_demo/include/base_interfaces_demo/base_interfaces_demo/srv/detail/add_ints__rosidl_typesupport_introspection_cpp.hpp
[9.805s] -- Installing: /home/haixin/ws01_plumbing/install/base_interfaces_demo/lib/libbase_interfaces_demo__rosidl_typesupport_introspection_cpp.so
[9.805s] -- Set non-toolchain portion of runtime path of "/home/haixin/ws01_plumbing/install/base_interfaces_demo/lib/libbase_interfaces_demo__rosidl_typesupport_introspection_cpp.so" to ""
[9.807s] -- Installing: /home/haixin/ws01_plumbing/install/base_interfaces_demo/lib/libbase_interfaces_demo__rosidl_typesupport_cpp.so
[9.807s] -- Set non-toolchain portion of runtime path of "/home/haixin/ws01_plumbing/install/base_interfaces_demo/lib/libbase_interfaces_demo__rosidl_typesupport_cpp.so" to ""
[9.807s] -- Up-to-date: /home/haixin/ws01_plumbing/install/base_interfaces_demo/share/base_interfaces_demo/environment/pythonpath.sh
[9.808s] -- Up-to-date: /home/haixin/ws01_plumbing/install/base_interfaces_demo/share/base_interfaces_demo/environment/pythonpath.dsv
[9.808s] -- Up-to-date: /home/haixin/ws01_plumbing/install/base_interfaces_demo/lib/python3.12/site-packages/base_interfaces_demo-0.0.0-py3.12.egg-info
[9.808s] -- Installing: /home/haixin/ws01_plumbing/install/base_interfaces_demo/lib/python3.12/site-packages/base_interfaces_demo-0.0.0-py3.12.egg-info/SOURCES.txt
[9.808s] -- Installing: /home/haixin/ws01_plumbing/install/base_interfaces_demo/lib/python3.12/site-packages/base_interfaces_demo-0.0.0-py3.12.egg-info/top_level.txt
[9.808s] -- Installing: /home/haixin/ws01_plumbing/install/base_interfaces_demo/lib/python3.12/site-packages/base_interfaces_demo-0.0.0-py3.12.egg-info/PKG-INFO
[9.808s] -- Installing: /home/haixin/ws01_plumbing/install/base_interfaces_demo/lib/python3.12/site-packages/base_interfaces_demo-0.0.0-py3.12.egg-info/dependency_links.txt
[9.808s] -- Up-to-date: /home/haixin/ws01_plumbing/install/base_interfaces_demo/lib/python3.12/site-packages/base_interfaces_demo
[9.808s] -- Installing: /home/haixin/ws01_plumbing/install/base_interfaces_demo/lib/python3.12/site-packages/base_interfaces_demo/_base_interfaces_demo_s.ep.rosidl_typesupport_fastrtps_c.c
[9.809s] -- Up-to-date: /home/haixin/ws01_plumbing/install/base_interfaces_demo/lib/python3.12/site-packages/base_interfaces_demo/msg
[9.809s] -- Installing: /home/haixin/ws01_plumbing/install/base_interfaces_demo/lib/python3.12/site-packages/base_interfaces_demo/msg/_student.py
[9.809s] -- Installing: /home/haixin/ws01_plumbing/install/base_interfaces_demo/lib/python3.12/site-packages/base_interfaces_demo/msg/__init__.py
[9.809s] -- Installing: /home/haixin/ws01_plumbing/install/base_interfaces_demo/lib/python3.12/site-packages/base_interfaces_demo/msg/_student_s.c
[9.809s] -- Installing: /home/haixin/ws01_plumbing/install/base_interfaces_demo/lib/python3.12/site-packages/base_interfaces_demo/base_interfaces_demo_s__rosidl_typesupport_fastrtps_c.so
[9.809s] -- Installing: /home/haixin/ws01_plumbing/install/base_interfaces_demo/lib/python3.12/site-packages/base_interfaces_demo/_base_interfaces_demo_s.ep.rosidl_typesupport_introspection_c.c
[9.810s] -- Installing: /home/haixin/ws01_plumbing/install/base_interfaces_demo/lib/python3.12/site-packages/base_interfaces_demo/_base_interfaces_demo_s.ep.rosidl_typesupport_c.c
[9.810s] -- Installing: /home/haixin/ws01_plumbing/install/base_interfaces_demo/lib/python3.12/site-packages/base_interfaces_demo/srv
[9.810s] -- Installing: /home/haixin/ws01_plumbing/install/base_interfaces_demo/lib/python3.12/site-packages/base_interfaces_demo/srv/__init__.py
[9.810s] -- Installing: /home/haixin/ws01_plumbing/install/base_interfaces_demo/lib/python3.12/site-packages/base_interfaces_demo/srv/_add_ints_s.c
[9.810s] -- Installing: /home/haixin/ws01_plumbing/install/base_interfaces_demo/lib/python3.12/site-packages/base_interfaces_demo/srv/_add_ints.py
[9.810s] -- Installing: /home/haixin/ws01_plumbing/install/base_interfaces_demo/lib/python3.12/site-packages/base_interfaces_demo/__init__.py
[9.811s] -- Installing: /home/haixin/ws01_plumbing/install/base_interfaces_demo/lib/python3.12/site-packages/base_interfaces_demo/base_interfaces_demo_s__rosidl_typesupport_introspection_c.so
[9.811s] -- Installing: /home/haixin/ws01_plumbing/install/base_interfaces_demo/lib/python3.12/site-packages/base_interfaces_demo/base_interfaces_demo_s__rosidl_typesupport_c.so
[9.879s] Listing '/home/haixin/ws01_plumbing/install/base_interfaces_demo/lib/python3.12/site-packages/base_interfaces_demo'...
[9.879s] Compiling '/home/haixin/ws01_plumbing/install/base_interfaces_demo/lib/python3.12/site-packages/base_interfaces_demo/__init__.py'...
[9.879s] Listing '/home/haixin/ws01_plumbing/install/base_interfaces_demo/lib/python3.12/site-packages/base_interfaces_demo/msg'...
[9.879s] Compiling '/home/haixin/ws01_plumbing/install/base_interfaces_demo/lib/python3.12/site-packages/base_interfaces_demo/msg/__init__.py'...
[9.879s] Compiling '/home/haixin/ws01_plumbing/install/base_interfaces_demo/lib/python3.12/site-packages/base_interfaces_demo/msg/_student.py'...
[9.879s] Listing '/home/haixin/ws01_plumbing/install/base_interfaces_demo/lib/python3.12/site-packages/base_interfaces_demo/srv'...
[9.879s] Compiling '/home/haixin/ws01_plumbing/install/base_interfaces_demo/lib/python3.12/site-packages/base_interfaces_demo/srv/__init__.py'...
[9.879s] Compiling '/home/haixin/ws01_plumbing/install/base_interfaces_demo/lib/python3.12/site-packages/base_interfaces_demo/srv/_add_ints.py'...
[9.892s] -- Installing: /home/haixin/ws01_plumbing/install/base_interfaces_demo/lib/python3.12/site-packages/base_interfaces_demo/base_interfaces_demo_s__rosidl_typesupport_fastrtps_c.so
[9.893s] -- Set non-toolchain portion of runtime path of "/home/haixin/ws01_plumbing/install/base_interfaces_demo/lib/python3.12/site-packages/base_interfaces_demo/base_interfaces_demo_s__rosidl_typesupport_fastrtps_c.so" to ""
[9.893s] -- Installing: /home/haixin/ws01_plumbing/install/base_interfaces_demo/lib/python3.12/site-packages/base_interfaces_demo/base_interfaces_demo_s__rosidl_typesupport_introspection_c.so
[9.894s] -- Set non-toolchain portion of runtime path of "/home/haixin/ws01_plumbing/install/base_interfaces_demo/lib/python3.12/site-packages/base_interfaces_demo/base_interfaces_demo_s__rosidl_typesupport_introspection_c.so" to ""
[9.894s] -- Installing: /home/haixin/ws01_plumbing/install/base_interfaces_demo/lib/python3.12/site-packages/base_interfaces_demo/base_interfaces_demo_s__rosidl_typesupport_c.so
[9.895s] -- Set non-toolchain portion of runtime path of "/home/haixin/ws01_plumbing/install/base_interfaces_demo/lib/python3.12/site-packages/base_interfaces_demo/base_interfaces_demo_s__rosidl_typesupport_c.so" to ""
[9.896s] -- Installing: /home/haixin/ws01_plumbing/install/base_interfaces_demo/lib/libbase_interfaces_demo__rosidl_generator_py.so
[9.897s] -- Set non-toolchain portion of runtime path of "/home/haixin/ws01_plumbing/install/base_interfaces_demo/lib/libbase_interfaces_demo__rosidl_generator_py.so" to ""
[9.897s] -- Up-to-date: /home/haixin/ws01_plumbing/install/base_interfaces_demo/share/base_interfaces_demo/msg/Student.idl
[9.897s] -- Installing: /home/haixin/ws01_plumbing/install/base_interfaces_demo/share/base_interfaces_demo/srv/AddInts.idl
[9.898s] -- Up-to-date: /home/haixin/ws01_plumbing/install/base_interfaces_demo/share/base_interfaces_demo/msg/Student.msg
[9.898s] -- Installing: /home/haixin/ws01_plumbing/install/base_interfaces_demo/share/base_interfaces_demo/srv/AddInts.srv
[9.898s] -- Up-to-date: /home/haixin/ws01_plumbing/install/base_interfaces_demo/share/ament_index/resource_index/package_run_dependencies/base_interfaces_demo
[9.899s] -- Up-to-date: /home/haixin/ws01_plumbing/install/base_interfaces_demo/share/ament_index/resource_index/parent_prefix_path/base_interfaces_demo
[9.899s] -- Installing: /home/haixin/ws01_plumbing/install/base_interfaces_demo/share/base_interfaces_demo/environment/ament_prefix_path.sh
[9.899s] -- Up-to-date: /home/haixin/ws01_plumbing/install/base_interfaces_demo/share/base_interfaces_demo/environment/ament_prefix_path.dsv
[9.899s] -- Installing: /home/haixin/ws01_plumbing/install/base_interfaces_demo/share/base_interfaces_demo/environment/path.sh
[9.899s] -- Up-to-date: /home/haixin/ws01_plumbing/install/base_interfaces_demo/share/base_interfaces_demo/environment/path.dsv
[9.899s] -- Up-to-date: /home/haixin/ws01_plumbing/install/base_interfaces_demo/share/base_interfaces_demo/local_setup.bash
[9.899s] -- Up-to-date: /home/haixin/ws01_plumbing/install/base_interfaces_demo/share/base_interfaces_demo/local_setup.sh
[9.899s] -- Up-to-date: /home/haixin/ws01_plumbing/install/base_interfaces_demo/share/base_interfaces_demo/local_setup.zsh
[9.900s] -- Up-to-date: /home/haixin/ws01_plumbing/install/base_interfaces_demo/share/base_interfaces_demo/local_setup.dsv
[9.900s] -- Up-to-date: /home/haixin/ws01_plumbing/install/base_interfaces_demo/share/base_interfaces_demo/package.dsv
[9.900s] -- Up-to-date: /home/haixin/ws01_plumbing/install/base_interfaces_demo/share/ament_index/resource_index/packages/base_interfaces_demo
[9.900s] -- Old export file "/home/haixin/ws01_plumbing/install/base_interfaces_demo/share/base_interfaces_demo/cmake/export_base_interfaces_demo__rosidl_generator_cExport.cmake" will be replaced.  Removing files [/home/haixin/ws01_plumbing/install/base_interfaces_demo/share/base_interfaces_demo/cmake/export_base_interfaces_demo__rosidl_generator_cExport-noconfig.cmake].
[9.900s] -- Installing: /home/haixin/ws01_plumbing/install/base_interfaces_demo/share/base_interfaces_demo/cmake/export_base_interfaces_demo__rosidl_generator_cExport.cmake
[9.900s] -- Installing: /home/haixin/ws01_plumbing/install/base_interfaces_demo/share/base_interfaces_demo/cmake/export_base_interfaces_demo__rosidl_generator_cExport-noconfig.cmake
[9.900s] -- Old export file "/home/haixin/ws01_plumbing/install/base_interfaces_demo/share/base_interfaces_demo/cmake/export_base_interfaces_demo__rosidl_typesupport_fastrtps_cExport.cmake" will be replaced.  Removing files [/home/haixin/ws01_plumbing/install/base_interfaces_demo/share/base_interfaces_demo/cmake/export_base_interfaces_demo__rosidl_typesupport_fastrtps_cExport-noconfig.cmake].
[9.900s] -- Installing: /home/haixin/ws01_plumbing/install/base_interfaces_demo/share/base_interfaces_demo/cmake/export_base_interfaces_demo__rosidl_typesupport_fastrtps_cExport.cmake
[9.901s] -- Installing: /home/haixin/ws01_plumbing/install/base_interfaces_demo/share/base_interfaces_demo/cmake/export_base_interfaces_demo__rosidl_typesupport_fastrtps_cExport-noconfig.cmake
[9.901s] -- Old export file "/home/haixin/ws01_plumbing/install/base_interfaces_demo/share/base_interfaces_demo/cmake/base_interfaces_demo__rosidl_typesupport_introspection_cExport.cmake" will be replaced.  Removing files [/home/haixin/ws01_plumbing/install/base_interfaces_demo/share/base_interfaces_demo/cmake/base_interfaces_demo__rosidl_typesupport_introspection_cExport-noconfig.cmake].
[9.901s] -- Installing: /home/haixin/ws01_plumbing/install/base_interfaces_demo/share/base_interfaces_demo/cmake/base_interfaces_demo__rosidl_typesupport_introspection_cExport.cmake
[9.901s] -- Installing: /home/haixin/ws01_plumbing/install/base_interfaces_demo/share/base_interfaces_demo/cmake/base_interfaces_demo__rosidl_typesupport_introspection_cExport-noconfig.cmake
[9.901s] -- Old export file "/home/haixin/ws01_plumbing/install/base_interfaces_demo/share/base_interfaces_demo/cmake/base_interfaces_demo__rosidl_typesupport_cExport.cmake" will be replaced.  Removing files [/home/haixin/ws01_plumbing/install/base_interfaces_demo/share/base_interfaces_demo/cmake/base_interfaces_demo__rosidl_typesupport_cExport-noconfig.cmake].
[9.901s] -- Installing: /home/haixin/ws01_plumbing/install/base_interfaces_demo/share/base_interfaces_demo/cmake/base_interfaces_demo__rosidl_typesupport_cExport.cmake
[9.902s] -- Installing: /home/haixin/ws01_plumbing/install/base_interfaces_demo/share/base_interfaces_demo/cmake/base_interfaces_demo__rosidl_typesupport_cExport-noconfig.cmake
[9.902s] -- Installing: /home/haixin/ws01_plumbing/install/base_interfaces_demo/share/base_interfaces_demo/cmake/export_base_interfaces_demo__rosidl_generator_cppExport.cmake
[9.902s] -- Old export file "/home/haixin/ws01_plumbing/install/base_interfaces_demo/share/base_interfaces_demo/cmake/export_base_interfaces_demo__rosidl_typesupport_fastrtps_cppExport.cmake" will be replaced.  Removing files [/home/haixin/ws01_plumbing/install/base_interfaces_demo/share/base_interfaces_demo/cmake/export_base_interfaces_demo__rosidl_typesupport_fastrtps_cppExport-noconfig.cmake].
[9.902s] -- Installing: /home/haixin/ws01_plumbing/install/base_interfaces_demo/share/base_interfaces_demo/cmake/export_base_interfaces_demo__rosidl_typesupport_fastrtps_cppExport.cmake
[9.903s] -- Installing: /home/haixin/ws01_plumbing/install/base_interfaces_demo/share/base_interfaces_demo/cmake/export_base_interfaces_demo__rosidl_typesupport_fastrtps_cppExport-noconfig.cmake
[9.903s] -- Old export file "/home/haixin/ws01_plumbing/install/base_interfaces_demo/share/base_interfaces_demo/cmake/base_interfaces_demo__rosidl_typesupport_introspection_cppExport.cmake" will be replaced.  Removing files [/home/haixin/ws01_plumbing/install/base_interfaces_demo/share/base_interfaces_demo/cmake/base_interfaces_demo__rosidl_typesupport_introspection_cppExport-noconfig.cmake].
[9.903s] -- Installing: /home/haixin/ws01_plumbing/install/base_interfaces_demo/share/base_interfaces_demo/cmake/base_interfaces_demo__rosidl_typesupport_introspection_cppExport.cmake
[9.903s] -- Installing: /home/haixin/ws01_plumbing/install/base_interfaces_demo/share/base_interfaces_demo/cmake/base_interfaces_demo__rosidl_typesupport_introspection_cppExport-noconfig.cmake
[9.904s] -- Old export file "/home/haixin/ws01_plumbing/install/base_interfaces_demo/share/base_interfaces_demo/cmake/base_interfaces_demo__rosidl_typesupport_cppExport.cmake" will be replaced.  Removing files [/home/haixin/ws01_plumbing/install/base_interfaces_demo/share/base_interfaces_demo/cmake/base_interfaces_demo__rosidl_typesupport_cppExport-noconfig.cmake].
[9.904s] -- Installing: /home/haixin/ws01_plumbing/install/base_interfaces_demo/share/base_interfaces_demo/cmake/base_interfaces_demo__rosidl_typesupport_cppExport.cmake
[9.904s] -- Installing: /home/haixin/ws01_plumbing/install/base_interfaces_demo/share/base_interfaces_demo/cmake/base_interfaces_demo__rosidl_typesupport_cppExport-noconfig.cmake
[9.905s] -- Up-to-date: /home/haixin/ws01_plumbing/install/base_interfaces_demo/share/base_interfaces_demo/cmake/export_base_interfaces_demo__rosidl_generator_pyExport.cmake
[9.905s] -- Installing: /home/haixin/ws01_plumbing/install/base_interfaces_demo/share/base_interfaces_demo/cmake/export_base_interfaces_demo__rosidl_generator_pyExport-noconfig.cmake
[9.905s] -- Installing: /home/haixin/ws01_plumbing/install/base_interfaces_demo/share/base_interfaces_demo/cmake/rosidl_cmake-extras.cmake
[9.905s] -- Installing: /home/haixin/ws01_plumbing/install/base_interfaces_demo/share/base_interfaces_demo/cmake/ament_cmake_export_dependencies-extras.cmake
[9.905s] -- Up-to-date: /home/haixin/ws01_plumbing/install/base_interfaces_demo/share/base_interfaces_demo/cmake/ament_cmake_export_include_directories-extras.cmake
[9.905s] -- Up-to-date: /home/haixin/ws01_plumbing/install/base_interfaces_demo/share/base_interfaces_demo/cmake/ament_cmake_export_libraries-extras.cmake
[9.906s] -- Up-to-date: /home/haixin/ws01_plumbing/install/base_interfaces_demo/share/base_interfaces_demo/cmake/ament_cmake_export_targets-extras.cmake
[9.906s] -- Up-to-date: /home/haixin/ws01_plumbing/install/base_interfaces_demo/share/base_interfaces_demo/cmake/rosidl_cmake_export_typesupport_targets-extras.cmake
[9.906s] -- Up-to-date: /home/haixin/ws01_plumbing/install/base_interfaces_demo/share/base_interfaces_demo/cmake/rosidl_cmake_export_typesupport_libraries-extras.cmake
[9.906s] -- Installing: /home/haixin/ws01_plumbing/install/base_interfaces_demo/share/base_interfaces_demo/cmake/base_interfaces_demoConfig.cmake
[9.906s] -- Up-to-date: /home/haixin/ws01_plumbing/install/base_interfaces_demo/share/base_interfaces_demo/cmake/base_interfaces_demoConfig-version.cmake
[9.906s] -- Up-to-date: /home/haixin/ws01_plumbing/install/base_interfaces_demo/share/base_interfaces_demo/package.xml
[9.910s] Invoked command in '/home/haixin/ws01_plumbing/build/base_interfaces_demo' returned '0': CMAKE_PREFIX_PATH=${CMAKE_PREFIX_PATH}:/opt/ros/jazzy /usr/bin/cmake --install /home/haixin/ws01_plumbing/build/base_interfaces_demo
