[0.016s] Invoking command in '/home/haixin/ws01_plumbing/build/cpp04_param': CMAKE_PREFIX_PATH=${CMAKE_PREFIX_PATH}:/opt/ros/jazzy /usr/bin/cmake --build /home/haixin/ws01_plumbing/build/cpp04_param -- -j4 -l4
[0.133s] [ 66%] Built target demo01_param_server
[0.133s] [ 66%] Built target demo00_param
[0.144s] [100%] Built target demo02_param_client
[0.167s] Invoked command in '/home/haixin/ws01_plumbing/build/cpp04_param' returned '0': CMAKE_PREFIX_PATH=${CMAKE_PREFIX_PATH}:/opt/ros/jazzy /usr/bin/cmake --build /home/haixin/ws01_plumbing/build/cpp04_param -- -j4 -l4
[0.184s] Invoking command in '/home/haixin/ws01_plumbing/build/cpp04_param': CMAKE_PREFIX_PATH=${CMAKE_PREFIX_PATH}:/opt/ros/jazzy /usr/bin/cmake --install /home/haixin/ws01_plumbing/build/cpp04_param
[0.198s] -- Install configuration: ""
[0.199s] -- Up-to-date: /home/haixin/ws01_plumbing/install/cpp04_param/lib/cpp04_param/demo00_param
[0.199s] -- Up-to-date: /home/haixin/ws01_plumbing/install/cpp04_param/lib/cpp04_param/demo01_param_server
[0.199s] -- Up-to-date: /home/haixin/ws01_plumbing/install/cpp04_param/lib/cpp04_param/demo02_param_client
[0.199s] -- Up-to-date: /home/haixin/ws01_plumbing/install/cpp04_param/share/ament_index/resource_index/package_run_dependencies/cpp04_param
[0.200s] -- Up-to-date: /home/haixin/ws01_plumbing/install/cpp04_param/share/ament_index/resource_index/parent_prefix_path/cpp04_param
[0.200s] -- Up-to-date: /home/haixin/ws01_plumbing/install/cpp04_param/share/cpp04_param/environment/ament_prefix_path.sh
[0.200s] -- Up-to-date: /home/haixin/ws01_plumbing/install/cpp04_param/share/cpp04_param/environment/ament_prefix_path.dsv
[0.200s] -- Up-to-date: /home/haixin/ws01_plumbing/install/cpp04_param/share/cpp04_param/environment/path.sh
[0.200s] -- Up-to-date: /home/haixin/ws01_plumbing/install/cpp04_param/share/cpp04_param/environment/path.dsv
[0.200s] -- Up-to-date: /home/haixin/ws01_plumbing/install/cpp04_param/share/cpp04_param/local_setup.bash
[0.200s] -- Up-to-date: /home/haixin/ws01_plumbing/install/cpp04_param/share/cpp04_param/local_setup.sh
[0.200s] -- Up-to-date: /home/haixin/ws01_plumbing/install/cpp04_param/share/cpp04_param/local_setup.zsh
[0.200s] -- Up-to-date: /home/haixin/ws01_plumbing/install/cpp04_param/share/cpp04_param/local_setup.dsv
[0.201s] -- Installing: /home/haixin/ws01_plumbing/install/cpp04_param/share/cpp04_param/package.dsv
[0.201s] -- Up-to-date: /home/haixin/ws01_plumbing/install/cpp04_param/share/ament_index/resource_index/packages/cpp04_param
[0.201s] -- Up-to-date: /home/haixin/ws01_plumbing/install/cpp04_param/share/cpp04_param/cmake/cpp04_paramConfig.cmake
[0.201s] -- Up-to-date: /home/haixin/ws01_plumbing/install/cpp04_param/share/cpp04_param/cmake/cpp04_paramConfig-version.cmake
[0.201s] -- Up-to-date: /home/haixin/ws01_plumbing/install/cpp04_param/share/cpp04_param/package.xml
[0.204s] Invoked command in '/home/haixin/ws01_plumbing/build/cpp04_param' returned '0': CMAKE_PREFIX_PATH=${CMAKE_PREFIX_PATH}:/opt/ros/jazzy /usr/bin/cmake --install /home/haixin/ws01_plumbing/build/cpp04_param
