[0.054s] Invoking command in '/home/haixin/ws01_plumbing/build/tutorails_plumbing': CMAKE_PREFIX_PATH=/home/haixin/ws01_plumbing/install/cpp03_action:/home/haixin/ws01_plumbing/install/cpp02_service:/home/haixin/ws01_plumbing/install/cpp01_topic:/home/haixin/ws01_plumbing/install/cpp04_param:/home/haixin/ws01_plumbing/install/base_interfaces_demo:/opt/ros/jazzy /usr/bin/cmake /home/haixin/ws01_plumbing/src/tutorails_plumbing -DCMAKE_EXPORT_COMPILE_COMMANDS=ON -DCMAKE_INSTALL_PREFIX=/home/haixin/ws01_plumbing/install/tutorails_plumbing
[0.513s] -- The C compiler identification is GNU 13.3.0
[0.777s] -- The CXX compiler identification is GNU 13.3.0
[0.821s] -- Detecting C compiler ABI info
[1.048s] -- Detecting C compiler ABI info - done
[1.064s] -- Check for working C compiler: /usr/bin/cc - skipped
[1.065s] -- Detecting C compile features
[1.066s] -- Detecting C compile features - done
[1.086s] -- Detecting CXX compiler ABI info
[1.262s] -- Detecting CXX compiler ABI info - done
[1.279s] -- Check for working CXX compiler: /usr/bin/c++ - skipped
[1.279s] -- Detecting CXX compile features
[1.280s] -- Detecting CXX compile features - done
[1.286s] -- Found ament_cmake: 2.5.4 (/opt/ros/jazzy/share/ament_cmake/cmake)
[1.526s] -- Found Python3: /usr/bin/python3 (found version "3.12.3") found components: Interpreter 
[1.758s] -- Found ament_lint_auto: 0.17.2 (/opt/ros/jazzy/share/ament_lint_auto/cmake)
[1.916s] -- Configuring done (1.7s)
[1.921s] -- Generating done (0.0s)
[1.923s] [33mCMake Warning:
[1.923s]   Manually-specified variables were not used by the project:
[1.923s] 
[1.923s]     CMAKE_EXPORT_COMPILE_COMMANDS
[1.923s] 
[1.923s] [0m
[1.925s] -- Build files have been written to: /home/haixin/ws01_plumbing/build/tutorails_plumbing
[1.935s] Invoked command in '/home/haixin/ws01_plumbing/build/tutorails_plumbing' returned '0': CMAKE_PREFIX_PATH=/home/haixin/ws01_plumbing/install/cpp03_action:/home/haixin/ws01_plumbing/install/cpp02_service:/home/haixin/ws01_plumbing/install/cpp01_topic:/home/haixin/ws01_plumbing/install/cpp04_param:/home/haixin/ws01_plumbing/install/base_interfaces_demo:/opt/ros/jazzy /usr/bin/cmake /home/haixin/ws01_plumbing/src/tutorails_plumbing -DCMAKE_EXPORT_COMPILE_COMMANDS=ON -DCMAKE_INSTALL_PREFIX=/home/haixin/ws01_plumbing/install/tutorails_plumbing
[1.937s] Invoking command in '/home/haixin/ws01_plumbing/build/tutorails_plumbing': CMAKE_PREFIX_PATH=/home/haixin/ws01_plumbing/install/cpp03_action:/home/haixin/ws01_plumbing/install/cpp02_service:/home/haixin/ws01_plumbing/install/cpp01_topic:/home/haixin/ws01_plumbing/install/cpp04_param:/home/haixin/ws01_plumbing/install/base_interfaces_demo:/opt/ros/jazzy /usr/bin/cmake --build /home/haixin/ws01_plumbing/build/tutorails_plumbing -- -j4 -l4
[2.002s] Invoked command in '/home/haixin/ws01_plumbing/build/tutorails_plumbing' returned '0': CMAKE_PREFIX_PATH=/home/haixin/ws01_plumbing/install/cpp03_action:/home/haixin/ws01_plumbing/install/cpp02_service:/home/haixin/ws01_plumbing/install/cpp01_topic:/home/haixin/ws01_plumbing/install/cpp04_param:/home/haixin/ws01_plumbing/install/base_interfaces_demo:/opt/ros/jazzy /usr/bin/cmake --build /home/haixin/ws01_plumbing/build/tutorails_plumbing -- -j4 -l4
[2.020s] Invoking command in '/home/haixin/ws01_plumbing/build/tutorails_plumbing': CMAKE_PREFIX_PATH=/home/haixin/ws01_plumbing/install/cpp03_action:/home/haixin/ws01_plumbing/install/cpp02_service:/home/haixin/ws01_plumbing/install/cpp01_topic:/home/haixin/ws01_plumbing/install/cpp04_param:/home/haixin/ws01_plumbing/install/base_interfaces_demo:/opt/ros/jazzy /usr/bin/cmake --install /home/haixin/ws01_plumbing/build/tutorails_plumbing
[2.033s] -- Install configuration: ""
[2.033s] -- Installing: /home/haixin/ws01_plumbing/install/tutorails_plumbing/share/ament_index/resource_index/package_run_dependencies/tutorails_plumbing
[2.033s] -- Installing: /home/haixin/ws01_plumbing/install/tutorails_plumbing/share/ament_index/resource_index/parent_prefix_path/tutorails_plumbing
[2.034s] -- Installing: /home/haixin/ws01_plumbing/install/tutorails_plumbing/share/tutorails_plumbing/environment/ament_prefix_path.sh
[2.034s] -- Installing: /home/haixin/ws01_plumbing/install/tutorails_plumbing/share/tutorails_plumbing/environment/ament_prefix_path.dsv
[2.034s] -- Installing: /home/haixin/ws01_plumbing/install/tutorails_plumbing/share/tutorails_plumbing/environment/path.sh
[2.034s] -- Installing: /home/haixin/ws01_plumbing/install/tutorails_plumbing/share/tutorails_plumbing/environment/path.dsv
[2.034s] -- Installing: /home/haixin/ws01_plumbing/install/tutorails_plumbing/share/tutorails_plumbing/local_setup.bash
[2.035s] -- Installing: /home/haixin/ws01_plumbing/install/tutorails_plumbing/share/tutorails_plumbing/local_setup.sh
[2.035s] -- Installing: /home/haixin/ws01_plumbing/install/tutorails_plumbing/share/tutorails_plumbing/local_setup.zsh
[2.035s] -- Installing: /home/haixin/ws01_plumbing/install/tutorails_plumbing/share/tutorails_plumbing/local_setup.dsv
[2.035s] -- Installing: /home/haixin/ws01_plumbing/install/tutorails_plumbing/share/tutorails_plumbing/package.dsv
[2.035s] -- Installing: /home/haixin/ws01_plumbing/install/tutorails_plumbing/share/ament_index/resource_index/packages/tutorails_plumbing
[2.036s] -- Installing: /home/haixin/ws01_plumbing/install/tutorails_plumbing/share/tutorails_plumbing/cmake/tutorails_plumbingConfig.cmake
[2.036s] -- Installing: /home/haixin/ws01_plumbing/install/tutorails_plumbing/share/tutorails_plumbing/cmake/tutorails_plumbingConfig-version.cmake
[2.036s] -- Installing: /home/haixin/ws01_plumbing/install/tutorails_plumbing/share/tutorails_plumbing/package.xml
[2.039s] Invoked command in '/home/haixin/ws01_plumbing/build/tutorails_plumbing' returned '0': CMAKE_PREFIX_PATH=/home/haixin/ws01_plumbing/install/cpp03_action:/home/haixin/ws01_plumbing/install/cpp02_service:/home/haixin/ws01_plumbing/install/cpp01_topic:/home/haixin/ws01_plumbing/install/cpp04_param:/home/haixin/ws01_plumbing/install/base_interfaces_demo:/opt/ros/jazzy /usr/bin/cmake --install /home/haixin/ws01_plumbing/build/tutorails_plumbing
