[0.017s] Invoking command in '/home/haixin/ws01_plumbing/build/base_interfaces_demo': CMAKE_PREFIX_PATH=/opt/ros/jazzy /usr/bin/cmake --build /home/haixin/ws01_plumbing/build/base_interfaces_demo -- -j4 -l4
[0.080s] Invoked command in '/home/haixin/ws01_plumbing/build/base_interfaces_demo' returned '0': CMAKE_PREFIX_PATH=/opt/ros/jazzy /usr/bin/cmake --build /home/haixin/ws01_plumbing/build/base_interfaces_demo -- -j4 -l4
[0.098s] Invoking command in '/home/haixin/ws01_plumbing/build/base_interfaces_demo': CMAKE_PREFIX_PATH=/opt/ros/jazzy /usr/bin/cmake --install /home/haixin/ws01_plumbing/build/base_interfaces_demo
[0.111s] -- Install configuration: ""
[0.111s] -- Up-to-date: /home/haixin/ws01_plumbing/install/base_interfaces_demo/share/ament_index/resource_index/package_run_dependencies/base_interfaces_demo
[0.111s] -- Up-to-date: /home/haixin/ws01_plumbing/install/base_interfaces_demo/share/ament_index/resource_index/parent_prefix_path/base_interfaces_demo
[0.111s] -- Up-to-date: /home/haixin/ws01_plumbing/install/base_interfaces_demo/share/base_interfaces_demo/environment/ament_prefix_path.sh
[0.111s] -- Up-to-date: /home/haixin/ws01_plumbing/install/base_interfaces_demo/share/base_interfaces_demo/environment/ament_prefix_path.dsv
[0.112s] -- Up-to-date: /home/haixin/ws01_plumbing/install/base_interfaces_demo/share/base_interfaces_demo/environment/path.sh
[0.112s] -- Up-to-date: /home/haixin/ws01_plumbing/install/base_interfaces_demo/share/base_interfaces_demo/environment/path.dsv
[0.112s] -- Up-to-date: /home/haixin/ws01_plumbing/install/base_interfaces_demo/share/base_interfaces_demo/local_setup.bash
[0.112s] -- Up-to-date: /home/haixin/ws01_plumbing/install/base_interfaces_demo/share/base_interfaces_demo/local_setup.sh
[0.112s] -- Up-to-date: /home/haixin/ws01_plumbing/install/base_interfaces_demo/share/base_interfaces_demo/local_setup.zsh
[0.112s] -- Up-to-date: /home/haixin/ws01_plumbing/install/base_interfaces_demo/share/base_interfaces_demo/local_setup.dsv
[0.112s] -- Up-to-date: /home/haixin/ws01_plumbing/install/base_interfaces_demo/share/base_interfaces_demo/package.dsv
[0.112s] -- Up-to-date: /home/haixin/ws01_plumbing/install/base_interfaces_demo/share/ament_index/resource_index/packages/base_interfaces_demo
[0.112s] -- Up-to-date: /home/haixin/ws01_plumbing/install/base_interfaces_demo/share/base_interfaces_demo/cmake/base_interfaces_demoConfig.cmake
[0.112s] -- Up-to-date: /home/haixin/ws01_plumbing/install/base_interfaces_demo/share/base_interfaces_demo/cmake/base_interfaces_demoConfig-version.cmake
[0.113s] -- Up-to-date: /home/haixin/ws01_plumbing/install/base_interfaces_demo/share/base_interfaces_demo/package.xml
[0.115s] Invoked command in '/home/haixin/ws01_plumbing/build/base_interfaces_demo' returned '0': CMAKE_PREFIX_PATH=/opt/ros/jazzy /usr/bin/cmake --install /home/haixin/ws01_plumbing/build/base_interfaces_demo
