[0.025s] Invoking command in '/home/haixin/ws01_plumbing/build/cpp02_service': CMAKE_PREFIX_PATH=/home/haixin/ws01_plumbing/install/base_interfaces_demo:/home/haixin/ws01_plumbing/install/cpp02_service:/home/haixin/ws01_plumbing/install/cpp01_topic:/opt/ros/jazzy /usr/bin/cmake /home/haixin/ws01_plumbing/src/cpp02_service -DCMAKE_INSTALL_PREFIX=/home/haixin/ws01_plumbing/install/cpp02_service
[0.050s] -- Found ament_cmake: 2.5.4 (/opt/ros/jazzy/share/ament_cmake/cmake)
[0.424s] -- Found rclcpp: 28.1.10 (/opt/ros/jazzy/share/rclcpp/cmake)
[0.459s] -- Found rosidl_generator_c: 4.6.5 (/opt/ros/jazzy/share/rosidl_generator_c/cmake)
[0.475s] -- Found rosidl_generator_cpp: 4.6.5 (/opt/ros/jazzy/share/rosidl_generator_cpp/cmake)
[0.496s] -- Using all available rosidl_typesupport_c: rosidl_typesupport_fastrtps_c;rosidl_typesupport_introspection_c
[0.518s] -- Using all available rosidl_typesupport_cpp: rosidl_typesupport_fastrtps_cpp;rosidl_typesupport_introspection_cpp
[0.606s] -- Found rmw_implementation_cmake: 7.3.2 (/opt/ros/jazzy/share/rmw_implementation_cmake/cmake)
[0.608s] -- Found rmw_fastrtps_cpp: 8.4.2 (/opt/ros/jazzy/share/rmw_fastrtps_cpp/cmake)
[0.695s] -- Using RMW implementation 'rmw_fastrtps_cpp' as default
[0.775s] -- Found base_interfaces_demo: 0.0.0 (/home/haixin/ws01_plumbing/install/base_interfaces_demo/share/base_interfaces_demo/cmake)
[0.797s] -- Found ament_lint_auto: 0.17.2 (/opt/ros/jazzy/share/ament_lint_auto/cmake)
[0.959s] -- Added test 'cppcheck' to perform static code analysis on C / C++ code
[0.959s] -- Configured cppcheck include dirs: $<BUILD_INTERFACE:/home/haixin/ws01_plumbing/src/cpp02_service/include>
[0.959s] -- Configured cppcheck exclude dirs and/or files: 
[0.960s] -- Added test 'lint_cmake' to check CMake code style
[0.962s] -- Added test 'uncrustify' to check C / C++ code style
[0.962s] -- Configured uncrustify additional arguments: 
[0.963s] -- Added test 'xmllint' to check XML markup files
[0.966s] -- Configuring done (0.9s)
[1.005s] -- Generating done (0.0s)
[1.023s] -- Build files have been written to: /home/haixin/ws01_plumbing/build/cpp02_service
[1.037s] Invoked command in '/home/haixin/ws01_plumbing/build/cpp02_service' returned '0': CMAKE_PREFIX_PATH=/home/haixin/ws01_plumbing/install/base_interfaces_demo:/home/haixin/ws01_plumbing/install/cpp02_service:/home/haixin/ws01_plumbing/install/cpp01_topic:/opt/ros/jazzy /usr/bin/cmake /home/haixin/ws01_plumbing/src/cpp02_service -DCMAKE_INSTALL_PREFIX=/home/haixin/ws01_plumbing/install/cpp02_service
[1.040s] Invoking command in '/home/haixin/ws01_plumbing/build/cpp02_service': CMAKE_PREFIX_PATH=/home/haixin/ws01_plumbing/install/base_interfaces_demo:/home/haixin/ws01_plumbing/install/cpp02_service:/home/haixin/ws01_plumbing/install/cpp01_topic:/opt/ros/jazzy /usr/bin/cmake --build /home/haixin/ws01_plumbing/build/cpp02_service -- -j4 -l4
[1.141s] [ 25%] [32mBuilding CXX object CMakeFiles/demo02_client.dir/src/demo02_client.cpp.o[0m
[1.148s] [ 75%] Built target demo01_server
[5.468s] [100%] [32m[1mLinking CXX executable demo02_client[0m
[5.698s] [100%] Built target demo02_client
[5.719s] Invoked command in '/home/haixin/ws01_plumbing/build/cpp02_service' returned '0': CMAKE_PREFIX_PATH=/home/haixin/ws01_plumbing/install/base_interfaces_demo:/home/haixin/ws01_plumbing/install/cpp02_service:/home/haixin/ws01_plumbing/install/cpp01_topic:/opt/ros/jazzy /usr/bin/cmake --build /home/haixin/ws01_plumbing/build/cpp02_service -- -j4 -l4
[5.737s] Invoking command in '/home/haixin/ws01_plumbing/build/cpp02_service': CMAKE_PREFIX_PATH=/home/haixin/ws01_plumbing/install/base_interfaces_demo:/home/haixin/ws01_plumbing/install/cpp02_service:/home/haixin/ws01_plumbing/install/cpp01_topic:/opt/ros/jazzy /usr/bin/cmake --install /home/haixin/ws01_plumbing/build/cpp02_service
[5.758s] -- Install configuration: ""
[5.761s] -- Up-to-date: /home/haixin/ws01_plumbing/install/cpp02_service/lib/cpp02_service/demo01_server
[5.762s] -- Installing: /home/haixin/ws01_plumbing/install/cpp02_service/lib/cpp02_service/demo02_client
[5.764s] -- Set non-toolchain portion of runtime path of "/home/haixin/ws01_plumbing/install/cpp02_service/lib/cpp02_service/demo02_client" to ""
[5.764s] -- Up-to-date: /home/haixin/ws01_plumbing/install/cpp02_service/share/ament_index/resource_index/package_run_dependencies/cpp02_service
[5.764s] -- Up-to-date: /home/haixin/ws01_plumbing/install/cpp02_service/share/ament_index/resource_index/parent_prefix_path/cpp02_service
[5.764s] -- Up-to-date: /home/haixin/ws01_plumbing/install/cpp02_service/share/cpp02_service/environment/ament_prefix_path.sh
[5.764s] -- Up-to-date: /home/haixin/ws01_plumbing/install/cpp02_service/share/cpp02_service/environment/ament_prefix_path.dsv
[5.764s] -- Up-to-date: /home/haixin/ws01_plumbing/install/cpp02_service/share/cpp02_service/environment/path.sh
[5.765s] -- Up-to-date: /home/haixin/ws01_plumbing/install/cpp02_service/share/cpp02_service/environment/path.dsv
[5.765s] -- Up-to-date: /home/haixin/ws01_plumbing/install/cpp02_service/share/cpp02_service/local_setup.bash
[5.765s] -- Up-to-date: /home/haixin/ws01_plumbing/install/cpp02_service/share/cpp02_service/local_setup.sh
[5.765s] -- Up-to-date: /home/haixin/ws01_plumbing/install/cpp02_service/share/cpp02_service/local_setup.zsh
[5.765s] -- Up-to-date: /home/haixin/ws01_plumbing/install/cpp02_service/share/cpp02_service/local_setup.dsv
[5.765s] -- Installing: /home/haixin/ws01_plumbing/install/cpp02_service/share/cpp02_service/package.dsv
[5.765s] -- Up-to-date: /home/haixin/ws01_plumbing/install/cpp02_service/share/ament_index/resource_index/packages/cpp02_service
[5.766s] -- Up-to-date: /home/haixin/ws01_plumbing/install/cpp02_service/share/cpp02_service/cmake/cpp02_serviceConfig.cmake
[5.766s] -- Up-to-date: /home/haixin/ws01_plumbing/install/cpp02_service/share/cpp02_service/cmake/cpp02_serviceConfig-version.cmake
[5.766s] -- Up-to-date: /home/haixin/ws01_plumbing/install/cpp02_service/share/cpp02_service/package.xml
[5.769s] Invoked command in '/home/haixin/ws01_plumbing/build/cpp02_service' returned '0': CMAKE_PREFIX_PATH=/home/haixin/ws01_plumbing/install/base_interfaces_demo:/home/haixin/ws01_plumbing/install/cpp02_service:/home/haixin/ws01_plumbing/install/cpp01_topic:/opt/ros/jazzy /usr/bin/cmake --install /home/haixin/ws01_plumbing/build/cpp02_service
