[0.016s] Invoking command in '/home/haixin/ws01_plumbing/build/cpp04_param': CMAKE_PREFIX_PATH=${CMAKE_PREFIX_PATH}:/opt/ros/jazzy /usr/bin/cmake --build /home/haixin/ws01_plumbing/build/cpp04_param -- -j4 -l4
[0.134s] [ 50%] [32mBuilding CXX object CMakeFiles/demo00_param.dir/src/demo00_param.cpp.o[0m
[4.724s] [100%] [32m[1mLinking CXX executable demo00_param[0m
[5.058s] [100%] Built target demo00_param
[5.088s] Invoked command in '/home/haixin/ws01_plumbing/build/cpp04_param' returned '0': CMAKE_PREFIX_PATH=${CMAKE_PREFIX_PATH}:/opt/ros/jazzy /usr/bin/cmake --build /home/haixin/ws01_plumbing/build/cpp04_param -- -j4 -l4
[5.115s] Invoking command in '/home/haixin/ws01_plumbing/build/cpp04_param': CMAKE_PREFIX_PATH=${CMAKE_PREFIX_PATH}:/opt/ros/jazzy /usr/bin/cmake --install /home/haixin/ws01_plumbing/build/cpp04_param
[5.130s] -- Install configuration: ""
[5.131s] -- Installing: /home/haixin/ws01_plumbing/install/cpp04_param/lib/cpp04_param/demo00_param
[5.131s] -- Set non-toolchain portion of runtime path of "/home/haixin/ws01_plumbing/install/cpp04_param/lib/cpp04_param/demo00_param" to ""
[5.132s] -- Installing: /home/haixin/ws01_plumbing/install/cpp04_param/share/ament_index/resource_index/package_run_dependencies/cpp04_param
[5.132s] -- Installing: /home/haixin/ws01_plumbing/install/cpp04_param/share/ament_index/resource_index/parent_prefix_path/cpp04_param
[5.132s] -- Installing: /home/haixin/ws01_plumbing/install/cpp04_param/share/cpp04_param/environment/ament_prefix_path.sh
[5.132s] -- Installing: /home/haixin/ws01_plumbing/install/cpp04_param/share/cpp04_param/environment/ament_prefix_path.dsv
[5.132s] -- Installing: /home/haixin/ws01_plumbing/install/cpp04_param/share/cpp04_param/environment/path.sh
[5.133s] -- Installing: /home/haixin/ws01_plumbing/install/cpp04_param/share/cpp04_param/environment/path.dsv
[5.133s] -- Installing: /home/haixin/ws01_plumbing/install/cpp04_param/share/cpp04_param/local_setup.bash
[5.133s] -- Installing: /home/haixin/ws01_plumbing/install/cpp04_param/share/cpp04_param/local_setup.sh
[5.133s] -- Installing: /home/haixin/ws01_plumbing/install/cpp04_param/share/cpp04_param/local_setup.zsh
[5.133s] -- Installing: /home/haixin/ws01_plumbing/install/cpp04_param/share/cpp04_param/local_setup.dsv
[5.133s] -- Installing: /home/haixin/ws01_plumbing/install/cpp04_param/share/cpp04_param/package.dsv
[5.134s] -- Installing: /home/haixin/ws01_plumbing/install/cpp04_param/share/ament_index/resource_index/packages/cpp04_param
[5.134s] -- Installing: /home/haixin/ws01_plumbing/install/cpp04_param/share/cpp04_param/cmake/cpp04_paramConfig.cmake
[5.134s] -- Installing: /home/haixin/ws01_plumbing/install/cpp04_param/share/cpp04_param/cmake/cpp04_paramConfig-version.cmake
[5.134s] -- Installing: /home/haixin/ws01_plumbing/install/cpp04_param/share/cpp04_param/package.xml
[5.138s] Invoked command in '/home/haixin/ws01_plumbing/build/cpp04_param' returned '0': CMAKE_PREFIX_PATH=${CMAKE_PREFIX_PATH}:/opt/ros/jazzy /usr/bin/cmake --install /home/haixin/ws01_plumbing/build/cpp04_param
