[0.134s] DEBUG:colcon:Command line arguments: ['/usr/bin/colcon', 'build', '--packages-select', 'cpp03_action']
[0.134s] DEBUG:colcon:Parsed command line arguments: Namespace(log_base=None, log_level=None, verb_name='build', build_base='build', install_base='install', merge_install=False, symlink_install=False, test_result_base=None, continue_on_error=False, executor='parallel', parallel_workers=4, event_handlers=None, ignore_user_meta=False, metas=['./colcon.meta'], base_paths=['.'], packages_ignore=None, packages_ignore_regex=None, paths=None, packages_up_to=None, packages_up_to_regex=None, packages_above=None, packages_above_and_dependencies=None, packages_above_depth=None, packages_select_by_dep=None, packages_skip_by_dep=None, packages_skip_up_to=None, packages_select_build_failed=False, packages_skip_build_finished=False, packages_select_test_failures=False, packages_skip_test_passed=False, packages_select=['cpp03_action'], packages_skip=None, packages_select_regex=None, packages_skip_regex=None, packages_start=None, packages_end=None, allow_overriding=[], cmake_args=None, cmake_target=None, cmake_target_skip_unavailable=False, cmake_clean_cache=False, cmake_clean_first=False, cmake_force_configure=False, ament_cmake_args=None, catkin_cmake_args=None, catkin_skip_building_tests=False, verb_parser=<colcon_defaults.argument_parser.defaults.DefaultArgumentsDecorator object at 0xffff8bf044a0>, verb_extension=<colcon_core.verb.build.BuildVerb object at 0xffff8bea5be0>, main=<bound method BuildVerb.main of <colcon_core.verb.build.BuildVerb object at 0xffff8bea5be0>>)
[0.190s] Level 1:colcon.colcon_core.package_discovery:discover_packages(colcon_meta) check parameters
[0.191s] Level 1:colcon.colcon_core.package_discovery:discover_packages(recursive) check parameters
[0.191s] Level 1:colcon.colcon_core.package_discovery:discover_packages(ignore) check parameters
[0.191s] Level 1:colcon.colcon_core.package_discovery:discover_packages(path) check parameters
[0.191s] Level 1:colcon.colcon_core.package_discovery:discover_packages(colcon_meta) discover
[0.191s] Level 1:colcon.colcon_core.package_discovery:discover_packages(recursive) discover
[0.191s] INFO:colcon.colcon_core.package_discovery:Crawling recursively for packages in '/home/haixin/ws01_plumbing'
[0.191s] Level 1:colcon.colcon_core.package_identification:_identify(.) by extensions ['ignore', 'ignore_ament_install']
[0.191s] Level 1:colcon.colcon_core.package_identification:_identify(.) by extension 'ignore'
[0.191s] Level 1:colcon.colcon_core.package_identification:_identify(.) by extension 'ignore_ament_install'
[0.191s] Level 1:colcon.colcon_core.package_identification:_identify(.) by extensions ['colcon_pkg']
[0.191s] Level 1:colcon.colcon_core.package_identification:_identify(.) by extension 'colcon_pkg'
[0.191s] Level 1:colcon.colcon_core.package_identification:_identify(.) by extensions ['colcon_meta']
[0.191s] Level 1:colcon.colcon_core.package_identification:_identify(.) by extension 'colcon_meta'
[0.191s] Level 1:colcon.colcon_core.package_identification:_identify(.) by extensions ['ros']
[0.191s] Level 1:colcon.colcon_core.package_identification:_identify(.) by extension 'ros'
[0.228s] Level 1:colcon.colcon_core.package_identification:_identify(.) by extensions ['cmake', 'python']
[0.229s] Level 1:colcon.colcon_core.package_identification:_identify(.) by extension 'cmake'
[0.229s] Level 1:colcon.colcon_core.package_identification:_identify(.) by extension 'python'
[0.229s] Level 1:colcon.colcon_core.package_identification:_identify(.) by extensions ['python_setup_py']
[0.229s] Level 1:colcon.colcon_core.package_identification:_identify(.) by extension 'python_setup_py'
[0.229s] Level 1:colcon.colcon_core.package_identification:_identify(build) by extensions ['ignore', 'ignore_ament_install']
[0.229s] Level 1:colcon.colcon_core.package_identification:_identify(build) by extension 'ignore'
[0.229s] Level 1:colcon.colcon_core.package_identification:_identify(build) ignored
[0.230s] Level 1:colcon.colcon_core.package_identification:_identify(install) by extensions ['ignore', 'ignore_ament_install']
[0.230s] Level 1:colcon.colcon_core.package_identification:_identify(install) by extension 'ignore'
[0.230s] Level 1:colcon.colcon_core.package_identification:_identify(install) ignored
[0.230s] Level 1:colcon.colcon_core.package_identification:_identify(log) by extensions ['ignore', 'ignore_ament_install']
[0.230s] Level 1:colcon.colcon_core.package_identification:_identify(log) by extension 'ignore'
[0.230s] Level 1:colcon.colcon_core.package_identification:_identify(log) ignored
[0.230s] Level 1:colcon.colcon_core.package_identification:_identify(src) by extensions ['ignore', 'ignore_ament_install']
[0.231s] Level 1:colcon.colcon_core.package_identification:_identify(src) by extension 'ignore'
[0.231s] Level 1:colcon.colcon_core.package_identification:_identify(src) by extension 'ignore_ament_install'
[0.231s] Level 1:colcon.colcon_core.package_identification:_identify(src) by extensions ['colcon_pkg']
[0.231s] Level 1:colcon.colcon_core.package_identification:_identify(src) by extension 'colcon_pkg'
[0.231s] Level 1:colcon.colcon_core.package_identification:_identify(src) by extensions ['colcon_meta']
[0.231s] Level 1:colcon.colcon_core.package_identification:_identify(src) by extension 'colcon_meta'
[0.231s] Level 1:colcon.colcon_core.package_identification:_identify(src) by extensions ['ros']
[0.231s] Level 1:colcon.colcon_core.package_identification:_identify(src) by extension 'ros'
[0.231s] Level 1:colcon.colcon_core.package_identification:_identify(src) by extensions ['cmake', 'python']
[0.231s] Level 1:colcon.colcon_core.package_identification:_identify(src) by extension 'cmake'
[0.232s] Level 1:colcon.colcon_core.package_identification:_identify(src) by extension 'python'
[0.232s] Level 1:colcon.colcon_core.package_identification:_identify(src) by extensions ['python_setup_py']
[0.232s] Level 1:colcon.colcon_core.package_identification:_identify(src) by extension 'python_setup_py'
[0.232s] Level 1:colcon.colcon_core.package_identification:_identify(src/base_interfaces_demo) by extensions ['ignore', 'ignore_ament_install']
[0.232s] Level 1:colcon.colcon_core.package_identification:_identify(src/base_interfaces_demo) by extension 'ignore'
[0.232s] Level 1:colcon.colcon_core.package_identification:_identify(src/base_interfaces_demo) by extension 'ignore_ament_install'
[0.232s] Level 1:colcon.colcon_core.package_identification:_identify(src/base_interfaces_demo) by extensions ['colcon_pkg']
[0.232s] Level 1:colcon.colcon_core.package_identification:_identify(src/base_interfaces_demo) by extension 'colcon_pkg'
[0.232s] Level 1:colcon.colcon_core.package_identification:_identify(src/base_interfaces_demo) by extensions ['colcon_meta']
[0.232s] Level 1:colcon.colcon_core.package_identification:_identify(src/base_interfaces_demo) by extension 'colcon_meta'
[0.232s] Level 1:colcon.colcon_core.package_identification:_identify(src/base_interfaces_demo) by extensions ['ros']
[0.232s] Level 1:colcon.colcon_core.package_identification:_identify(src/base_interfaces_demo) by extension 'ros'
[0.237s] DEBUG:colcon.colcon_core.package_identification:Package 'src/base_interfaces_demo' with type 'ros.ament_cmake' and name 'base_interfaces_demo'
[0.238s] Level 1:colcon.colcon_core.package_identification:_identify(src/cpp01_topic) by extensions ['ignore', 'ignore_ament_install']
[0.238s] Level 1:colcon.colcon_core.package_identification:_identify(src/cpp01_topic) by extension 'ignore'
[0.238s] Level 1:colcon.colcon_core.package_identification:_identify(src/cpp01_topic) by extension 'ignore_ament_install'
[0.238s] Level 1:colcon.colcon_core.package_identification:_identify(src/cpp01_topic) by extensions ['colcon_pkg']
[0.238s] Level 1:colcon.colcon_core.package_identification:_identify(src/cpp01_topic) by extension 'colcon_pkg'
[0.238s] Level 1:colcon.colcon_core.package_identification:_identify(src/cpp01_topic) by extensions ['colcon_meta']
[0.238s] Level 1:colcon.colcon_core.package_identification:_identify(src/cpp01_topic) by extension 'colcon_meta'
[0.238s] Level 1:colcon.colcon_core.package_identification:_identify(src/cpp01_topic) by extensions ['ros']
[0.238s] Level 1:colcon.colcon_core.package_identification:_identify(src/cpp01_topic) by extension 'ros'
[0.239s] DEBUG:colcon.colcon_core.package_identification:Package 'src/cpp01_topic' with type 'ros.ament_cmake' and name 'cpp01_topic'
[0.239s] Level 1:colcon.colcon_core.package_identification:_identify(src/cpp02_service) by extensions ['ignore', 'ignore_ament_install']
[0.239s] Level 1:colcon.colcon_core.package_identification:_identify(src/cpp02_service) by extension 'ignore'
[0.239s] Level 1:colcon.colcon_core.package_identification:_identify(src/cpp02_service) by extension 'ignore_ament_install'
[0.239s] Level 1:colcon.colcon_core.package_identification:_identify(src/cpp02_service) by extensions ['colcon_pkg']
[0.239s] Level 1:colcon.colcon_core.package_identification:_identify(src/cpp02_service) by extension 'colcon_pkg'
[0.239s] Level 1:colcon.colcon_core.package_identification:_identify(src/cpp02_service) by extensions ['colcon_meta']
[0.239s] Level 1:colcon.colcon_core.package_identification:_identify(src/cpp02_service) by extension 'colcon_meta'
[0.239s] Level 1:colcon.colcon_core.package_identification:_identify(src/cpp02_service) by extensions ['ros']
[0.239s] Level 1:colcon.colcon_core.package_identification:_identify(src/cpp02_service) by extension 'ros'
[0.240s] DEBUG:colcon.colcon_core.package_identification:Package 'src/cpp02_service' with type 'ros.ament_cmake' and name 'cpp02_service'
[0.240s] Level 1:colcon.colcon_core.package_identification:_identify(src/cpp03_action) by extensions ['ignore', 'ignore_ament_install']
[0.240s] Level 1:colcon.colcon_core.package_identification:_identify(src/cpp03_action) by extension 'ignore'
[0.240s] Level 1:colcon.colcon_core.package_identification:_identify(src/cpp03_action) by extension 'ignore_ament_install'
[0.240s] Level 1:colcon.colcon_core.package_identification:_identify(src/cpp03_action) by extensions ['colcon_pkg']
[0.240s] Level 1:colcon.colcon_core.package_identification:_identify(src/cpp03_action) by extension 'colcon_pkg'
[0.240s] Level 1:colcon.colcon_core.package_identification:_identify(src/cpp03_action) by extensions ['colcon_meta']
[0.240s] Level 1:colcon.colcon_core.package_identification:_identify(src/cpp03_action) by extension 'colcon_meta'
[0.240s] Level 1:colcon.colcon_core.package_identification:_identify(src/cpp03_action) by extensions ['ros']
[0.241s] Level 1:colcon.colcon_core.package_identification:_identify(src/cpp03_action) by extension 'ros'
[0.241s] DEBUG:colcon.colcon_core.package_identification:Package 'src/cpp03_action' with type 'ros.ament_cmake' and name 'cpp03_action'
[0.241s] Level 1:colcon.colcon_core.package_discovery:discover_packages(recursive) using defaults
[0.241s] Level 1:colcon.colcon_core.package_discovery:discover_packages(ignore) discover
[0.242s] Level 1:colcon.colcon_core.package_discovery:discover_packages(ignore) using defaults
[0.242s] Level 1:colcon.colcon_core.package_discovery:discover_packages(path) discover
[0.242s] Level 1:colcon.colcon_core.package_discovery:discover_packages(path) using defaults
[0.265s] INFO:colcon.colcon_core.package_selection:Skipping not selected package 'base_interfaces_demo' in 'src/base_interfaces_demo'
[0.265s] INFO:colcon.colcon_core.package_selection:Skipping not selected package 'cpp01_topic' in 'src/cpp01_topic'
[0.265s] INFO:colcon.colcon_core.package_selection:Skipping not selected package 'cpp02_service' in 'src/cpp02_service'
[0.265s] Level 1:colcon.colcon_core.package_discovery:discover_packages(prefix_path) check parameters
[0.265s] Level 1:colcon.colcon_core.package_discovery:discover_packages(prefix_path) discover
[0.268s] DEBUG:colcon.colcon_installed_package_information.package_discovery:Found 4 installed packages in /home/haixin/ws01_plumbing/install
[0.269s] DEBUG:colcon.colcon_installed_package_information.package_discovery:Found 192 installed packages in /opt/ros/jazzy
[0.270s] Level 1:colcon.colcon_core.package_discovery:discover_packages(prefix_path) using defaults
[0.309s] Level 5:colcon.colcon_core.verb:set package 'cpp03_action' build argument 'cmake_args' from command line to 'None'
[0.309s] Level 5:colcon.colcon_core.verb:set package 'cpp03_action' build argument 'cmake_target' from command line to 'None'
[0.309s] Level 5:colcon.colcon_core.verb:set package 'cpp03_action' build argument 'cmake_target_skip_unavailable' from command line to 'False'
[0.309s] Level 5:colcon.colcon_core.verb:set package 'cpp03_action' build argument 'cmake_clean_cache' from command line to 'False'
[0.309s] Level 5:colcon.colcon_core.verb:set package 'cpp03_action' build argument 'cmake_clean_first' from command line to 'False'
[0.309s] Level 5:colcon.colcon_core.verb:set package 'cpp03_action' build argument 'cmake_force_configure' from command line to 'False'
[0.309s] Level 5:colcon.colcon_core.verb:set package 'cpp03_action' build argument 'ament_cmake_args' from command line to 'None'
[0.309s] Level 5:colcon.colcon_core.verb:set package 'cpp03_action' build argument 'catkin_cmake_args' from command line to 'None'
[0.309s] Level 5:colcon.colcon_core.verb:set package 'cpp03_action' build argument 'catkin_skip_building_tests' from command line to 'False'
[0.309s] DEBUG:colcon.colcon_core.verb:Building package 'cpp03_action' with the following arguments: {'ament_cmake_args': None, 'build_base': '/home/haixin/ws01_plumbing/build/cpp03_action', 'catkin_cmake_args': None, 'catkin_skip_building_tests': False, 'cmake_args': None, 'cmake_clean_cache': False, 'cmake_clean_first': False, 'cmake_force_configure': False, 'cmake_target': None, 'cmake_target_skip_unavailable': False, 'install_base': '/home/haixin/ws01_plumbing/install/cpp03_action', 'merge_install': False, 'path': '/home/haixin/ws01_plumbing/src/cpp03_action', 'symlink_install': False, 'test_result_base': None}
[0.309s] INFO:colcon.colcon_core.executor:Executing jobs using 'parallel' executor
[0.311s] DEBUG:colcon.colcon_parallel_executor.executor.parallel:run_until_complete
[0.311s] INFO:colcon.colcon_ros.task.ament_cmake.build:Building ROS package in '/home/haixin/ws01_plumbing/src/cpp03_action' with build type 'ament_cmake'
[0.311s] INFO:colcon.colcon_cmake.task.cmake.build:Building CMake package in '/home/haixin/ws01_plumbing/src/cpp03_action'
[0.314s] INFO:colcon.colcon_core.plugin_system:Skipping extension 'colcon_core.shell.bat': Not used on non-Windows systems
[0.314s] INFO:colcon.colcon_core.shell:Skip shell extension 'powershell' for command environment: Not usable outside of PowerShell
[0.314s] DEBUG:colcon.colcon_core.shell:Skip shell extension 'dsv' for command environment
[0.332s] DEBUG:colcon.colcon_core.event_handler.log_command:Invoking command in '/home/haixin/ws01_plumbing/build/cpp03_action': CMAKE_PREFIX_PATH=/home/haixin/ws01_plumbing/install/base_interfaces_demo:/home/haixin/ws01_plumbing/install/cpp03_action:/home/haixin/ws01_plumbing/install/cpp02_service:/home/haixin/ws01_plumbing/install/cpp01_topic:/opt/ros/jazzy /usr/bin/cmake --build /home/haixin/ws01_plumbing/build/cpp03_action -- -j4 -l4
[7.656s] DEBUG:colcon.colcon_core.event_handler.log_command:Invoked command in '/home/haixin/ws01_plumbing/build/cpp03_action' returned '0': CMAKE_PREFIX_PATH=/home/haixin/ws01_plumbing/install/base_interfaces_demo:/home/haixin/ws01_plumbing/install/cpp03_action:/home/haixin/ws01_plumbing/install/cpp02_service:/home/haixin/ws01_plumbing/install/cpp01_topic:/opt/ros/jazzy /usr/bin/cmake --build /home/haixin/ws01_plumbing/build/cpp03_action -- -j4 -l4
[7.674s] DEBUG:colcon.colcon_core.event_handler.log_command:Invoking command in '/home/haixin/ws01_plumbing/build/cpp03_action': CMAKE_PREFIX_PATH=/home/haixin/ws01_plumbing/install/base_interfaces_demo:/home/haixin/ws01_plumbing/install/cpp03_action:/home/haixin/ws01_plumbing/install/cpp02_service:/home/haixin/ws01_plumbing/install/cpp01_topic:/opt/ros/jazzy /usr/bin/cmake --install /home/haixin/ws01_plumbing/build/cpp03_action
[7.696s] Level 1:colcon.colcon_core.environment:create_environment_scripts_only(cpp03_action)
[7.696s] DEBUG:colcon.colcon_core.event_handler.log_command:Invoked command in '/home/haixin/ws01_plumbing/build/cpp03_action' returned '0': CMAKE_PREFIX_PATH=/home/haixin/ws01_plumbing/install/base_interfaces_demo:/home/haixin/ws01_plumbing/install/cpp03_action:/home/haixin/ws01_plumbing/install/cpp02_service:/home/haixin/ws01_plumbing/install/cpp01_topic:/opt/ros/jazzy /usr/bin/cmake --install /home/haixin/ws01_plumbing/build/cpp03_action
[7.699s] Level 1:colcon.colcon_core.environment:checking '/home/haixin/ws01_plumbing/install/cpp03_action' for CMake module files
[7.700s] Level 1:colcon.colcon_core.environment:checking '/home/haixin/ws01_plumbing/install/cpp03_action' for CMake config files
[7.700s] Level 1:colcon.colcon_core.shell:create_environment_hook('cpp03_action', 'cmake_prefix_path')
[7.700s] INFO:colcon.colcon_core.shell:Creating environment hook '/home/haixin/ws01_plumbing/install/cpp03_action/share/cpp03_action/hook/cmake_prefix_path.ps1'
[7.701s] INFO:colcon.colcon_core.shell:Creating environment descriptor '/home/haixin/ws01_plumbing/install/cpp03_action/share/cpp03_action/hook/cmake_prefix_path.dsv'
[7.702s] INFO:colcon.colcon_core.shell:Creating environment hook '/home/haixin/ws01_plumbing/install/cpp03_action/share/cpp03_action/hook/cmake_prefix_path.sh'
[7.703s] Level 1:colcon.colcon_core.environment:checking '/home/haixin/ws01_plumbing/install/cpp03_action/lib'
[7.704s] Level 1:colcon.colcon_core.environment:checking '/home/haixin/ws01_plumbing/install/cpp03_action/bin'
[7.704s] Level 1:colcon.colcon_core.environment:checking '/home/haixin/ws01_plumbing/install/cpp03_action/lib/pkgconfig/cpp03_action.pc'
[7.704s] Level 1:colcon.colcon_core.environment:checking '/home/haixin/ws01_plumbing/install/cpp03_action/lib/python3.12/site-packages'
[7.704s] Level 1:colcon.colcon_core.environment:checking '/home/haixin/ws01_plumbing/install/cpp03_action/bin'
[7.705s] INFO:colcon.colcon_core.shell:Creating package script '/home/haixin/ws01_plumbing/install/cpp03_action/share/cpp03_action/package.ps1'
[7.706s] INFO:colcon.colcon_core.shell:Creating package descriptor '/home/haixin/ws01_plumbing/install/cpp03_action/share/cpp03_action/package.dsv'
[7.707s] INFO:colcon.colcon_core.shell:Creating package script '/home/haixin/ws01_plumbing/install/cpp03_action/share/cpp03_action/package.sh'
[7.707s] INFO:colcon.colcon_core.shell:Creating package script '/home/haixin/ws01_plumbing/install/cpp03_action/share/cpp03_action/package.bash'
[7.708s] INFO:colcon.colcon_core.shell:Creating package script '/home/haixin/ws01_plumbing/install/cpp03_action/share/cpp03_action/package.zsh'
[7.714s] Level 1:colcon.colcon_core.environment:create_file_with_runtime_dependencies(/home/haixin/ws01_plumbing/install/cpp03_action/share/colcon-core/packages/cpp03_action)
[7.717s] Level 1:colcon.colcon_core.environment:create_environment_scripts_only(cpp03_action)
[7.717s] Level 1:colcon.colcon_core.environment:checking '/home/haixin/ws01_plumbing/install/cpp03_action' for CMake module files
[7.718s] Level 1:colcon.colcon_core.environment:checking '/home/haixin/ws01_plumbing/install/cpp03_action' for CMake config files
[7.718s] Level 1:colcon.colcon_core.shell:create_environment_hook('cpp03_action', 'cmake_prefix_path')
[7.718s] INFO:colcon.colcon_core.shell:Creating environment hook '/home/haixin/ws01_plumbing/install/cpp03_action/share/cpp03_action/hook/cmake_prefix_path.ps1'
[7.719s] INFO:colcon.colcon_core.shell:Creating environment descriptor '/home/haixin/ws01_plumbing/install/cpp03_action/share/cpp03_action/hook/cmake_prefix_path.dsv'
[7.720s] INFO:colcon.colcon_core.shell:Creating environment hook '/home/haixin/ws01_plumbing/install/cpp03_action/share/cpp03_action/hook/cmake_prefix_path.sh'
[7.724s] Level 1:colcon.colcon_core.environment:checking '/home/haixin/ws01_plumbing/install/cpp03_action/lib'
[7.724s] Level 1:colcon.colcon_core.environment:checking '/home/haixin/ws01_plumbing/install/cpp03_action/bin'
[7.725s] Level 1:colcon.colcon_core.environment:checking '/home/haixin/ws01_plumbing/install/cpp03_action/lib/pkgconfig/cpp03_action.pc'
[7.725s] Level 1:colcon.colcon_core.environment:checking '/home/haixin/ws01_plumbing/install/cpp03_action/lib/python3.12/site-packages'
[7.725s] Level 1:colcon.colcon_core.environment:checking '/home/haixin/ws01_plumbing/install/cpp03_action/bin'
[7.726s] INFO:colcon.colcon_core.shell:Creating package script '/home/haixin/ws01_plumbing/install/cpp03_action/share/cpp03_action/package.ps1'
[7.726s] INFO:colcon.colcon_core.shell:Creating package descriptor '/home/haixin/ws01_plumbing/install/cpp03_action/share/cpp03_action/package.dsv'
[7.728s] INFO:colcon.colcon_core.shell:Creating package script '/home/haixin/ws01_plumbing/install/cpp03_action/share/cpp03_action/package.sh'
[7.729s] INFO:colcon.colcon_core.shell:Creating package script '/home/haixin/ws01_plumbing/install/cpp03_action/share/cpp03_action/package.bash'
[7.732s] INFO:colcon.colcon_core.shell:Creating package script '/home/haixin/ws01_plumbing/install/cpp03_action/share/cpp03_action/package.zsh'
[7.733s] Level 1:colcon.colcon_core.environment:create_file_with_runtime_dependencies(/home/haixin/ws01_plumbing/install/cpp03_action/share/colcon-core/packages/cpp03_action)
[7.735s] DEBUG:colcon.colcon_parallel_executor.executor.parallel:closing loop
[7.735s] DEBUG:colcon.colcon_parallel_executor.executor.parallel:loop closed
[7.736s] DEBUG:colcon.colcon_parallel_executor.executor.parallel:run_until_complete finished with '0'
[7.736s] DEBUG:colcon.colcon_core.event_reactor:joining thread
[7.744s] INFO:colcon.colcon_core.plugin_system:Skipping extension 'colcon_notification.desktop_notification.notify_send': Could not find 'notify-send'
[7.744s] INFO:colcon.colcon_core.plugin_system:Skipping extension 'colcon_notification.desktop_notification.terminal_notifier': Not used on non-Darwin systems
[7.745s] INFO:colcon.colcon_core.plugin_system:Skipping extension 'colcon_notification.desktop_notification.win32': Not used on non-Windows systems
[7.745s] INFO:colcon.colcon_notification.desktop_notification:Sending desktop notification using 'notify2'
[7.746s] DEBUG:colcon.colcon_notification.desktop_notification.notify2:Failed to initialize notify2: org.freedesktop.DBus.Error.ServiceUnknown: The name org.freedesktop.Notifications was not provided by any .service files
[7.747s] DEBUG:colcon.colcon_core.event_reactor:joined thread
[7.747s] INFO:colcon.colcon_core.shell:Creating prefix script '/home/haixin/ws01_plumbing/install/local_setup.ps1'
[7.748s] INFO:colcon.colcon_core.shell:Creating prefix util module '/home/haixin/ws01_plumbing/install/_local_setup_util_ps1.py'
[7.750s] INFO:colcon.colcon_core.shell:Creating prefix chain script '/home/haixin/ws01_plumbing/install/setup.ps1'
[7.751s] INFO:colcon.colcon_core.shell:Creating prefix script '/home/haixin/ws01_plumbing/install/local_setup.sh'
[7.752s] INFO:colcon.colcon_core.shell:Creating prefix util module '/home/haixin/ws01_plumbing/install/_local_setup_util_sh.py'
[7.753s] INFO:colcon.colcon_core.shell:Creating prefix chain script '/home/haixin/ws01_plumbing/install/setup.sh'
[7.756s] INFO:colcon.colcon_core.shell:Creating prefix script '/home/haixin/ws01_plumbing/install/local_setup.bash'
[7.758s] INFO:colcon.colcon_core.shell:Creating prefix chain script '/home/haixin/ws01_plumbing/install/setup.bash'
[7.760s] INFO:colcon.colcon_core.shell:Creating prefix script '/home/haixin/ws01_plumbing/install/local_setup.zsh'
[7.761s] INFO:colcon.colcon_core.shell:Creating prefix chain script '/home/haixin/ws01_plumbing/install/setup.zsh'
