[0.015s] Invoking command in '/home/haixin/ws01_plumbing/build/cpp04_param': CMAKE_PREFIX_PATH=${CMAKE_PREFIX_PATH}:/opt/ros/jazzy /usr/bin/cmake /home/haixin/ws01_plumbing/src/cpp04_param -DCMAKE_INSTALL_PREFIX=/home/haixin/ws01_plumbing/install/cpp04_param
[0.038s] -- Found ament_cmake: 2.5.4 (/opt/ros/jazzy/share/ament_cmake/cmake)
[0.393s] -- Found rclcpp: 28.1.10 (/opt/ros/jazzy/share/rclcpp/cmake)
[0.431s] -- Found rosidl_generator_c: 4.6.5 (/opt/ros/jazzy/share/rosidl_generator_c/cmake)
[0.447s] -- Found rosidl_generator_cpp: 4.6.5 (/opt/ros/jazzy/share/rosidl_generator_cpp/cmake)
[0.468s] -- Using all available rosidl_typesupport_c: rosidl_typesupport_fastrtps_c;rosidl_typesupport_introspection_c
[0.491s] -- Using all available rosidl_typesupport_cpp: rosidl_typesupport_fastrtps_cpp;rosidl_typesupport_introspection_cpp
[0.576s] -- Found rmw_implementation_cmake: 7.3.2 (/opt/ros/jazzy/share/rmw_implementation_cmake/cmake)
[0.578s] -- Found rmw_fastrtps_cpp: 8.4.2 (/opt/ros/jazzy/share/rmw_fastrtps_cpp/cmake)
[0.668s] -- Using RMW implementation 'rmw_fastrtps_cpp' as default
[0.750s] -- Found ament_lint_auto: 0.17.2 (/opt/ros/jazzy/share/ament_lint_auto/cmake)
[0.908s] -- Added test 'cppcheck' to perform static code analysis on C / C++ code
[0.909s] -- Configured cppcheck include dirs: $<BUILD_INTERFACE:/home/haixin/ws01_plumbing/src/cpp04_param/include>
[0.909s] -- Configured cppcheck exclude dirs and/or files: 
[0.909s] -- Added test 'lint_cmake' to check CMake code style
[0.910s] -- Added test 'uncrustify' to check C / C++ code style
[0.911s] -- Configured uncrustify additional arguments: 
[0.911s] -- Added test 'xmllint' to check XML markup files
[0.912s] -- Configuring done (0.9s)
[0.930s] -- Generating done (0.0s)
[0.950s] -- Build files have been written to: /home/haixin/ws01_plumbing/build/cpp04_param
[0.963s] Invoked command in '/home/haixin/ws01_plumbing/build/cpp04_param' returned '0': CMAKE_PREFIX_PATH=${CMAKE_PREFIX_PATH}:/opt/ros/jazzy /usr/bin/cmake /home/haixin/ws01_plumbing/src/cpp04_param -DCMAKE_INSTALL_PREFIX=/home/haixin/ws01_plumbing/install/cpp04_param
[0.965s] Invoking command in '/home/haixin/ws01_plumbing/build/cpp04_param': CMAKE_PREFIX_PATH=${CMAKE_PREFIX_PATH}:/opt/ros/jazzy /usr/bin/cmake --build /home/haixin/ws01_plumbing/build/cpp04_param -- -j4 -l4
[1.066s] [ 50%] [32mBuilding CXX object CMakeFiles/demo00_param.dir/src/demo00_param.cpp.o[0m
[5.455s] [100%] [32m[1mLinking CXX executable demo00_param[0m
[5.677s] [100%] Built target demo00_param
[5.699s] Invoked command in '/home/haixin/ws01_plumbing/build/cpp04_param' returned '0': CMAKE_PREFIX_PATH=${CMAKE_PREFIX_PATH}:/opt/ros/jazzy /usr/bin/cmake --build /home/haixin/ws01_plumbing/build/cpp04_param -- -j4 -l4
[5.717s] Invoking command in '/home/haixin/ws01_plumbing/build/cpp04_param': CMAKE_PREFIX_PATH=${CMAKE_PREFIX_PATH}:/opt/ros/jazzy /usr/bin/cmake --install /home/haixin/ws01_plumbing/build/cpp04_param
[5.730s] -- Install configuration: ""
[5.731s] -- Installing: /home/haixin/ws01_plumbing/install/cpp04_param/lib/cpp04_param/demo00_param
[5.732s] -- Set non-toolchain portion of runtime path of "/home/haixin/ws01_plumbing/install/cpp04_param/lib/cpp04_param/demo00_param" to ""
[5.732s] -- Up-to-date: /home/haixin/ws01_plumbing/install/cpp04_param/share/ament_index/resource_index/package_run_dependencies/cpp04_param
[5.732s] -- Installing: /home/haixin/ws01_plumbing/install/cpp04_param/share/ament_index/resource_index/parent_prefix_path/cpp04_param
[5.732s] -- Up-to-date: /home/haixin/ws01_plumbing/install/cpp04_param/share/cpp04_param/environment/ament_prefix_path.sh
[5.732s] -- Up-to-date: /home/haixin/ws01_plumbing/install/cpp04_param/share/cpp04_param/environment/ament_prefix_path.dsv
[5.733s] -- Up-to-date: /home/haixin/ws01_plumbing/install/cpp04_param/share/cpp04_param/environment/path.sh
[5.733s] -- Up-to-date: /home/haixin/ws01_plumbing/install/cpp04_param/share/cpp04_param/environment/path.dsv
[5.733s] -- Up-to-date: /home/haixin/ws01_plumbing/install/cpp04_param/share/cpp04_param/local_setup.bash
[5.733s] -- Up-to-date: /home/haixin/ws01_plumbing/install/cpp04_param/share/cpp04_param/local_setup.sh
[5.733s] -- Up-to-date: /home/haixin/ws01_plumbing/install/cpp04_param/share/cpp04_param/local_setup.zsh
[5.733s] -- Up-to-date: /home/haixin/ws01_plumbing/install/cpp04_param/share/cpp04_param/local_setup.dsv
[5.733s] -- Installing: /home/haixin/ws01_plumbing/install/cpp04_param/share/cpp04_param/package.dsv
[5.733s] -- Up-to-date: /home/haixin/ws01_plumbing/install/cpp04_param/share/ament_index/resource_index/packages/cpp04_param
[5.733s] -- Up-to-date: /home/haixin/ws01_plumbing/install/cpp04_param/share/cpp04_param/cmake/cpp04_paramConfig.cmake
[5.733s] -- Up-to-date: /home/haixin/ws01_plumbing/install/cpp04_param/share/cpp04_param/cmake/cpp04_paramConfig-version.cmake
[5.734s] -- Up-to-date: /home/haixin/ws01_plumbing/install/cpp04_param/share/cpp04_param/package.xml
[5.736s] Invoked command in '/home/haixin/ws01_plumbing/build/cpp04_param' returned '0': CMAKE_PREFIX_PATH=${CMAKE_PREFIX_PATH}:/opt/ros/jazzy /usr/bin/cmake --install /home/haixin/ws01_plumbing/build/cpp04_param
