[0.017s] Invoking command in '/home/haixin/ws01_plumbing/build/cpp01_topic': CMAKE_PREFIX_PATH=/home/haixin/ws01_plumbing/install/base_interfaces_demo:/home/haixin/ws01_plumbing/install/cpp01_topic:/opt/ros/jazzy /usr/bin/cmake --build /home/haixin/ws01_plumbing/build/cpp01_topic -- -j4 -l4
[0.121s] [ 50%] [32mBuilding CXX object CMakeFiles/demo01_talker_str.dir/src/demo01_talker_str.cpp.o[0m
[6.979s] [100%] [32m[1mLinking CXX executable demo01_talker_str[0m
[7.324s] [100%] Built target demo01_talker_str
[7.345s] Invoked command in '/home/haixin/ws01_plumbing/build/cpp01_topic' returned '0': CMAKE_PREFIX_PATH=/home/haixin/ws01_plumbing/install/base_interfaces_demo:/home/haixin/ws01_plumbing/install/cpp01_topic:/opt/ros/jazzy /usr/bin/cmake --build /home/haixin/ws01_plumbing/build/cpp01_topic -- -j4 -l4
[7.362s] Invoking command in '/home/haixin/ws01_plumbing/build/cpp01_topic': CMAKE_PREFIX_PATH=/home/haixin/ws01_plumbing/install/base_interfaces_demo:/home/haixin/ws01_plumbing/install/cpp01_topic:/opt/ros/jazzy /usr/bin/cmake --install /home/haixin/ws01_plumbing/build/cpp01_topic
[7.375s] -- Install configuration: ""
[7.375s] -- Installing: /home/haixin/ws01_plumbing/install/cpp01_topic/lib/cpp01_topic/demo01_talker_str
[7.378s] -- Set non-toolchain portion of runtime path of "/home/haixin/ws01_plumbing/install/cpp01_topic/lib/cpp01_topic/demo01_talker_str" to ""
[7.378s] -- Up-to-date: /home/haixin/ws01_plumbing/install/cpp01_topic/share/ament_index/resource_index/package_run_dependencies/cpp01_topic
[7.379s] -- Up-to-date: /home/haixin/ws01_plumbing/install/cpp01_topic/share/ament_index/resource_index/parent_prefix_path/cpp01_topic
[7.379s] -- Up-to-date: /home/haixin/ws01_plumbing/install/cpp01_topic/share/cpp01_topic/environment/ament_prefix_path.sh
[7.379s] -- Up-to-date: /home/haixin/ws01_plumbing/install/cpp01_topic/share/cpp01_topic/environment/ament_prefix_path.dsv
[7.379s] -- Up-to-date: /home/haixin/ws01_plumbing/install/cpp01_topic/share/cpp01_topic/environment/path.sh
[7.379s] -- Up-to-date: /home/haixin/ws01_plumbing/install/cpp01_topic/share/cpp01_topic/environment/path.dsv
[7.379s] -- Up-to-date: /home/haixin/ws01_plumbing/install/cpp01_topic/share/cpp01_topic/local_setup.bash
[7.379s] -- Up-to-date: /home/haixin/ws01_plumbing/install/cpp01_topic/share/cpp01_topic/local_setup.sh
[7.379s] -- Up-to-date: /home/haixin/ws01_plumbing/install/cpp01_topic/share/cpp01_topic/local_setup.zsh
[7.379s] -- Up-to-date: /home/haixin/ws01_plumbing/install/cpp01_topic/share/cpp01_topic/local_setup.dsv
[7.380s] -- Installing: /home/haixin/ws01_plumbing/install/cpp01_topic/share/cpp01_topic/package.dsv
[7.380s] -- Up-to-date: /home/haixin/ws01_plumbing/install/cpp01_topic/share/ament_index/resource_index/packages/cpp01_topic
[7.380s] -- Up-to-date: /home/haixin/ws01_plumbing/install/cpp01_topic/share/cpp01_topic/cmake/cpp01_topicConfig.cmake
[7.380s] -- Up-to-date: /home/haixin/ws01_plumbing/install/cpp01_topic/share/cpp01_topic/cmake/cpp01_topicConfig-version.cmake
[7.380s] -- Up-to-date: /home/haixin/ws01_plumbing/install/cpp01_topic/share/cpp01_topic/package.xml
[7.383s] Invoked command in '/home/haixin/ws01_plumbing/build/cpp01_topic' returned '0': CMAKE_PREFIX_PATH=/home/haixin/ws01_plumbing/install/base_interfaces_demo:/home/haixin/ws01_plumbing/install/cpp01_topic:/opt/ros/jazzy /usr/bin/cmake --install /home/haixin/ws01_plumbing/build/cpp01_topic
