[0.020s] Invoking command in '/home/haixin/ws01_plumbing/build/cpp03_action': CMAKE_PREFIX_PATH=/home/haixin/ws01_plumbing/install/base_interfaces_demo:/home/haixin/ws01_plumbing/install/cpp03_action:/home/haixin/ws01_plumbing/install/cpp02_service:/home/haixin/ws01_plumbing/install/cpp01_topic:/opt/ros/jazzy /usr/bin/cmake --build /home/haixin/ws01_plumbing/build/cpp03_action -- -j4 -l4
[0.131s] [ 25%] [32mBuilding CXX object CMakeFiles/demo02_action_client.dir/src/demo02_action_client.cpp.o[0m
[0.131s] [ 75%] Built target demo01_action_server
[4.587s] [100%] [32m[1mLinking CXX executable demo02_action_client[0m
[4.824s] [100%] Built target demo02_action_client
[4.846s] Invoked command in '/home/haixin/ws01_plumbing/build/cpp03_action' returned '0': CMAKE_PREFIX_PATH=/home/haixin/ws01_plumbing/install/base_interfaces_demo:/home/haixin/ws01_plumbing/install/cpp03_action:/home/haixin/ws01_plumbing/install/cpp02_service:/home/haixin/ws01_plumbing/install/cpp01_topic:/opt/ros/jazzy /usr/bin/cmake --build /home/haixin/ws01_plumbing/build/cpp03_action -- -j4 -l4
[4.864s] Invoking command in '/home/haixin/ws01_plumbing/build/cpp03_action': CMAKE_PREFIX_PATH=/home/haixin/ws01_plumbing/install/base_interfaces_demo:/home/haixin/ws01_plumbing/install/cpp03_action:/home/haixin/ws01_plumbing/install/cpp02_service:/home/haixin/ws01_plumbing/install/cpp01_topic:/opt/ros/jazzy /usr/bin/cmake --install /home/haixin/ws01_plumbing/build/cpp03_action
[4.877s] -- Install configuration: ""
[4.878s] -- Up-to-date: /home/haixin/ws01_plumbing/install/cpp03_action/lib/cpp03_action/demo01_action_server
[4.878s] -- Installing: /home/haixin/ws01_plumbing/install/cpp03_action/lib/cpp03_action/demo02_action_client
[4.879s] -- Set non-toolchain portion of runtime path of "/home/haixin/ws01_plumbing/install/cpp03_action/lib/cpp03_action/demo02_action_client" to ""
[4.879s] -- Up-to-date: /home/haixin/ws01_plumbing/install/cpp03_action/share/ament_index/resource_index/package_run_dependencies/cpp03_action
[4.879s] -- Up-to-date: /home/haixin/ws01_plumbing/install/cpp03_action/share/ament_index/resource_index/parent_prefix_path/cpp03_action
[4.879s] -- Up-to-date: /home/haixin/ws01_plumbing/install/cpp03_action/share/cpp03_action/environment/ament_prefix_path.sh
[4.879s] -- Up-to-date: /home/haixin/ws01_plumbing/install/cpp03_action/share/cpp03_action/environment/ament_prefix_path.dsv
[4.879s] -- Up-to-date: /home/haixin/ws01_plumbing/install/cpp03_action/share/cpp03_action/environment/path.sh
[4.880s] -- Up-to-date: /home/haixin/ws01_plumbing/install/cpp03_action/share/cpp03_action/environment/path.dsv
[4.880s] -- Up-to-date: /home/haixin/ws01_plumbing/install/cpp03_action/share/cpp03_action/local_setup.bash
[4.880s] -- Up-to-date: /home/haixin/ws01_plumbing/install/cpp03_action/share/cpp03_action/local_setup.sh
[4.880s] -- Up-to-date: /home/haixin/ws01_plumbing/install/cpp03_action/share/cpp03_action/local_setup.zsh
[4.880s] -- Up-to-date: /home/haixin/ws01_plumbing/install/cpp03_action/share/cpp03_action/local_setup.dsv
[4.880s] -- Installing: /home/haixin/ws01_plumbing/install/cpp03_action/share/cpp03_action/package.dsv
[4.880s] -- Up-to-date: /home/haixin/ws01_plumbing/install/cpp03_action/share/ament_index/resource_index/packages/cpp03_action
[4.880s] -- Up-to-date: /home/haixin/ws01_plumbing/install/cpp03_action/share/cpp03_action/cmake/cpp03_actionConfig.cmake
[4.880s] -- Up-to-date: /home/haixin/ws01_plumbing/install/cpp03_action/share/cpp03_action/cmake/cpp03_actionConfig-version.cmake
[4.881s] -- Up-to-date: /home/haixin/ws01_plumbing/install/cpp03_action/share/cpp03_action/package.xml
[4.883s] Invoked command in '/home/haixin/ws01_plumbing/build/cpp03_action' returned '0': CMAKE_PREFIX_PATH=/home/haixin/ws01_plumbing/install/base_interfaces_demo:/home/haixin/ws01_plumbing/install/cpp03_action:/home/haixin/ws01_plumbing/install/cpp02_service:/home/haixin/ws01_plumbing/install/cpp01_topic:/opt/ros/jazzy /usr/bin/cmake --install /home/haixin/ws01_plumbing/build/cpp03_action
