[0.020s] Invoking command in '/home/haixin/ws01_plumbing/build/cpp03_action': CMAKE_PREFIX_PATH=/home/haixin/ws01_plumbing/install/base_interfaces_demo:/home/haixin/ws01_plumbing/install/cpp03_action:/home/haixin/ws01_plumbing/install/cpp02_service:/home/haixin/ws01_plumbing/install/cpp01_topic:/opt/ros/jazzy /usr/bin/cmake --build /home/haixin/ws01_plumbing/build/cpp03_action -- -j4 -l4
[0.129s] [ 25%] [32mBuilding CXX object CMakeFiles/demo02_action_client.dir/src/demo02_action_client.cpp.o[0m
[0.132s] [ 75%] Built target demo01_action_server
[3.908s] [01m[K/home/haixin/ws01_plumbing/src/cpp03_action/src/demo02_action_client.cpp:[m[K In member function ‘[01m[Kvoid ProgressActionClient::[01;32m[Kresult_callback[m[K(const rclcpp_action::ClientGoalHandle<base_interfaces_demo::action::Progress>::WrappedResult&)[m[K’:
[3.908s] [01m[K/home/haixin/ws01_plumbing/src/cpp03_action/src/demo02_action_client.cpp:56:95:[m[K [01;35m[Kwarning: [m[Kunused parameter ‘[01m[Kresult[m[K’ [[01;35m[K]8;;https://gcc.gnu.org/onlinedocs/gcc/Warning-Options.html#index-Wunused-parameter-Wunused-parameter]8;;[m[K]
[3.908s]    56 |         void result_callback([01;35m[Kconst rclcpp_action::ClientGoalHandle<Progress>::WrappedResult & result[m[K)
[3.909s]       |                              [01;35m[K~~~~~~~~~~~~~~~~~~~~~~~~~~~~~~~~~~~~~~~~~~~~~~~~~~~~~~~~~~~~~~~~~^~~~~~[m[K
[6.988s] [100%] [32m[1mLinking CXX executable demo02_action_client[0m
[7.320s] [100%] Built target demo02_action_client
[7.344s] Invoked command in '/home/haixin/ws01_plumbing/build/cpp03_action' returned '0': CMAKE_PREFIX_PATH=/home/haixin/ws01_plumbing/install/base_interfaces_demo:/home/haixin/ws01_plumbing/install/cpp03_action:/home/haixin/ws01_plumbing/install/cpp02_service:/home/haixin/ws01_plumbing/install/cpp01_topic:/opt/ros/jazzy /usr/bin/cmake --build /home/haixin/ws01_plumbing/build/cpp03_action -- -j4 -l4
[7.362s] Invoking command in '/home/haixin/ws01_plumbing/build/cpp03_action': CMAKE_PREFIX_PATH=/home/haixin/ws01_plumbing/install/base_interfaces_demo:/home/haixin/ws01_plumbing/install/cpp03_action:/home/haixin/ws01_plumbing/install/cpp02_service:/home/haixin/ws01_plumbing/install/cpp01_topic:/opt/ros/jazzy /usr/bin/cmake --install /home/haixin/ws01_plumbing/build/cpp03_action
[7.376s] -- Install configuration: ""
[7.377s] -- Up-to-date: /home/haixin/ws01_plumbing/install/cpp03_action/lib/cpp03_action/demo01_action_server
[7.378s] -- Installing: /home/haixin/ws01_plumbing/install/cpp03_action/lib/cpp03_action/demo02_action_client
[7.380s] -- Set non-toolchain portion of runtime path of "/home/haixin/ws01_plumbing/install/cpp03_action/lib/cpp03_action/demo02_action_client" to ""
[7.380s] -- Up-to-date: /home/haixin/ws01_plumbing/install/cpp03_action/share/ament_index/resource_index/package_run_dependencies/cpp03_action
[7.380s] -- Up-to-date: /home/haixin/ws01_plumbing/install/cpp03_action/share/ament_index/resource_index/parent_prefix_path/cpp03_action
[7.380s] -- Up-to-date: /home/haixin/ws01_plumbing/install/cpp03_action/share/cpp03_action/environment/ament_prefix_path.sh
[7.380s] -- Up-to-date: /home/haixin/ws01_plumbing/install/cpp03_action/share/cpp03_action/environment/ament_prefix_path.dsv
[7.381s] -- Up-to-date: /home/haixin/ws01_plumbing/install/cpp03_action/share/cpp03_action/environment/path.sh
[7.381s] -- Up-to-date: /home/haixin/ws01_plumbing/install/cpp03_action/share/cpp03_action/environment/path.dsv
[7.381s] -- Up-to-date: /home/haixin/ws01_plumbing/install/cpp03_action/share/cpp03_action/local_setup.bash
[7.381s] -- Up-to-date: /home/haixin/ws01_plumbing/install/cpp03_action/share/cpp03_action/local_setup.sh
[7.381s] -- Up-to-date: /home/haixin/ws01_plumbing/install/cpp03_action/share/cpp03_action/local_setup.zsh
[7.381s] -- Up-to-date: /home/haixin/ws01_plumbing/install/cpp03_action/share/cpp03_action/local_setup.dsv
[7.381s] -- Installing: /home/haixin/ws01_plumbing/install/cpp03_action/share/cpp03_action/package.dsv
[7.381s] -- Up-to-date: /home/haixin/ws01_plumbing/install/cpp03_action/share/ament_index/resource_index/packages/cpp03_action
[7.382s] -- Up-to-date: /home/haixin/ws01_plumbing/install/cpp03_action/share/cpp03_action/cmake/cpp03_actionConfig.cmake
[7.382s] -- Up-to-date: /home/haixin/ws01_plumbing/install/cpp03_action/share/cpp03_action/cmake/cpp03_actionConfig-version.cmake
[7.382s] -- Up-to-date: /home/haixin/ws01_plumbing/install/cpp03_action/share/cpp03_action/package.xml
[7.385s] Invoked command in '/home/haixin/ws01_plumbing/build/cpp03_action' returned '0': CMAKE_PREFIX_PATH=/home/haixin/ws01_plumbing/install/base_interfaces_demo:/home/haixin/ws01_plumbing/install/cpp03_action:/home/haixin/ws01_plumbing/install/cpp02_service:/home/haixin/ws01_plumbing/install/cpp01_topic:/opt/ros/jazzy /usr/bin/cmake --install /home/haixin/ws01_plumbing/build/cpp03_action
