[0.017s] Invoking command in '/home/haixin/ws01_plumbing/build/cpp01_topic': CMAKE_PREFIX_PATH=/home/haixin/ws01_plumbing/install/base_interfaces_demo:/home/haixin/ws01_plumbing/install/cpp01_topic:/opt/ros/jazzy /usr/bin/cmake --build /home/haixin/ws01_plumbing/build/cpp01_topic -- -j4 -l4
[0.113s] [ 50%] Built target demo01_talker_str
[0.121s] [ 75%] [32mBuilding CXX object CMakeFiles/demo02_listener_str.dir/src/demo02_listener_str.cpp.o[0m
[4.509s] [100%] [32m[1mLinking CXX executable demo02_listener_str[0m
[4.957s] [100%] Built target demo02_listener_str
[4.978s] Invoked command in '/home/haixin/ws01_plumbing/build/cpp01_topic' returned '0': CMAKE_PREFIX_PATH=/home/haixin/ws01_plumbing/install/base_interfaces_demo:/home/haixin/ws01_plumbing/install/cpp01_topic:/opt/ros/jazzy /usr/bin/cmake --build /home/haixin/ws01_plumbing/build/cpp01_topic -- -j4 -l4
[4.995s] Invoking command in '/home/haixin/ws01_plumbing/build/cpp01_topic': CMAKE_PREFIX_PATH=/home/haixin/ws01_plumbing/install/base_interfaces_demo:/home/haixin/ws01_plumbing/install/cpp01_topic:/opt/ros/jazzy /usr/bin/cmake --install /home/haixin/ws01_plumbing/build/cpp01_topic
[5.008s] -- Install configuration: ""
[5.009s] -- Up-to-date: /home/haixin/ws01_plumbing/install/cpp01_topic/lib/cpp01_topic/demo01_talker_str
[5.010s] -- Installing: /home/haixin/ws01_plumbing/install/cpp01_topic/lib/cpp01_topic/demo02_listener_str
[5.010s] -- Set non-toolchain portion of runtime path of "/home/haixin/ws01_plumbing/install/cpp01_topic/lib/cpp01_topic/demo02_listener_str" to ""
[5.010s] -- Up-to-date: /home/haixin/ws01_plumbing/install/cpp01_topic/share/ament_index/resource_index/package_run_dependencies/cpp01_topic
[5.011s] -- Installing: /home/haixin/ws01_plumbing/install/cpp01_topic/share/ament_index/resource_index/parent_prefix_path/cpp01_topic
[5.011s] -- Up-to-date: /home/haixin/ws01_plumbing/install/cpp01_topic/share/cpp01_topic/environment/ament_prefix_path.sh
[5.011s] -- Up-to-date: /home/haixin/ws01_plumbing/install/cpp01_topic/share/cpp01_topic/environment/ament_prefix_path.dsv
[5.011s] -- Up-to-date: /home/haixin/ws01_plumbing/install/cpp01_topic/share/cpp01_topic/environment/path.sh
[5.011s] -- Up-to-date: /home/haixin/ws01_plumbing/install/cpp01_topic/share/cpp01_topic/environment/path.dsv
[5.011s] -- Up-to-date: /home/haixin/ws01_plumbing/install/cpp01_topic/share/cpp01_topic/local_setup.bash
[5.011s] -- Up-to-date: /home/haixin/ws01_plumbing/install/cpp01_topic/share/cpp01_topic/local_setup.sh
[5.011s] -- Up-to-date: /home/haixin/ws01_plumbing/install/cpp01_topic/share/cpp01_topic/local_setup.zsh
[5.012s] -- Up-to-date: /home/haixin/ws01_plumbing/install/cpp01_topic/share/cpp01_topic/local_setup.dsv
[5.012s] -- Installing: /home/haixin/ws01_plumbing/install/cpp01_topic/share/cpp01_topic/package.dsv
[5.012s] -- Up-to-date: /home/haixin/ws01_plumbing/install/cpp01_topic/share/ament_index/resource_index/packages/cpp01_topic
[5.012s] -- Up-to-date: /home/haixin/ws01_plumbing/install/cpp01_topic/share/cpp01_topic/cmake/cpp01_topicConfig.cmake
[5.012s] -- Up-to-date: /home/haixin/ws01_plumbing/install/cpp01_topic/share/cpp01_topic/cmake/cpp01_topicConfig-version.cmake
[5.012s] -- Up-to-date: /home/haixin/ws01_plumbing/install/cpp01_topic/share/cpp01_topic/package.xml
[5.015s] Invoked command in '/home/haixin/ws01_plumbing/build/cpp01_topic' returned '0': CMAKE_PREFIX_PATH=/home/haixin/ws01_plumbing/install/base_interfaces_demo:/home/haixin/ws01_plumbing/install/cpp01_topic:/opt/ros/jazzy /usr/bin/cmake --install /home/haixin/ws01_plumbing/build/cpp01_topic
