[0.009s] Invoking command in '/home/haixin/ws01_plumbing/build/cpp01_topic': AMENT_PREFIX_PATH=/home/haixin/ws01_plumbing/install/base_interfaces_demo:${AMENT_PREFIX_PATH} CMAKE_PREFIX_PATH=/home/haixin/ws01_plumbing/install/base_interfaces_demo:/opt/ros/jazzy /usr/bin/cmake /home/haixin/ws01_plumbing/src/cpp01_topic -DCMAKE_INSTALL_PREFIX=/home/haixin/ws01_plumbing/install/cpp01_topic
[0.110s] -- The C compiler identification is GNU 13.3.0
[0.212s] -- The CXX compiler identification is GNU 13.3.0
[0.241s] -- Detecting C compiler ABI info
[0.394s] -- Detecting C compiler ABI info - done
[0.409s] -- Check for working C compiler: /usr/bin/cc - skipped
[0.409s] -- Detecting C compile features
[0.410s] -- Detecting C compile features - done
[0.424s] -- Detecting CXX compiler ABI info
[0.591s] -- Detecting CXX compiler ABI info - done
[0.608s] -- Check for working CXX compiler: /usr/bin/c++ - skipped
[0.608s] -- Detecting CXX compile features
[0.609s] -- Detecting CXX compile features - done
[0.611s] -- Found ament_cmake: 2.5.4 (/opt/ros/jazzy/share/ament_cmake/cmake)
[0.821s] -- Found Python3: /usr/bin/python3 (found version "3.12.3") found components: Interpreter 
[0.970s] -- Found rclcpp: 28.1.9 (/opt/ros/jazzy/share/rclcpp/cmake)
[1.046s] -- Found rosidl_generator_c: 4.6.5 (/opt/ros/jazzy/share/rosidl_generator_c/cmake)
[1.071s] -- Found rosidl_generator_cpp: 4.6.5 (/opt/ros/jazzy/share/rosidl_generator_cpp/cmake)
[1.107s] -- Using all available rosidl_typesupport_c: rosidl_typesupport_fastrtps_c;rosidl_typesupport_introspection_c
[1.143s] -- Using all available rosidl_typesupport_cpp: rosidl_typesupport_fastrtps_cpp;rosidl_typesupport_introspection_cpp
[1.290s] -- Found rmw_implementation_cmake: 7.3.2 (/opt/ros/jazzy/share/rmw_implementation_cmake/cmake)
[1.297s] -- Found rmw_fastrtps_cpp: 8.4.2 (/opt/ros/jazzy/share/rmw_fastrtps_cpp/cmake)
[1.465s] -- Found OpenSSL: /usr/lib/aarch64-linux-gnu/libcrypto.so (found version "3.0.13")  
[1.491s] -- Found FastRTPS: /opt/ros/jazzy/include (Required is at least version "2.13") 
[1.525s] -- Using RMW implementation 'rmw_fastrtps_cpp' as default
[1.661s] -- Found std_msgs: 5.3.6 (/opt/ros/jazzy/share/std_msgs/cmake)
[1.691s] -- Found base_interfaces_demo: 0.0.0 (/home/haixin/ws01_plumbing/install/base_interfaces_demo/share/base_interfaces_demo/cmake)
[1.695s] -- Found ament_lint_auto: 0.17.2 (/opt/ros/jazzy/share/ament_lint_auto/cmake)
[1.856s] -- Added test 'cppcheck' to perform static code analysis on C / C++ code
[1.856s] -- Configured cppcheck include dirs: $<BUILD_INTERFACE:/home/haixin/ws01_plumbing/src/cpp01_topic/include>
[1.856s] -- Configured cppcheck exclude dirs and/or files: 
[1.857s] -- Added test 'lint_cmake' to check CMake code style
[1.858s] -- Added test 'uncrustify' to check C / C++ code style
[1.858s] -- Configured uncrustify additional arguments: 
[1.859s] -- Added test 'xmllint' to check XML markup files
[1.861s] -- Configuring done (1.8s)
[1.878s] -- Generating done (0.0s)
[1.883s] -- Build files have been written to: /home/haixin/ws01_plumbing/build/cpp01_topic
[1.903s] Invoked command in '/home/haixin/ws01_plumbing/build/cpp01_topic' returned '0': AMENT_PREFIX_PATH=/home/haixin/ws01_plumbing/install/base_interfaces_demo:${AMENT_PREFIX_PATH} CMAKE_PREFIX_PATH=/home/haixin/ws01_plumbing/install/base_interfaces_demo:/opt/ros/jazzy /usr/bin/cmake /home/haixin/ws01_plumbing/src/cpp01_topic -DCMAKE_INSTALL_PREFIX=/home/haixin/ws01_plumbing/install/cpp01_topic
[1.905s] Invoking command in '/home/haixin/ws01_plumbing/build/cpp01_topic': AMENT_PREFIX_PATH=/home/haixin/ws01_plumbing/install/base_interfaces_demo:${AMENT_PREFIX_PATH} CMAKE_PREFIX_PATH=/home/haixin/ws01_plumbing/install/base_interfaces_demo:/opt/ros/jazzy /usr/bin/cmake --build /home/haixin/ws01_plumbing/build/cpp01_topic -- -j4 -l4
[1.988s] [ 50%] [32mBuilding CXX object CMakeFiles/demo01_talker_str.dir/src/demo01_talker_str.cpp.o[0m
[5.552s] [01m[K/home/haixin/ws01_plumbing/src/cpp01_topic/src/demo01_talker_str.cpp:12:2:[m[K [01;31m[Kerror: [m[Kexpected ‘[01m[K;[m[K’ after class definition
[5.552s]    12 | }
[5.553s]       |  [01;31m[K^[m[K
[5.553s]       |  [32m[K;[m[K
[6.467s] gmake[2]: *** [CMakeFiles/demo01_talker_str.dir/build.make:76: CMakeFiles/demo01_talker_str.dir/src/demo01_talker_str.cpp.o] Error 1
[6.468s] gmake[1]: *** [CMakeFiles/Makefile2:137: CMakeFiles/demo01_talker_str.dir/all] Error 2
[6.468s] gmake: *** [Makefile:146: all] Error 2
[6.471s] Invoked command in '/home/haixin/ws01_plumbing/build/cpp01_topic' returned '2': AMENT_PREFIX_PATH=/home/haixin/ws01_plumbing/install/base_interfaces_demo:${AMENT_PREFIX_PATH} CMAKE_PREFIX_PATH=/home/haixin/ws01_plumbing/install/base_interfaces_demo:/opt/ros/jazzy /usr/bin/cmake --build /home/haixin/ws01_plumbing/build/cpp01_topic -- -j4 -l4
