In file included from [01m[K/opt/ros/jazzy/include/rclcpp/rclcpp/copy_all_parameter_values.hpp:27[m[K,
                 from [01m[K/opt/ros/jazzy/include/rclcpp/rclcpp/rclcpp.hpp:171[m[K,
                 from [01m[K/home/haixin/ws01_plumbing/src/cpp04_param/src/demo00_param.cpp:1[m[K:
[01m[K/home/haixin/ws01_plumbing/src/cpp04_param/src/demo00_param.cpp:[m[K In constructor ‘[01m[KMyParam::[01;32m[KMyParam[m[K()[m[K’:
[01m[K/home/haixin/ws01_plumbing/src/cpp04_param/src/demo00_param.cpp:9:25:[m[K [01;31m[Kerror: [m[Kno match for ‘[01m[Koperator-[m[K’ (operand types are ‘[01m[KMyParam*[m[K’ and ‘[01m[Krclcpp::Logger[m[K’)
    9 |         RCLCPP_INFO([32m[Kthis[m[K[01;31m[K-[m[K[34m[Kget_logger()[m[K,"参数API使用");
      |                     [32m[K~~~~[m[K[01;31m[K^[m[K[34m[K~~~~~~~~~~~~[m[K
      |                     [32m[K|[m[K              [34m[K|[m[K
      |                     [32m[KMyParam*[m[K       [34m[Krclcpp::Logger[m[K
In file included from [01m[K/usr/include/c++/13/bits/stl_algobase.h:67[m[K,
                 from [01m[K/usr/include/c++/13/bits/stl_uninitialized.h:63[m[K,
                 from [01m[K/usr/include/c++/13/memory:69[m[K,
                 from [01m[K/opt/ros/jazzy/include/rclcpp/rclcpp/rclcpp.hpp:169[m[K:
[01m[K/usr/include/c++/13/bits/stl_iterator.h:625:5:[m[K [01;36m[Knote: [m[Kcandidate: ‘[01m[Ktemplate<class _IteratorL, class _IteratorR> constexpr decltype ((__y.base() - __x.base())) std::[01;32m[Koperator-[m[K(const reverse_iterator<_Iterator>&, const reverse_iterator<_IteratorR>&)[m[K’
  625 |     [01;36m[Koperator[m[K-(const reverse_iterator<_IteratorL>& __x,
      |     [01;36m[K^~~~~~~~[m[K
[01m[K/usr/include/c++/13/bits/stl_iterator.h:625:5:[m[K [01;36m[Knote: [m[K  template argument deduction/substitution failed:
[01m[K/home/haixin/ws01_plumbing/src/cpp04_param/src/demo00_param.cpp:9:37:[m[K [01;36m[Knote: [m[K  mismatched types ‘[01m[Kconst std::reverse_iterator<_Iterator>[m[K’ and ‘[01m[KMyParam*[m[K’
    9 |         RCLCPP_INFO(this-get_logger([01;36m[K)[m[K,"参数API使用");
      |                                     [01;36m[K^[m[K
[01m[K/usr/include/c++/13/bits/stl_iterator.h:1800:5:[m[K [01;36m[Knote: [m[Kcandidate: ‘[01m[Ktemplate<class _IteratorL, class _IteratorR> constexpr decltype ((__x.base() - __y.base())) std::[01;32m[Koperator-[m[K(const move_iterator<_IteratorL>&, const move_iterator<_IteratorR>&)[m[K’
 1800 |     [01;36m[Koperator[m[K-(const move_iterator<_IteratorL>& __x,
      |     [01;36m[K^~~~~~~~[m[K
[01m[K/usr/include/c++/13/bits/stl_iterator.h:1800:5:[m[K [01;36m[Knote: [m[K  template argument deduction/substitution failed:
[01m[K/home/haixin/ws01_plumbing/src/cpp04_param/src/demo00_param.cpp:9:37:[m[K [01;36m[Knote: [m[K  mismatched types ‘[01m[Kconst std::move_iterator<_IteratorL>[m[K’ and ‘[01m[KMyParam*[m[K’
    9 |         RCLCPP_INFO(this-get_logger([01;36m[K)[m[K,"参数API使用");
      |                                     [01;36m[K^[m[K
In file included from [01m[K/opt/ros/jazzy/include/rclcpp/rclcpp/time.hpp:24[m[K,
                 from [01m[K/opt/ros/jazzy/include/rclcpp/rclcpp/clock.hpp:24[m[K,
                 from [01m[K/opt/ros/jazzy/include/rclcpp/rclcpp/client.hpp:38[m[K,
                 from [01m[K/opt/ros/jazzy/include/rclcpp/rclcpp/callback_group.hpp:24[m[K,
                 from [01m[K/opt/ros/jazzy/include/rclcpp/rclcpp/any_executable.hpp:20[m[K,
                 from [01m[K/opt/ros/jazzy/include/rclcpp/rclcpp/memory_strategy.hpp:25[m[K,
                 from [01m[K/opt/ros/jazzy/include/rclcpp/rclcpp/memory_strategies.hpp:18[m[K,
                 from [01m[K/opt/ros/jazzy/include/rclcpp/rclcpp/executor_options.hpp:22[m[K,
                 from [01m[K/opt/ros/jazzy/include/rclcpp/rclcpp/executor.hpp:38[m[K,
                 from [01m[K/opt/ros/jazzy/include/rclcpp/rclcpp/executors/multi_threaded_executor.hpp:25[m[K,
                 from [01m[K/opt/ros/jazzy/include/rclcpp/rclcpp/executors.hpp:21[m[K,
                 from [01m[K/opt/ros/jazzy/include/rclcpp/rclcpp/rclcpp.hpp:172[m[K:
[01m[K/opt/ros/jazzy/include/rclcpp/rclcpp/duration.hpp:168:1:[m[K [01;36m[Knote: [m[Kcandidate: ‘[01m[Kbuiltin_interfaces::msg::Time rclcpp::[01;32m[Koperator-[m[K(const builtin_interfaces::msg::Time&, const Duration&)[m[K’
  168 | [01;36m[Koperator[m[K-(const builtin_interfaces::msg::Time & lhs, const rclcpp::Duration & rhs);
      | [01;36m[K^~~~~~~~[m[K
[01m[K/opt/ros/jazzy/include/rclcpp/rclcpp/duration.hpp:168:49:[m[K [01;36m[Knote: [m[K  no known conversion for argument 1 from ‘[01m[KMyParam*[m[K’ to ‘[01m[Kconst builtin_interfaces::msg::Time&[m[K’ {aka ‘[01m[Kconst builtin_interfaces::msg::Time_<std::allocator<void> >&[m[K’}
  168 | operator-([01;36m[Kconst builtin_interfaces::msg::Time & lhs[m[K, const rclcpp::Duration & rhs);
      |           [01;36m[K~~~~~~~~~~~~~~~~~~~~~~~~~~~~~~~~~~~~~~^~~[m[K
[01m[K/home/haixin/ws01_plumbing/src/cpp04_param/src/demo00_param.cpp:9:9:[m[K [01;31m[Kerror: [m[Ktemplate argument 1 is invalid
    9 |         [01;31m[KRCLCPP_INFO[m[K(this-get_logger(),"参数API使用");
      |         [01;31m[K^~~~~~~~~~~[m[K
[01m[K/home/haixin/ws01_plumbing/src/cpp04_param/src/demo00_param.cpp:9:9:[m[K [01;31m[Kerror: [m[Ktemplate argument 1 is invalid
    9 |         [01;31m[KRCLCPP_INFO[m[K(this-get_logger(),"参数API使用");
      |         [01;31m[K^~~~~~~~~~~[m[K
[01m[K/home/haixin/ws01_plumbing/src/cpp04_param/src/demo00_param.cpp:9:9:[m[K [01;31m[Kerror: [m[Ktemplate argument 1 is invalid
    9 |         [01;31m[KRCLCPP_INFO[m[K(this-get_logger(),"参数API使用");
      |         [01;31m[K^~~~~~~~~~~[m[K
In file included from [01m[K/opt/ros/jazzy/include/rclcpp/rclcpp/logging.hpp:24[m[K:
[01m[K/home/haixin/ws01_plumbing/src/cpp04_param/src/demo00_param.cpp:9:25:[m[K [01;31m[Kerror: [m[Kno match for ‘[01m[Koperator-[m[K’ (operand types are ‘[01m[KMyParam*[m[K’ and ‘[01m[Krclcpp::Logger[m[K’)
    9 |         RCLCPP_INFO([32m[Kthis[m[K[01;31m[K-[m[K[34m[Kget_logger()[m[K,"参数API使用");
      |                     [32m[K~~~~[m[K[01;31m[K^[m[K[34m[K~~~~~~~~~~~~[m[K
      |                     [32m[K|[m[K              [34m[K|[m[K
      |                     [32m[KMyParam*[m[K       [34m[Krclcpp::Logger[m[K
[01m[K/usr/include/c++/13/bits/stl_iterator.h:625:5:[m[K [01;36m[Knote: [m[Kcandidate: ‘[01m[Ktemplate<class _IteratorL, class _IteratorR> constexpr decltype ((__y.base() - __x.base())) std::[01;32m[Koperator-[m[K(const reverse_iterator<_Iterator>&, const reverse_iterator<_IteratorR>&)[m[K’
  625 |     [01;36m[Koperator[m[K-(const reverse_iterator<_IteratorL>& __x,
      |     [01;36m[K^~~~~~~~[m[K
[01m[K/usr/include/c++/13/bits/stl_iterator.h:625:5:[m[K [01;36m[Knote: [m[K  template argument deduction/substitution failed:
[01m[K/home/haixin/ws01_plumbing/src/cpp04_param/src/demo00_param.cpp:9:37:[m[K [01;36m[Knote: [m[K  mismatched types ‘[01m[Kconst std::reverse_iterator<_Iterator>[m[K’ and ‘[01m[KMyParam*[m[K’
    9 |         RCLCPP_INFO(this-get_logger([01;36m[K)[m[K,"参数API使用");
      |                                     [01;36m[K^[m[K
[01m[K/usr/include/c++/13/bits/stl_iterator.h:1800:5:[m[K [01;36m[Knote: [m[Kcandidate: ‘[01m[Ktemplate<class _IteratorL, class _IteratorR> constexpr decltype ((__x.base() - __y.base())) std::[01;32m[Koperator-[m[K(const move_iterator<_IteratorL>&, const move_iterator<_IteratorR>&)[m[K’
 1800 |     [01;36m[Koperator[m[K-(const move_iterator<_IteratorL>& __x,
      |     [01;36m[K^~~~~~~~[m[K
[01m[K/usr/include/c++/13/bits/stl_iterator.h:1800:5:[m[K [01;36m[Knote: [m[K  template argument deduction/substitution failed:
[01m[K/home/haixin/ws01_plumbing/src/cpp04_param/src/demo00_param.cpp:9:37:[m[K [01;36m[Knote: [m[K  mismatched types ‘[01m[Kconst std::move_iterator<_IteratorL>[m[K’ and ‘[01m[KMyParam*[m[K’
    9 |         RCLCPP_INFO(this-get_logger([01;36m[K)[m[K,"参数API使用");
      |                                     [01;36m[K^[m[K
[01m[K/opt/ros/jazzy/include/rclcpp/rclcpp/duration.hpp:168:1:[m[K [01;36m[Knote: [m[Kcandidate: ‘[01m[Kbuiltin_interfaces::msg::Time rclcpp::[01;32m[Koperator-[m[K(const builtin_interfaces::msg::Time&, const Duration&)[m[K’
  168 | [01;36m[Koperator[m[K-(const builtin_interfaces::msg::Time & lhs, const rclcpp::Duration & rhs);
      | [01;36m[K^~~~~~~~[m[K
[01m[K/opt/ros/jazzy/include/rclcpp/rclcpp/duration.hpp:168:49:[m[K [01;36m[Knote: [m[K  no known conversion for argument 1 from ‘[01m[KMyParam*[m[K’ to ‘[01m[Kconst builtin_interfaces::msg::Time&[m[K’ {aka ‘[01m[Kconst builtin_interfaces::msg::Time_<std::allocator<void> >&[m[K’}
  168 | operator-([01;36m[Kconst builtin_interfaces::msg::Time & lhs[m[K, const rclcpp::Duration & rhs);
      |           [01;36m[K~~~~~~~~~~~~~~~~~~~~~~~~~~~~~~~~~~~~~~^~~[m[K
[01m[K/home/haixin/ws01_plumbing/src/cpp04_param/src/demo00_param.cpp:9:25:[m[K [01;31m[Kerror: [m[Kno match for ‘[01m[Koperator-[m[K’ (operand types are ‘[01m[KMyParam*[m[K’ and ‘[01m[Krclcpp::Logger[m[K’)
    9 |         RCLCPP_INFO([32m[Kthis[m[K[01;31m[K-[m[K[34m[Kget_logger()[m[K,"参数API使用");
      |                     [32m[K~~~~[m[K[01;31m[K^[m[K[34m[K~~~~~~~~~~~~[m[K
      |                     [32m[K|[m[K              [34m[K|[m[K
      |                     [32m[KMyParam*[m[K       [34m[Krclcpp::Logger[m[K
[01m[K/usr/include/c++/13/bits/stl_iterator.h:625:5:[m[K [01;36m[Knote: [m[Kcandidate: ‘[01m[Ktemplate<class _IteratorL, class _IteratorR> constexpr decltype ((__y.base() - __x.base())) std::[01;32m[Koperator-[m[K(const reverse_iterator<_Iterator>&, const reverse_iterator<_IteratorR>&)[m[K’
  625 |     [01;36m[Koperator[m[K-(const reverse_iterator<_IteratorL>& __x,
      |     [01;36m[K^~~~~~~~[m[K
[01m[K/usr/include/c++/13/bits/stl_iterator.h:625:5:[m[K [01;36m[Knote: [m[K  template argument deduction/substitution failed:
[01m[K/home/haixin/ws01_plumbing/src/cpp04_param/src/demo00_param.cpp:9:37:[m[K [01;36m[Knote: [m[K  mismatched types ‘[01m[Kconst std::reverse_iterator<_Iterator>[m[K’ and ‘[01m[KMyParam*[m[K’
    9 |         RCLCPP_INFO(this-get_logger([01;36m[K)[m[K,"参数API使用");
      |                                     [01;36m[K^[m[K
[01m[K/usr/include/c++/13/bits/stl_iterator.h:1800:5:[m[K [01;36m[Knote: [m[Kcandidate: ‘[01m[Ktemplate<class _IteratorL, class _IteratorR> constexpr decltype ((__x.base() - __y.base())) std::[01;32m[Koperator-[m[K(const move_iterator<_IteratorL>&, const move_iterator<_IteratorR>&)[m[K’
 1800 |     [01;36m[Koperator[m[K-(const move_iterator<_IteratorL>& __x,
      |     [01;36m[K^~~~~~~~[m[K
[01m[K/usr/include/c++/13/bits/stl_iterator.h:1800:5:[m[K [01;36m[Knote: [m[K  template argument deduction/substitution failed:
[01m[K/home/haixin/ws01_plumbing/src/cpp04_param/src/demo00_param.cpp:9:37:[m[K [01;36m[Knote: [m[K  mismatched types ‘[01m[Kconst std::move_iterator<_IteratorL>[m[K’ and ‘[01m[KMyParam*[m[K’
    9 |         RCLCPP_INFO(this-get_logger([01;36m[K)[m[K,"参数API使用");
      |                                     [01;36m[K^[m[K
[01m[K/opt/ros/jazzy/include/rclcpp/rclcpp/duration.hpp:168:1:[m[K [01;36m[Knote: [m[Kcandidate: ‘[01m[Kbuiltin_interfaces::msg::Time rclcpp::[01;32m[Koperator-[m[K(const builtin_interfaces::msg::Time&, const Duration&)[m[K’
  168 | [01;36m[Koperator[m[K-(const builtin_interfaces::msg::Time & lhs, const rclcpp::Duration & rhs);
      | [01;36m[K^~~~~~~~[m[K
[01m[K/opt/ros/jazzy/include/rclcpp/rclcpp/duration.hpp:168:49:[m[K [01;36m[Knote: [m[K  no known conversion for argument 1 from ‘[01m[KMyParam*[m[K’ to ‘[01m[Kconst builtin_interfaces::msg::Time&[m[K’ {aka ‘[01m[Kconst builtin_interfaces::msg::Time_<std::allocator<void> >&[m[K’}
  168 | operator-([01;36m[Kconst builtin_interfaces::msg::Time & lhs[m[K, const rclcpp::Duration & rhs);
      |           [01;36m[K~~~~~~~~~~~~~~~~~~~~~~~~~~~~~~~~~~~~~~^~~[m[K
[01m[K/home/haixin/ws01_plumbing/src/cpp04_param/src/demo00_param.cpp:15:25:[m[K [01;31m[Kerror: [m[Kno match for ‘[01m[Koperator-[m[K’ (operand types are ‘[01m[KMyParam*[m[K’ and ‘[01m[Krclcpp::Logger[m[K’)
   15 |         RCLCPP_INFO([32m[Kthis[m[K[01;31m[K-[m[K[34m[Kget_logger()[m[K,"car_name = %s",p1.sa_string().c_str());
      |                     [32m[K~~~~[m[K[01;31m[K^[m[K[34m[K~~~~~~~~~~~~[m[K
      |                     [32m[K|[m[K              [34m[K|[m[K
      |                     [32m[KMyParam*[m[K       [34m[Krclcpp::Logger[m[K
[01m[K/usr/include/c++/13/bits/stl_iterator.h:625:5:[m[K [01;36m[Knote: [m[Kcandidate: ‘[01m[Ktemplate<class _IteratorL, class _IteratorR> constexpr decltype ((__y.base() - __x.base())) std::[01;32m[Koperator-[m[K(const reverse_iterator<_Iterator>&, const reverse_iterator<_IteratorR>&)[m[K’
  625 |     [01;36m[Koperator[m[K-(const reverse_iterator<_IteratorL>& __x,
      |     [01;36m[K^~~~~~~~[m[K
[01m[K/usr/include/c++/13/bits/stl_iterator.h:625:5:[m[K [01;36m[Knote: [m[K  template argument deduction/substitution failed:
[01m[K/home/haixin/ws01_plumbing/src/cpp04_param/src/demo00_param.cpp:15:37:[m[K [01;36m[Knote: [m[K  mismatched types ‘[01m[Kconst std::reverse_iterator<_Iterator>[m[K’ and ‘[01m[KMyParam*[m[K’
   15 |         RCLCPP_INFO(this-get_logger([01;36m[K)[m[K,"car_name = %s",p1.sa_string().c_str());
      |                                     [01;36m[K^[m[K
[01m[K/usr/include/c++/13/bits/stl_iterator.h:1800:5:[m[K [01;36m[Knote: [m[Kcandidate: ‘[01m[Ktemplate<class _IteratorL, class _IteratorR> constexpr decltype ((__x.base() - __y.base())) std::[01;32m[Koperator-[m[K(const move_iterator<_IteratorL>&, const move_iterator<_IteratorR>&)[m[K’
 1800 |     [01;36m[Koperator[m[K-(const move_iterator<_IteratorL>& __x,
      |     [01;36m[K^~~~~~~~[m[K
[01m[K/usr/include/c++/13/bits/stl_iterator.h:1800:5:[m[K [01;36m[Knote: [m[K  template argument deduction/substitution failed:
[01m[K/home/haixin/ws01_plumbing/src/cpp04_param/src/demo00_param.cpp:15:37:[m[K [01;36m[Knote: [m[K  mismatched types ‘[01m[Kconst std::move_iterator<_IteratorL>[m[K’ and ‘[01m[KMyParam*[m[K’
   15 |         RCLCPP_INFO(this-get_logger([01;36m[K)[m[K,"car_name = %s",p1.sa_string().c_str());
      |                                     [01;36m[K^[m[K
[01m[K/opt/ros/jazzy/include/rclcpp/rclcpp/duration.hpp:168:1:[m[K [01;36m[Knote: [m[Kcandidate: ‘[01m[Kbuiltin_interfaces::msg::Time rclcpp::[01;32m[Koperator-[m[K(const builtin_interfaces::msg::Time&, const Duration&)[m[K’
  168 | [01;36m[Koperator[m[K-(const builtin_interfaces::msg::Time & lhs, const rclcpp::Duration & rhs);
      | [01;36m[K^~~~~~~~[m[K
[01m[K/opt/ros/jazzy/include/rclcpp/rclcpp/duration.hpp:168:49:[m[K [01;36m[Knote: [m[K  no known conversion for argument 1 from ‘[01m[KMyParam*[m[K’ to ‘[01m[Kconst builtin_interfaces::msg::Time&[m[K’ {aka ‘[01m[Kconst builtin_interfaces::msg::Time_<std::allocator<void> >&[m[K’}
  168 | operator-([01;36m[Kconst builtin_interfaces::msg::Time & lhs[m[K, const rclcpp::Duration & rhs);
      |           [01;36m[K~~~~~~~~~~~~~~~~~~~~~~~~~~~~~~~~~~~~~~^~~[m[K
[01m[K/home/haixin/ws01_plumbing/src/cpp04_param/src/demo00_param.cpp:15:9:[m[K [01;31m[Kerror: [m[Ktemplate argument 1 is invalid
   15 |         [01;31m[KRCLCPP_INFO[m[K(this-get_logger(),"car_name = %s",p1.sa_string().c_str());
      |         [01;31m[K^~~~~~~~~~~[m[K
[01m[K/home/haixin/ws01_plumbing/src/cpp04_param/src/demo00_param.cpp:15:9:[m[K [01;31m[Kerror: [m[Ktemplate argument 1 is invalid
   15 |         [01;31m[KRCLCPP_INFO[m[K(this-get_logger(),"car_name = %s",p1.sa_string().c_str());
      |         [01;31m[K^~~~~~~~~~~[m[K
[01m[K/home/haixin/ws01_plumbing/src/cpp04_param/src/demo00_param.cpp:15:9:[m[K [01;31m[Kerror: [m[Ktemplate argument 1 is invalid
   15 |         [01;31m[KRCLCPP_INFO[m[K(this-get_logger(),"car_name = %s",p1.sa_string().c_str());
      |         [01;31m[K^~~~~~~~~~~[m[K
[01m[K/home/haixin/ws01_plumbing/src/cpp04_param/src/demo00_param.cpp:15:25:[m[K [01;31m[Kerror: [m[Kno match for ‘[01m[Koperator-[m[K’ (operand types are ‘[01m[KMyParam*[m[K’ and ‘[01m[Krclcpp::Logger[m[K’)
   15 |         RCLCPP_INFO([32m[Kthis[m[K[01;31m[K-[m[K[34m[Kget_logger()[m[K,"car_name = %s",p1.sa_string().c_str());
      |                     [32m[K~~~~[m[K[01;31m[K^[m[K[34m[K~~~~~~~~~~~~[m[K
      |                     [32m[K|[m[K              [34m[K|[m[K
      |                     [32m[KMyParam*[m[K       [34m[Krclcpp::Logger[m[K
[01m[K/usr/include/c++/13/bits/stl_iterator.h:625:5:[m[K [01;36m[Knote: [m[Kcandidate: ‘[01m[Ktemplate<class _IteratorL, class _IteratorR> constexpr decltype ((__y.base() - __x.base())) std::[01;32m[Koperator-[m[K(const reverse_iterator<_Iterator>&, const reverse_iterator<_IteratorR>&)[m[K’
  625 |     [01;36m[Koperator[m[K-(const reverse_iterator<_IteratorL>& __x,
      |     [01;36m[K^~~~~~~~[m[K
[01m[K/usr/include/c++/13/bits/stl_iterator.h:625:5:[m[K [01;36m[Knote: [m[K  template argument deduction/substitution failed:
[01m[K/home/haixin/ws01_plumbing/src/cpp04_param/src/demo00_param.cpp:15:37:[m[K [01;36m[Knote: [m[K  mismatched types ‘[01m[Kconst std::reverse_iterator<_Iterator>[m[K’ and ‘[01m[KMyParam*[m[K’
   15 |         RCLCPP_INFO(this-get_logger([01;36m[K)[m[K,"car_name = %s",p1.sa_string().c_str());
      |                                     [01;36m[K^[m[K
[01m[K/usr/include/c++/13/bits/stl_iterator.h:1800:5:[m[K [01;36m[Knote: [m[Kcandidate: ‘[01m[Ktemplate<class _IteratorL, class _IteratorR> constexpr decltype ((__x.base() - __y.base())) std::[01;32m[Koperator-[m[K(const move_iterator<_IteratorL>&, const move_iterator<_IteratorR>&)[m[K’
 1800 |     [01;36m[Koperator[m[K-(const move_iterator<_IteratorL>& __x,
      |     [01;36m[K^~~~~~~~[m[K
[01m[K/usr/include/c++/13/bits/stl_iterator.h:1800:5:[m[K [01;36m[Knote: [m[K  template argument deduction/substitution failed:
[01m[K/home/haixin/ws01_plumbing/src/cpp04_param/src/demo00_param.cpp:15:37:[m[K [01;36m[Knote: [m[K  mismatched types ‘[01m[Kconst std::move_iterator<_IteratorL>[m[K’ and ‘[01m[KMyParam*[m[K’
   15 |         RCLCPP_INFO(this-get_logger([01;36m[K)[m[K,"car_name = %s",p1.sa_string().c_str());
      |                                     [01;36m[K^[m[K
[01m[K/opt/ros/jazzy/include/rclcpp/rclcpp/duration.hpp:168:1:[m[K [01;36m[Knote: [m[Kcandidate: ‘[01m[Kbuiltin_interfaces::msg::Time rclcpp::[01;32m[Koperator-[m[K(const builtin_interfaces::msg::Time&, const Duration&)[m[K’
  168 | [01;36m[Koperator[m[K-(const builtin_interfaces::msg::Time & lhs, const rclcpp::Duration & rhs);
      | [01;36m[K^~~~~~~~[m[K
[01m[K/opt/ros/jazzy/include/rclcpp/rclcpp/duration.hpp:168:49:[m[K [01;36m[Knote: [m[K  no known conversion for argument 1 from ‘[01m[KMyParam*[m[K’ to ‘[01m[Kconst builtin_interfaces::msg::Time&[m[K’ {aka ‘[01m[Kconst builtin_interfaces::msg::Time_<std::allocator<void> >&[m[K’}
  168 | operator-([01;36m[Kconst builtin_interfaces::msg::Time & lhs[m[K, const rclcpp::Duration & rhs);
      |           [01;36m[K~~~~~~~~~~~~~~~~~~~~~~~~~~~~~~~~~~~~~~^~~[m[K
[01m[K/home/haixin/ws01_plumbing/src/cpp04_param/src/demo00_param.cpp:15:25:[m[K [01;31m[Kerror: [m[Kno match for ‘[01m[Koperator-[m[K’ (operand types are ‘[01m[KMyParam*[m[K’ and ‘[01m[Krclcpp::Logger[m[K’)
   15 |         RCLCPP_INFO([32m[Kthis[m[K[01;31m[K-[m[K[34m[Kget_logger()[m[K,"car_name = %s",p1.sa_string().c_str());
      |                     [32m[K~~~~[m[K[01;31m[K^[m[K[34m[K~~~~~~~~~~~~[m[K
      |                     [32m[K|[m[K              [34m[K|[m[K
      |                     [32m[KMyParam*[m[K       [34m[Krclcpp::Logger[m[K
[01m[K/usr/include/c++/13/bits/stl_iterator.h:625:5:[m[K [01;36m[Knote: [m[Kcandidate: ‘[01m[Ktemplate<class _IteratorL, class _IteratorR> constexpr decltype ((__y.base() - __x.base())) std::[01;32m[Koperator-[m[K(const reverse_iterator<_Iterator>&, const reverse_iterator<_IteratorR>&)[m[K’
  625 |     [01;36m[Koperator[m[K-(const reverse_iterator<_IteratorL>& __x,
      |     [01;36m[K^~~~~~~~[m[K
[01m[K/usr/include/c++/13/bits/stl_iterator.h:625:5:[m[K [01;36m[Knote: [m[K  template argument deduction/substitution failed:
[01m[K/home/haixin/ws01_plumbing/src/cpp04_param/src/demo00_param.cpp:15:37:[m[K [01;36m[Knote: [m[K  mismatched types ‘[01m[Kconst std::reverse_iterator<_Iterator>[m[K’ and ‘[01m[KMyParam*[m[K’
   15 |         RCLCPP_INFO(this-get_logger([01;36m[K)[m[K,"car_name = %s",p1.sa_string().c_str());
      |                                     [01;36m[K^[m[K
[01m[K/usr/include/c++/13/bits/stl_iterator.h:1800:5:[m[K [01;36m[Knote: [m[Kcandidate: ‘[01m[Ktemplate<class _IteratorL, class _IteratorR> constexpr decltype ((__x.base() - __y.base())) std::[01;32m[Koperator-[m[K(const move_iterator<_IteratorL>&, const move_iterator<_IteratorR>&)[m[K’
 1800 |     [01;36m[Koperator[m[K-(const move_iterator<_IteratorL>& __x,
      |     [01;36m[K^~~~~~~~[m[K
[01m[K/usr/include/c++/13/bits/stl_iterator.h:1800:5:[m[K [01;36m[Knote: [m[K  template argument deduction/substitution failed:
[01m[K/home/haixin/ws01_plumbing/src/cpp04_param/src/demo00_param.cpp:15:37:[m[K [01;36m[Knote: [m[K  mismatched types ‘[01m[Kconst std::move_iterator<_IteratorL>[m[K’ and ‘[01m[KMyParam*[m[K’
   15 |         RCLCPP_INFO(this-get_logger([01;36m[K)[m[K,"car_name = %s",p1.sa_string().c_str());
      |                                     [01;36m[K^[m[K
[01m[K/opt/ros/jazzy/include/rclcpp/rclcpp/duration.hpp:168:1:[m[K [01;36m[Knote: [m[Kcandidate: ‘[01m[Kbuiltin_interfaces::msg::Time rclcpp::[01;32m[Koperator-[m[K(const builtin_interfaces::msg::Time&, const Duration&)[m[K’
  168 | [01;36m[Koperator[m[K-(const builtin_interfaces::msg::Time & lhs, const rclcpp::Duration & rhs);
      | [01;36m[K^~~~~~~~[m[K
[01m[K/opt/ros/jazzy/include/rclcpp/rclcpp/duration.hpp:168:49:[m[K [01;36m[Knote: [m[K  no known conversion for argument 1 from ‘[01m[KMyParam*[m[K’ to ‘[01m[Kconst builtin_interfaces::msg::Time&[m[K’ {aka ‘[01m[Kconst builtin_interfaces::msg::Time_<std::allocator<void> >&[m[K’}
  168 | operator-([01;36m[Kconst builtin_interfaces::msg::Time & lhs[m[K, const rclcpp::Duration & rhs);
      |           [01;36m[K~~~~~~~~~~~~~~~~~~~~~~~~~~~~~~~~~~~~~~^~~[m[K
[01m[K/home/haixin/ws01_plumbing/src/cpp04_param/src/demo00_param.cpp:15:58:[m[K [01;31m[Kerror: [m[K‘[01m[Kclass rclcpp::Parameter[m[K’ has no member named ‘[01m[Ksa_string[m[K’; did you mean ‘[01m[Kas_string[m[K’?
   15 |         RCLCPP_INFO(this-get_logger(),"car_name = %s",p1.[01;31m[Ksa_string[m[K().c_str());
      |                                                          [01;31m[K^~~~~~~~~[m[K
[01m[K/home/haixin/ws01_plumbing/src/cpp04_param/src/demo00_param.cpp:16:25:[m[K [01;31m[Kerror: [m[Kno match for ‘[01m[Koperator-[m[K’ (operand types are ‘[01m[KMyParam*[m[K’ and ‘[01m[Krclcpp::Logger[m[K’)
   16 |         RCLCPP_INFO([32m[Kthis[m[K[01;31m[K-[m[K[34m[Kget_logger()[m[K,"car_name = %.2f",p2.as_double());
      |                     [32m[K~~~~[m[K[01;31m[K^[m[K[34m[K~~~~~~~~~~~~[m[K
      |                     [32m[K|[m[K              [34m[K|[m[K
      |                     [32m[KMyParam*[m[K       [34m[Krclcpp::Logger[m[K
[01m[K/usr/include/c++/13/bits/stl_iterator.h:625:5:[m[K [01;36m[Knote: [m[Kcandidate: ‘[01m[Ktemplate<class _IteratorL, class _IteratorR> constexpr decltype ((__y.base() - __x.base())) std::[01;32m[Koperator-[m[K(const reverse_iterator<_Iterator>&, const reverse_iterator<_IteratorR>&)[m[K’
  625 |     [01;36m[Koperator[m[K-(const reverse_iterator<_IteratorL>& __x,
      |     [01;36m[K^~~~~~~~[m[K
[01m[K/usr/include/c++/13/bits/stl_iterator.h:625:5:[m[K [01;36m[Knote: [m[K  template argument deduction/substitution failed:
[01m[K/home/haixin/ws01_plumbing/src/cpp04_param/src/demo00_param.cpp:16:37:[m[K [01;36m[Knote: [m[K  mismatched types ‘[01m[Kconst std::reverse_iterator<_Iterator>[m[K’ and ‘[01m[KMyParam*[m[K’
   16 |         RCLCPP_INFO(this-get_logger([01;36m[K)[m[K,"car_name = %.2f",p2.as_double());
      |                                     [01;36m[K^[m[K
[01m[K/usr/include/c++/13/bits/stl_iterator.h:1800:5:[m[K [01;36m[Knote: [m[Kcandidate: ‘[01m[Ktemplate<class _IteratorL, class _IteratorR> constexpr decltype ((__x.base() - __y.base())) std::[01;32m[Koperator-[m[K(const move_iterator<_IteratorL>&, const move_iterator<_IteratorR>&)[m[K’
 1800 |     [01;36m[Koperator[m[K-(const move_iterator<_IteratorL>& __x,
      |     [01;36m[K^~~~~~~~[m[K
[01m[K/usr/include/c++/13/bits/stl_iterator.h:1800:5:[m[K [01;36m[Knote: [m[K  template argument deduction/substitution failed:
[01m[K/home/haixin/ws01_plumbing/src/cpp04_param/src/demo00_param.cpp:16:37:[m[K [01;36m[Knote: [m[K  mismatched types ‘[01m[Kconst std::move_iterator<_IteratorL>[m[K’ and ‘[01m[KMyParam*[m[K’
   16 |         RCLCPP_INFO(this-get_logger([01;36m[K)[m[K,"car_name = %.2f",p2.as_double());
      |                                     [01;36m[K^[m[K
[01m[K/opt/ros/jazzy/include/rclcpp/rclcpp/duration.hpp:168:1:[m[K [01;36m[Knote: [m[Kcandidate: ‘[01m[Kbuiltin_interfaces::msg::Time rclcpp::[01;32m[Koperator-[m[K(const builtin_interfaces::msg::Time&, const Duration&)[m[K’
  168 | [01;36m[Koperator[m[K-(const builtin_interfaces::msg::Time & lhs, const rclcpp::Duration & rhs);
      | [01;36m[K^~~~~~~~[m[K
[01m[K/opt/ros/jazzy/include/rclcpp/rclcpp/duration.hpp:168:49:[m[K [01;36m[Knote: [m[K  no known conversion for argument 1 from ‘[01m[KMyParam*[m[K’ to ‘[01m[Kconst builtin_interfaces::msg::Time&[m[K’ {aka ‘[01m[Kconst builtin_interfaces::msg::Time_<std::allocator<void> >&[m[K’}
  168 | operator-([01;36m[Kconst builtin_interfaces::msg::Time & lhs[m[K, const rclcpp::Duration & rhs);
      |           [01;36m[K~~~~~~~~~~~~~~~~~~~~~~~~~~~~~~~~~~~~~~^~~[m[K
[01m[K/home/haixin/ws01_plumbing/src/cpp04_param/src/demo00_param.cpp:16:9:[m[K [01;31m[Kerror: [m[Ktemplate argument 1 is invalid
   16 |         [01;31m[KRCLCPP_INFO[m[K(this-get_logger(),"car_name = %.2f",p2.as_double());
      |         [01;31m[K^~~~~~~~~~~[m[K
[01m[K/home/haixin/ws01_plumbing/src/cpp04_param/src/demo00_param.cpp:16:9:[m[K [01;31m[Kerror: [m[Ktemplate argument 1 is invalid
   16 |         [01;31m[KRCLCPP_INFO[m[K(this-get_logger(),"car_name = %.2f",p2.as_double());
      |         [01;31m[K^~~~~~~~~~~[m[K
[01m[K/home/haixin/ws01_plumbing/src/cpp04_param/src/demo00_param.cpp:16:9:[m[K [01;31m[Kerror: [m[Ktemplate argument 1 is invalid
   16 |         [01;31m[KRCLCPP_INFO[m[K(this-get_logger(),"car_name = %.2f",p2.as_double());
      |         [01;31m[K^~~~~~~~~~~[m[K
[01m[K/home/haixin/ws01_plumbing/src/cpp04_param/src/demo00_param.cpp:16:25:[m[K [01;31m[Kerror: [m[Kno match for ‘[01m[Koperator-[m[K’ (operand types are ‘[01m[KMyParam*[m[K’ and ‘[01m[Krclcpp::Logger[m[K’)
   16 |         RCLCPP_INFO([32m[Kthis[m[K[01;31m[K-[m[K[34m[Kget_logger()[m[K,"car_name = %.2f",p2.as_double());
      |                     [32m[K~~~~[m[K[01;31m[K^[m[K[34m[K~~~~~~~~~~~~[m[K
      |                     [32m[K|[m[K              [34m[K|[m[K
      |                     [32m[KMyParam*[m[K       [34m[Krclcpp::Logger[m[K
[01m[K/usr/include/c++/13/bits/stl_iterator.h:625:5:[m[K [01;36m[Knote: [m[Kcandidate: ‘[01m[Ktemplate<class _IteratorL, class _IteratorR> constexpr decltype ((__y.base() - __x.base())) std::[01;32m[Koperator-[m[K(const reverse_iterator<_Iterator>&, const reverse_iterator<_IteratorR>&)[m[K’
  625 |     [01;36m[Koperator[m[K-(const reverse_iterator<_IteratorL>& __x,
      |     [01;36m[K^~~~~~~~[m[K
[01m[K/usr/include/c++/13/bits/stl_iterator.h:625:5:[m[K [01;36m[Knote: [m[K  template argument deduction/substitution failed:
[01m[K/home/haixin/ws01_plumbing/src/cpp04_param/src/demo00_param.cpp:16:37:[m[K [01;36m[Knote: [m[K  mismatched types ‘[01m[Kconst std::reverse_iterator<_Iterator>[m[K’ and ‘[01m[KMyParam*[m[K’
   16 |         RCLCPP_INFO(this-get_logger([01;36m[K)[m[K,"car_name = %.2f",p2.as_double());
      |                                     [01;36m[K^[m[K
[01m[K/usr/include/c++/13/bits/stl_iterator.h:1800:5:[m[K [01;36m[Knote: [m[Kcandidate: ‘[01m[Ktemplate<class _IteratorL, class _IteratorR> constexpr decltype ((__x.base() - __y.base())) std::[01;32m[Koperator-[m[K(const move_iterator<_IteratorL>&, const move_iterator<_IteratorR>&)[m[K’
 1800 |     [01;36m[Koperator[m[K-(const move_iterator<_IteratorL>& __x,
      |     [01;36m[K^~~~~~~~[m[K
[01m[K/usr/include/c++/13/bits/stl_iterator.h:1800:5:[m[K [01;36m[Knote: [m[K  template argument deduction/substitution failed:
[01m[K/home/haixin/ws01_plumbing/src/cpp04_param/src/demo00_param.cpp:16:37:[m[K [01;36m[Knote: [m[K  mismatched types ‘[01m[Kconst std::move_iterator<_IteratorL>[m[K’ and ‘[01m[KMyParam*[m[K’
   16 |         RCLCPP_INFO(this-get_logger([01;36m[K)[m[K,"car_name = %.2f",p2.as_double());
      |                                     [01;36m[K^[m[K
[01m[K/opt/ros/jazzy/include/rclcpp/rclcpp/duration.hpp:168:1:[m[K [01;36m[Knote: [m[Kcandidate: ‘[01m[Kbuiltin_interfaces::msg::Time rclcpp::[01;32m[Koperator-[m[K(const builtin_interfaces::msg::Time&, const Duration&)[m[K’
  168 | [01;36m[Koperator[m[K-(const builtin_interfaces::msg::Time & lhs, const rclcpp::Duration & rhs);
      | [01;36m[K^~~~~~~~[m[K
[01m[K/opt/ros/jazzy/include/rclcpp/rclcpp/duration.hpp:168:49:[m[K [01;36m[Knote: [m[K  no known conversion for argument 1 from ‘[01m[KMyParam*[m[K’ to ‘[01m[Kconst builtin_interfaces::msg::Time&[m[K’ {aka ‘[01m[Kconst builtin_interfaces::msg::Time_<std::allocator<void> >&[m[K’}
  168 | operator-([01;36m[Kconst builtin_interfaces::msg::Time & lhs[m[K, const rclcpp::Duration & rhs);
      |           [01;36m[K~~~~~~~~~~~~~~~~~~~~~~~~~~~~~~~~~~~~~~^~~[m[K
[01m[K/home/haixin/ws01_plumbing/src/cpp04_param/src/demo00_param.cpp:16:25:[m[K [01;31m[Kerror: [m[Kno match for ‘[01m[Koperator-[m[K’ (operand types are ‘[01m[KMyParam*[m[K’ and ‘[01m[Krclcpp::Logger[m[K’)
   16 |         RCLCPP_INFO([32m[Kthis[m[K[01;31m[K-[m[K[34m[Kget_logger()[m[K,"car_name = %.2f",p2.as_double());
      |                     [32m[K~~~~[m[K[01;31m[K^[m[K[34m[K~~~~~~~~~~~~[m[K
      |                     [32m[K|[m[K              [34m[K|[m[K
      |                     [32m[KMyParam*[m[K       [34m[Krclcpp::Logger[m[K
[01m[K/usr/include/c++/13/bits/stl_iterator.h:625:5:[m[K [01;36m[Knote: [m[Kcandidate: ‘[01m[Ktemplate<class _IteratorL, class _IteratorR> constexpr decltype ((__y.base() - __x.base())) std::[01;32m[Koperator-[m[K(const reverse_iterator<_Iterator>&, const reverse_iterator<_IteratorR>&)[m[K’
  625 |     [01;36m[Koperator[m[K-(const reverse_iterator<_IteratorL>& __x,
      |     [01;36m[K^~~~~~~~[m[K
[01m[K/usr/include/c++/13/bits/stl_iterator.h:625:5:[m[K [01;36m[Knote: [m[K  template argument deduction/substitution failed:
[01m[K/home/haixin/ws01_plumbing/src/cpp04_param/src/demo00_param.cpp:16:37:[m[K [01;36m[Knote: [m[K  mismatched types ‘[01m[Kconst std::reverse_iterator<_Iterator>[m[K’ and ‘[01m[KMyParam*[m[K’
   16 |         RCLCPP_INFO(this-get_logger([01;36m[K)[m[K,"car_name = %.2f",p2.as_double());
      |                                     [01;36m[K^[m[K
[01m[K/usr/include/c++/13/bits/stl_iterator.h:1800:5:[m[K [01;36m[Knote: [m[Kcandidate: ‘[01m[Ktemplate<class _IteratorL, class _IteratorR> constexpr decltype ((__x.base() - __y.base())) std::[01;32m[Koperator-[m[K(const move_iterator<_IteratorL>&, const move_iterator<_IteratorR>&)[m[K’
 1800 |     [01;36m[Koperator[m[K-(const move_iterator<_IteratorL>& __x,
      |     [01;36m[K^~~~~~~~[m[K
[01m[K/usr/include/c++/13/bits/stl_iterator.h:1800:5:[m[K [01;36m[Knote: [m[K  template argument deduction/substitution failed:
[01m[K/home/haixin/ws01_plumbing/src/cpp04_param/src/demo00_param.cpp:16:37:[m[K [01;36m[Knote: [m[K  mismatched types ‘[01m[Kconst std::move_iterator<_IteratorL>[m[K’ and ‘[01m[KMyParam*[m[K’
   16 |         RCLCPP_INFO(this-get_logger([01;36m[K)[m[K,"car_name = %.2f",p2.as_double());
      |                                     [01;36m[K^[m[K
[01m[K/opt/ros/jazzy/include/rclcpp/rclcpp/duration.hpp:168:1:[m[K [01;36m[Knote: [m[Kcandidate: ‘[01m[Kbuiltin_interfaces::msg::Time rclcpp::[01;32m[Koperator-[m[K(const builtin_interfaces::msg::Time&, const Duration&)[m[K’
  168 | [01;36m[Koperator[m[K-(const builtin_interfaces::msg::Time & lhs, const rclcpp::Duration & rhs);
      | [01;36m[K^~~~~~~~[m[K
[01m[K/opt/ros/jazzy/include/rclcpp/rclcpp/duration.hpp:168:49:[m[K [01;36m[Knote: [m[K  no known conversion for argument 1 from ‘[01m[KMyParam*[m[K’ to ‘[01m[Kconst builtin_interfaces::msg::Time&[m[K’ {aka ‘[01m[Kconst builtin_interfaces::msg::Time_<std::allocator<void> >&[m[K’}
  168 | operator-([01;36m[Kconst builtin_interfaces::msg::Time & lhs[m[K, const rclcpp::Duration & rhs);
      |           [01;36m[K~~~~~~~~~~~~~~~~~~~~~~~~~~~~~~~~~~~~~~^~~[m[K
[01m[K/home/haixin/ws01_plumbing/src/cpp04_param/src/demo00_param.cpp:17:25:[m[K [01;31m[Kerror: [m[Kno match for ‘[01m[Koperator-[m[K’ (operand types are ‘[01m[KMyParam*[m[K’ and ‘[01m[Krclcpp::Logger[m[K’)
   17 |         RCLCPP_INFO([32m[Kthis[m[K[01;31m[K-[m[K[34m[Kget_logger()[m[K,"car_name = %ld",p3.as_int());
      |                     [32m[K~~~~[m[K[01;31m[K^[m[K[34m[K~~~~~~~~~~~~[m[K
      |                     [32m[K|[m[K              [34m[K|[m[K
      |                     [32m[KMyParam*[m[K       [34m[Krclcpp::Logger[m[K
[01m[K/usr/include/c++/13/bits/stl_iterator.h:625:5:[m[K [01;36m[Knote: [m[Kcandidate: ‘[01m[Ktemplate<class _IteratorL, class _IteratorR> constexpr decltype ((__y.base() - __x.base())) std::[01;32m[Koperator-[m[K(const reverse_iterator<_Iterator>&, const reverse_iterator<_IteratorR>&)[m[K’
  625 |     [01;36m[Koperator[m[K-(const reverse_iterator<_IteratorL>& __x,
      |     [01;36m[K^~~~~~~~[m[K
[01m[K/usr/include/c++/13/bits/stl_iterator.h:625:5:[m[K [01;36m[Knote: [m[K  template argument deduction/substitution failed:
[01m[K/home/haixin/ws01_plumbing/src/cpp04_param/src/demo00_param.cpp:17:37:[m[K [01;36m[Knote: [m[K  mismatched types ‘[01m[Kconst std::reverse_iterator<_Iterator>[m[K’ and ‘[01m[KMyParam*[m[K’
   17 |         RCLCPP_INFO(this-get_logger([01;36m[K)[m[K,"car_name = %ld",p3.as_int());
      |                                     [01;36m[K^[m[K
[01m[K/usr/include/c++/13/bits/stl_iterator.h:1800:5:[m[K [01;36m[Knote: [m[Kcandidate: ‘[01m[Ktemplate<class _IteratorL, class _IteratorR> constexpr decltype ((__x.base() - __y.base())) std::[01;32m[Koperator-[m[K(const move_iterator<_IteratorL>&, const move_iterator<_IteratorR>&)[m[K’
 1800 |     [01;36m[Koperator[m[K-(const move_iterator<_IteratorL>& __x,
      |     [01;36m[K^~~~~~~~[m[K
[01m[K/usr/include/c++/13/bits/stl_iterator.h:1800:5:[m[K [01;36m[Knote: [m[K  template argument deduction/substitution failed:
[01m[K/home/haixin/ws01_plumbing/src/cpp04_param/src/demo00_param.cpp:17:37:[m[K [01;36m[Knote: [m[K  mismatched types ‘[01m[Kconst std::move_iterator<_IteratorL>[m[K’ and ‘[01m[KMyParam*[m[K’
   17 |         RCLCPP_INFO(this-get_logger([01;36m[K)[m[K,"car_name = %ld",p3.as_int());
      |                                     [01;36m[K^[m[K
[01m[K/opt/ros/jazzy/include/rclcpp/rclcpp/duration.hpp:168:1:[m[K [01;36m[Knote: [m[Kcandidate: ‘[01m[Kbuiltin_interfaces::msg::Time rclcpp::[01;32m[Koperator-[m[K(const builtin_interfaces::msg::Time&, const Duration&)[m[K’
  168 | [01;36m[Koperator[m[K-(const builtin_interfaces::msg::Time & lhs, const rclcpp::Duration & rhs);
      | [01;36m[K^~~~~~~~[m[K
[01m[K/opt/ros/jazzy/include/rclcpp/rclcpp/duration.hpp:168:49:[m[K [01;36m[Knote: [m[K  no known conversion for argument 1 from ‘[01m[KMyParam*[m[K’ to ‘[01m[Kconst builtin_interfaces::msg::Time&[m[K’ {aka ‘[01m[Kconst builtin_interfaces::msg::Time_<std::allocator<void> >&[m[K’}
  168 | operator-([01;36m[Kconst builtin_interfaces::msg::Time & lhs[m[K, const rclcpp::Duration & rhs);
      |           [01;36m[K~~~~~~~~~~~~~~~~~~~~~~~~~~~~~~~~~~~~~~^~~[m[K
[01m[K/home/haixin/ws01_plumbing/src/cpp04_param/src/demo00_param.cpp:17:9:[m[K [01;31m[Kerror: [m[Ktemplate argument 1 is invalid
   17 |         [01;31m[KRCLCPP_INFO[m[K(this-get_logger(),"car_name = %ld",p3.as_int());
      |         [01;31m[K^~~~~~~~~~~[m[K
[01m[K/home/haixin/ws01_plumbing/src/cpp04_param/src/demo00_param.cpp:17:9:[m[K [01;31m[Kerror: [m[Ktemplate argument 1 is invalid
   17 |         [01;31m[KRCLCPP_INFO[m[K(this-get_logger(),"car_name = %ld",p3.as_int());
      |         [01;31m[K^~~~~~~~~~~[m[K
[01m[K/home/haixin/ws01_plumbing/src/cpp04_param/src/demo00_param.cpp:17:9:[m[K [01;31m[Kerror: [m[Ktemplate argument 1 is invalid
   17 |         [01;31m[KRCLCPP_INFO[m[K(this-get_logger(),"car_name = %ld",p3.as_int());
      |         [01;31m[K^~~~~~~~~~~[m[K
[01m[K/home/haixin/ws01_plumbing/src/cpp04_param/src/demo00_param.cpp:17:25:[m[K [01;31m[Kerror: [m[Kno match for ‘[01m[Koperator-[m[K’ (operand types are ‘[01m[KMyParam*[m[K’ and ‘[01m[Krclcpp::Logger[m[K’)
   17 |         RCLCPP_INFO([32m[Kthis[m[K[01;31m[K-[m[K[34m[Kget_logger()[m[K,"car_name = %ld",p3.as_int());
      |                     [32m[K~~~~[m[K[01;31m[K^[m[K[34m[K~~~~~~~~~~~~[m[K
      |                     [32m[K|[m[K              [34m[K|[m[K
      |                     [32m[KMyParam*[m[K       [34m[Krclcpp::Logger[m[K
[01m[K/usr/include/c++/13/bits/stl_iterator.h:625:5:[m[K [01;36m[Knote: [m[Kcandidate: ‘[01m[Ktemplate<class _IteratorL, class _IteratorR> constexpr decltype ((__y.base() - __x.base())) std::[01;32m[Koperator-[m[K(const reverse_iterator<_Iterator>&, const reverse_iterator<_IteratorR>&)[m[K’
  625 |     [01;36m[Koperator[m[K-(const reverse_iterator<_IteratorL>& __x,
      |     [01;36m[K^~~~~~~~[m[K
[01m[K/usr/include/c++/13/bits/stl_iterator.h:625:5:[m[K [01;36m[Knote: [m[K  template argument deduction/substitution failed:
[01m[K/home/haixin/ws01_plumbing/src/cpp04_param/src/demo00_param.cpp:17:37:[m[K [01;36m[Knote: [m[K  mismatched types ‘[01m[Kconst std::reverse_iterator<_Iterator>[m[K’ and ‘[01m[KMyParam*[m[K’
   17 |         RCLCPP_INFO(this-get_logger([01;36m[K)[m[K,"car_name = %ld",p3.as_int());
      |                                     [01;36m[K^[m[K
[01m[K/usr/include/c++/13/bits/stl_iterator.h:1800:5:[m[K [01;36m[Knote: [m[Kcandidate: ‘[01m[Ktemplate<class _IteratorL, class _IteratorR> constexpr decltype ((__x.base() - __y.base())) std::[01;32m[Koperator-[m[K(const move_iterator<_IteratorL>&, const move_iterator<_IteratorR>&)[m[K’
 1800 |     [01;36m[Koperator[m[K-(const move_iterator<_IteratorL>& __x,
      |     [01;36m[K^~~~~~~~[m[K
[01m[K/usr/include/c++/13/bits/stl_iterator.h:1800:5:[m[K [01;36m[Knote: [m[K  template argument deduction/substitution failed:
[01m[K/home/haixin/ws01_plumbing/src/cpp04_param/src/demo00_param.cpp:17:37:[m[K [01;36m[Knote: [m[K  mismatched types ‘[01m[Kconst std::move_iterator<_IteratorL>[m[K’ and ‘[01m[KMyParam*[m[K’
   17 |         RCLCPP_INFO(this-get_logger([01;36m[K)[m[K,"car_name = %ld",p3.as_int());
      |                                     [01;36m[K^[m[K
[01m[K/opt/ros/jazzy/include/rclcpp/rclcpp/duration.hpp:168:1:[m[K [01;36m[Knote: [m[Kcandidate: ‘[01m[Kbuiltin_interfaces::msg::Time rclcpp::[01;32m[Koperator-[m[K(const builtin_interfaces::msg::Time&, const Duration&)[m[K’
  168 | [01;36m[Koperator[m[K-(const builtin_interfaces::msg::Time & lhs, const rclcpp::Duration & rhs);
      | [01;36m[K^~~~~~~~[m[K
[01m[K/opt/ros/jazzy/include/rclcpp/rclcpp/duration.hpp:168:49:[m[K [01;36m[Knote: [m[K  no known conversion for argument 1 from ‘[01m[KMyParam*[m[K’ to ‘[01m[Kconst builtin_interfaces::msg::Time&[m[K’ {aka ‘[01m[Kconst builtin_interfaces::msg::Time_<std::allocator<void> >&[m[K’}
  168 | operator-([01;36m[Kconst builtin_interfaces::msg::Time & lhs[m[K, const rclcpp::Duration & rhs);
      |           [01;36m[K~~~~~~~~~~~~~~~~~~~~~~~~~~~~~~~~~~~~~~^~~[m[K
[01m[K/home/haixin/ws01_plumbing/src/cpp04_param/src/demo00_param.cpp:17:25:[m[K [01;31m[Kerror: [m[Kno match for ‘[01m[Koperator-[m[K’ (operand types are ‘[01m[KMyParam*[m[K’ and ‘[01m[Krclcpp::Logger[m[K’)
   17 |         RCLCPP_INFO([32m[Kthis[m[K[01;31m[K-[m[K[34m[Kget_logger()[m[K,"car_name = %ld",p3.as_int());
      |                     [32m[K~~~~[m[K[01;31m[K^[m[K[34m[K~~~~~~~~~~~~[m[K
      |                     [32m[K|[m[K              [34m[K|[m[K
      |                     [32m[KMyParam*[m[K       [34m[Krclcpp::Logger[m[K
[01m[K/usr/include/c++/13/bits/stl_iterator.h:625:5:[m[K [01;36m[Knote: [m[Kcandidate: ‘[01m[Ktemplate<class _IteratorL, class _IteratorR> constexpr decltype ((__y.base() - __x.base())) std::[01;32m[Koperator-[m[K(const reverse_iterator<_Iterator>&, const reverse_iterator<_IteratorR>&)[m[K’
  625 |     [01;36m[Koperator[m[K-(const reverse_iterator<_IteratorL>& __x,
      |     [01;36m[K^~~~~~~~[m[K
[01m[K/usr/include/c++/13/bits/stl_iterator.h:625:5:[m[K [01;36m[Knote: [m[K  template argument deduction/substitution failed:
[01m[K/home/haixin/ws01_plumbing/src/cpp04_param/src/demo00_param.cpp:17:37:[m[K [01;36m[Knote: [m[K  mismatched types ‘[01m[Kconst std::reverse_iterator<_Iterator>[m[K’ and ‘[01m[KMyParam*[m[K’
   17 |         RCLCPP_INFO(this-get_logger([01;36m[K)[m[K,"car_name = %ld",p3.as_int());
      |                                     [01;36m[K^[m[K
[01m[K/usr/include/c++/13/bits/stl_iterator.h:1800:5:[m[K [01;36m[Knote: [m[Kcandidate: ‘[01m[Ktemplate<class _IteratorL, class _IteratorR> constexpr decltype ((__x.base() - __y.base())) std::[01;32m[Koperator-[m[K(const move_iterator<_IteratorL>&, const move_iterator<_IteratorR>&)[m[K’
 1800 |     [01;36m[Koperator[m[K-(const move_iterator<_IteratorL>& __x,
      |     [01;36m[K^~~~~~~~[m[K
[01m[K/usr/include/c++/13/bits/stl_iterator.h:1800:5:[m[K [01;36m[Knote: [m[K  template argument deduction/substitution failed:
[01m[K/home/haixin/ws01_plumbing/src/cpp04_param/src/demo00_param.cpp:17:37:[m[K [01;36m[Knote: [m[K  mismatched types ‘[01m[Kconst std::move_iterator<_IteratorL>[m[K’ and ‘[01m[KMyParam*[m[K’
   17 |         RCLCPP_INFO(this-get_logger([01;36m[K)[m[K,"car_name = %ld",p3.as_int());
      |                                     [01;36m[K^[m[K
[01m[K/opt/ros/jazzy/include/rclcpp/rclcpp/duration.hpp:168:1:[m[K [01;36m[Knote: [m[Kcandidate: ‘[01m[Kbuiltin_interfaces::msg::Time rclcpp::[01;32m[Koperator-[m[K(const builtin_interfaces::msg::Time&, const Duration&)[m[K’
  168 | [01;36m[Koperator[m[K-(const builtin_interfaces::msg::Time & lhs, const rclcpp::Duration & rhs);
      | [01;36m[K^~~~~~~~[m[K
[01m[K/opt/ros/jazzy/include/rclcpp/rclcpp/duration.hpp:168:49:[m[K [01;36m[Knote: [m[K  no known conversion for argument 1 from ‘[01m[KMyParam*[m[K’ to ‘[01m[Kconst builtin_interfaces::msg::Time&[m[K’ {aka ‘[01m[Kconst builtin_interfaces::msg::Time_<std::allocator<void> >&[m[K’}
  168 | operator-([01;36m[Kconst builtin_interfaces::msg::Time & lhs[m[K, const rclcpp::Duration & rhs);
      |           [01;36m[K~~~~~~~~~~~~~~~~~~~~~~~~~~~~~~~~~~~~~~^~~[m[K
gmake[2]: *** [CMakeFiles/demo00_param.dir/build.make:76: CMakeFiles/demo00_param.dir/src/demo00_param.cpp.o] Error 1
gmake[1]: *** [CMakeFiles/Makefile2:137: CMakeFiles/demo00_param.dir/all] Error 2
gmake: *** [Makefile:146: all] Error 2
