-- Found ament_cmake: 2.5.4 (/opt/ros/jazzy/share/ament_cmake/cmake)
-- Found rclcpp: 28.1.9 (/opt/ros/jazzy/share/rclcpp/cmake)
-- Found rosidl_generator_c: 4.6.5 (/opt/ros/jazzy/share/rosidl_generator_c/cmake)
-- Found rosidl_generator_cpp: 4.6.5 (/opt/ros/jazzy/share/rosidl_generator_cpp/cmake)
-- Using all available rosidl_typesupport_c: rosidl_typesupport_fastrtps_c;rosidl_typesupport_introspection_c
-- Using all available rosidl_typesupport_cpp: rosidl_typesupport_fastrtps_cpp;rosidl_typesupport_introspection_cpp
-- Found rmw_implementation_cmake: 7.3.2 (/opt/ros/jazzy/share/rmw_implementation_cmake/cmake)
-- Found rmw_fastrtps_cpp: 8.4.2 (/opt/ros/jazzy/share/rmw_fastrtps_cpp/cmake)
-- Using RMW implementation 'rmw_fastrtps_cpp' as default
-- Found std_msgs: 5.3.6 (/opt/ros/jazzy/share/std_msgs/cmake)
-- Found base_interfaces_demo: 0.0.0 (/home/haixin/ws01_plumbing/install/base_interfaces_demo/share/base_interfaces_demo/cmake)
-- Found ament_lint_auto: 0.17.2 (/opt/ros/jazzy/share/ament_lint_auto/cmake)
-- Added test 'cppcheck' to perform static code analysis on C / C++ code
-- Configured cppcheck include dirs: $<BUILD_INTERFACE:/home/haixin/ws01_plumbing/src/cpp01_topic/include>
-- Configured cppcheck exclude dirs and/or files: 
-- Added test 'lint_cmake' to check CMake code style
-- Added test 'uncrustify' to check C / C++ code style
-- Configured uncrustify additional arguments: 
-- Added test 'xmllint' to check XML markup files
-- Configuring done (0.9s)
-- Generating done (0.0s)
-- Build files have been written to: /home/haixin/ws01_plumbing/build/cpp01_topic
[ 25%] [32mBuilding CXX object CMakeFiles/demo02_listener_str.dir/src/demo02_listener_str.cpp.o[0m
[ 75%] Built target demo01_talker_str
[01m[K/home/haixin/ws01_plumbing/src/cpp01_topic/src/demo02_listener_str.cpp:12:2:[m[K [01;31m[Kerror: [m[Kexpected ‘[01m[K;[m[K’ after class definition
   12 | }
      |  [01;31m[K^[m[K
      |  [32m[K;[m[K
[01m[K/home/haixin/ws01_plumbing/src/cpp01_topic/src/demo02_listener_str.cpp:[m[K In function ‘[01m[Kint[01;32m[K main[m[K(int, const char**)[m[K’:
[01m[K/home/haixin/ws01_plumbing/src/cpp01_topic/src/demo02_listener_str.cpp:18:28:[m[K [01;31m[Kerror: [m[Kexpected ‘[01m[K;[m[K’ before ‘[01m[Krclcpp[m[K’
   18 |     rclcpp::init(argc,argv)
      |                            [01;31m[K^[m[K
      |                            [32m[K;[m[K
   19 | 
   20 |     [32m[Krclcpp[m[K::spin(std::make_shared<Listener>());
      |     [32m[K~~~~~~[m[K                  
gmake[2]: *** [CMakeFiles/demo02_listener_str.dir/build.make:76: CMakeFiles/demo02_listener_str.dir/src/demo02_listener_str.cpp.o] Error 1
gmake[1]: *** [CMakeFiles/Makefile2:165: CMakeFiles/demo02_listener_str.dir/all] Error 2
gmake: *** [Makefile:146: all] Error 2
