[0.031s] Invoking command in '/home/haixin/ws01_plumbing/build/cpp02_service': CMAKE_PREFIX_PATH=/home/haixin/ws01_plumbing/install/base_interfaces_demo:/home/haixin/ws01_plumbing/install/cpp01_topic:/opt/ros/jazzy /usr/bin/cmake /home/haixin/ws01_plumbing/src/cpp02_service -DCMAKE_INSTALL_PREFIX=/home/haixin/ws01_plumbing/install/cpp02_service
[0.642s] -- The C compiler identification is GNU 13.3.0
[1.006s] -- The CXX compiler identification is GNU 13.3.0
[1.048s] -- Detecting C compiler ABI info
[1.289s] -- Detecting C compiler ABI info - done
[1.305s] -- Check for working C compiler: /usr/bin/cc - skipped
[1.306s] -- Detecting C compile features
[1.307s] -- Detecting C compile features - done
[1.324s] -- Detecting CXX compiler ABI info
[1.499s] -- Detecting CXX compiler ABI info - done
[1.516s] -- Check for working CXX compiler: /usr/bin/c++ - skipped
[1.516s] -- Detecting CXX compile features
[1.517s] -- Detecting CXX compile features - done
[1.521s] -- Found ament_cmake: 2.5.4 (/opt/ros/jazzy/share/ament_cmake/cmake)
[1.747s] -- Found Python3: /usr/bin/python3 (found version "3.12.3") found components: Interpreter 
[1.947s] -- Found rclcpp: 28.1.9 (/opt/ros/jazzy/share/rclcpp/cmake)
[2.037s] -- Found rosidl_generator_c: 4.6.5 (/opt/ros/jazzy/share/rosidl_generator_c/cmake)
[2.064s] -- Found rosidl_generator_cpp: 4.6.5 (/opt/ros/jazzy/share/rosidl_generator_cpp/cmake)
[2.104s] -- Using all available rosidl_typesupport_c: rosidl_typesupport_fastrtps_c;rosidl_typesupport_introspection_c
[2.142s] -- Using all available rosidl_typesupport_cpp: rosidl_typesupport_fastrtps_cpp;rosidl_typesupport_introspection_cpp
[2.309s] -- Found rmw_implementation_cmake: 7.3.2 (/opt/ros/jazzy/share/rmw_implementation_cmake/cmake)
[2.327s] -- Found rmw_fastrtps_cpp: 8.4.2 (/opt/ros/jazzy/share/rmw_fastrtps_cpp/cmake)
[2.560s] -- Found OpenSSL: /usr/lib/aarch64-linux-gnu/libcrypto.so (found version "3.0.13")  
[2.599s] -- Found FastRTPS: /opt/ros/jazzy/include (Required is at least version "2.13") 
[2.638s] -- Using RMW implementation 'rmw_fastrtps_cpp' as default
[2.803s] -- Found base_interfaces_demo: 0.0.0 (/home/haixin/ws01_plumbing/install/base_interfaces_demo/share/base_interfaces_demo/cmake)
[2.838s] -- Found ament_lint_auto: 0.17.2 (/opt/ros/jazzy/share/ament_lint_auto/cmake)
[3.034s] -- Added test 'cppcheck' to perform static code analysis on C / C++ code
[3.034s] -- Configured cppcheck include dirs: $<BUILD_INTERFACE:/home/haixin/ws01_plumbing/src/cpp02_service/include>
[3.034s] -- Configured cppcheck exclude dirs and/or files: 
[3.036s] -- Added test 'lint_cmake' to check CMake code style
[3.039s] -- Added test 'uncrustify' to check C / C++ code style
[3.039s] -- Configured uncrustify additional arguments: 
[3.040s] -- Added test 'xmllint' to check XML markup files
[3.045s] -- Configuring done (2.9s)
[3.067s] -- Generating done (0.0s)
[3.074s] -- Build files have been written to: /home/haixin/ws01_plumbing/build/cpp02_service
[3.090s] Invoked command in '/home/haixin/ws01_plumbing/build/cpp02_service' returned '0': CMAKE_PREFIX_PATH=/home/haixin/ws01_plumbing/install/base_interfaces_demo:/home/haixin/ws01_plumbing/install/cpp01_topic:/opt/ros/jazzy /usr/bin/cmake /home/haixin/ws01_plumbing/src/cpp02_service -DCMAKE_INSTALL_PREFIX=/home/haixin/ws01_plumbing/install/cpp02_service
[3.093s] Invoking command in '/home/haixin/ws01_plumbing/build/cpp02_service': CMAKE_PREFIX_PATH=/home/haixin/ws01_plumbing/install/base_interfaces_demo:/home/haixin/ws01_plumbing/install/cpp01_topic:/opt/ros/jazzy /usr/bin/cmake --build /home/haixin/ws01_plumbing/build/cpp02_service -- -j4 -l4
[3.180s] [ 25%] [32mBuilding CXX object CMakeFiles/demo02_client.dir/src/demo02_client.cpp.o[0m
[3.181s] [ 50%] [32mBuilding CXX object CMakeFiles/demo01_server.dir/src/demo01_server.cpp.o[0m
[10.914s] [ 75%] [32m[1mLinking CXX executable demo01_server[0m
[10.926s] [100%] [32m[1mLinking CXX executable demo02_client[0m
[14.241s] [100%] Built target demo01_server
[14.242s] [100%] Built target demo02_client
[14.262s] Invoked command in '/home/haixin/ws01_plumbing/build/cpp02_service' returned '0': CMAKE_PREFIX_PATH=/home/haixin/ws01_plumbing/install/base_interfaces_demo:/home/haixin/ws01_plumbing/install/cpp01_topic:/opt/ros/jazzy /usr/bin/cmake --build /home/haixin/ws01_plumbing/build/cpp02_service -- -j4 -l4
[14.279s] Invoking command in '/home/haixin/ws01_plumbing/build/cpp02_service': CMAKE_PREFIX_PATH=/home/haixin/ws01_plumbing/install/base_interfaces_demo:/home/haixin/ws01_plumbing/install/cpp01_topic:/opt/ros/jazzy /usr/bin/cmake --install /home/haixin/ws01_plumbing/build/cpp02_service
[14.293s] -- Install configuration: ""
[14.293s] -- Installing: /home/haixin/ws01_plumbing/install/cpp02_service/lib/cpp02_service/demo01_server
[14.294s] -- Set non-toolchain portion of runtime path of "/home/haixin/ws01_plumbing/install/cpp02_service/lib/cpp02_service/demo01_server" to ""
[14.294s] -- Installing: /home/haixin/ws01_plumbing/install/cpp02_service/lib/cpp02_service/demo02_client
[14.295s] -- Set non-toolchain portion of runtime path of "/home/haixin/ws01_plumbing/install/cpp02_service/lib/cpp02_service/demo02_client" to ""
[14.295s] -- Installing: /home/haixin/ws01_plumbing/install/cpp02_service/share/ament_index/resource_index/package_run_dependencies/cpp02_service
[14.296s] -- Installing: /home/haixin/ws01_plumbing/install/cpp02_service/share/ament_index/resource_index/parent_prefix_path/cpp02_service
[14.296s] -- Installing: /home/haixin/ws01_plumbing/install/cpp02_service/share/cpp02_service/environment/ament_prefix_path.sh
[14.296s] -- Installing: /home/haixin/ws01_plumbing/install/cpp02_service/share/cpp02_service/environment/ament_prefix_path.dsv
[14.296s] -- Installing: /home/haixin/ws01_plumbing/install/cpp02_service/share/cpp02_service/environment/path.sh
[14.298s] -- Installing: /home/haixin/ws01_plumbing/install/cpp02_service/share/cpp02_service/environment/path.dsv
[14.299s] -- Installing: /home/haixin/ws01_plumbing/install/cpp02_service/share/cpp02_service/local_setup.bash
[14.299s] -- Installing: /home/haixin/ws01_plumbing/install/cpp02_service/share/cpp02_service/local_setup.sh
[14.299s] -- Installing: /home/haixin/ws01_plumbing/install/cpp02_service/share/cpp02_service/local_setup.zsh
[14.299s] -- Installing: /home/haixin/ws01_plumbing/install/cpp02_service/share/cpp02_service/local_setup.dsv
[14.299s] -- Installing: /home/haixin/ws01_plumbing/install/cpp02_service/share/cpp02_service/package.dsv
[14.299s] -- Installing: /home/haixin/ws01_plumbing/install/cpp02_service/share/ament_index/resource_index/packages/cpp02_service
[14.299s] -- Installing: /home/haixin/ws01_plumbing/install/cpp02_service/share/cpp02_service/cmake/cpp02_serviceConfig.cmake
[14.299s] -- Installing: /home/haixin/ws01_plumbing/install/cpp02_service/share/cpp02_service/cmake/cpp02_serviceConfig-version.cmake
[14.300s] -- Installing: /home/haixin/ws01_plumbing/install/cpp02_service/share/cpp02_service/package.xml
[14.304s] Invoked command in '/home/haixin/ws01_plumbing/build/cpp02_service' returned '0': CMAKE_PREFIX_PATH=/home/haixin/ws01_plumbing/install/base_interfaces_demo:/home/haixin/ws01_plumbing/install/cpp01_topic:/opt/ros/jazzy /usr/bin/cmake --install /home/haixin/ws01_plumbing/build/cpp02_service
