[0.020s] Invoking command in '/home/haixin/ws01_plumbing/build/cpp01_topic': CMAKE_PREFIX_PATH=/home/haixin/ws01_plumbing/install/base_interfaces_demo:/home/haixin/ws01_plumbing/install/cpp02_service:/home/haixin/ws01_plumbing/install/cpp01_topic:/opt/ros/jazzy /usr/bin/cmake /home/haixin/ws01_plumbing/src/cpp01_topic -DCMAKE_EXPORT_COMPILE_COMMANDS=ON -DCMAKE_INSTALL_PREFIX=/home/haixin/ws01_plumbing/install/cpp01_topic
[0.049s] -- Found ament_cmake: 2.5.4 (/opt/ros/jazzy/share/ament_cmake/cmake)
[0.475s] -- Found rclcpp: 28.1.9 (/opt/ros/jazzy/share/rclcpp/cmake)
[0.510s] -- Found rosidl_generator_c: 4.6.5 (/opt/ros/jazzy/share/rosidl_generator_c/cmake)
[0.523s] -- Found rosidl_generator_cpp: 4.6.5 (/opt/ros/jazzy/share/rosidl_generator_cpp/cmake)
[0.540s] -- Using all available rosidl_typesupport_c: rosidl_typesupport_fastrtps_c;rosidl_typesupport_introspection_c
[0.559s] -- Using all available rosidl_typesupport_cpp: rosidl_typesupport_fastrtps_cpp;rosidl_typesupport_introspection_cpp
[0.674s] -- Found rmw_implementation_cmake: 7.3.2 (/opt/ros/jazzy/share/rmw_implementation_cmake/cmake)
[0.679s] -- Found rmw_fastrtps_cpp: 8.4.2 (/opt/ros/jazzy/share/rmw_fastrtps_cpp/cmake)
[0.806s] -- Using RMW implementation 'rmw_fastrtps_cpp' as default
[0.937s] -- Found std_msgs: 5.3.6 (/opt/ros/jazzy/share/std_msgs/cmake)
[0.967s] -- Found base_interfaces_demo: 0.0.0 (/home/haixin/ws01_plumbing/install/base_interfaces_demo/share/base_interfaces_demo/cmake)
[0.996s] -- Found ament_lint_auto: 0.17.2 (/opt/ros/jazzy/share/ament_lint_auto/cmake)
[1.183s] -- Added test 'cppcheck' to perform static code analysis on C / C++ code
[1.183s] -- Configured cppcheck include dirs: $<BUILD_INTERFACE:/home/haixin/ws01_plumbing/src/cpp01_topic/include>
[1.183s] -- Configured cppcheck exclude dirs and/or files: 
[1.184s] -- Added test 'lint_cmake' to check CMake code style
[1.186s] -- Added test 'uncrustify' to check C / C++ code style
[1.186s] -- Configured uncrustify additional arguments: 
[1.186s] -- Added test 'xmllint' to check XML markup files
[1.193s] -- Configuring done (1.2s)
[1.299s] -- Generating done (0.1s)
[1.319s] -- Build files have been written to: /home/haixin/ws01_plumbing/build/cpp01_topic
[1.336s] Invoked command in '/home/haixin/ws01_plumbing/build/cpp01_topic' returned '0': CMAKE_PREFIX_PATH=/home/haixin/ws01_plumbing/install/base_interfaces_demo:/home/haixin/ws01_plumbing/install/cpp02_service:/home/haixin/ws01_plumbing/install/cpp01_topic:/opt/ros/jazzy /usr/bin/cmake /home/haixin/ws01_plumbing/src/cpp01_topic -DCMAKE_EXPORT_COMPILE_COMMANDS=ON -DCMAKE_INSTALL_PREFIX=/home/haixin/ws01_plumbing/install/cpp01_topic
[1.338s] Invoking command in '/home/haixin/ws01_plumbing/build/cpp01_topic': CMAKE_PREFIX_PATH=/home/haixin/ws01_plumbing/install/base_interfaces_demo:/home/haixin/ws01_plumbing/install/cpp02_service:/home/haixin/ws01_plumbing/install/cpp01_topic:/opt/ros/jazzy /usr/bin/cmake --build /home/haixin/ws01_plumbing/build/cpp01_topic -- -j4 -l4
[1.454s] [ 12%] [32mBuilding CXX object CMakeFiles/demo04_listener_stu.dir/src/demo04_listener_stu.cpp.o[0m
[1.486s] [ 25%] [32mBuilding CXX object CMakeFiles/demo01_talker_str.dir/src/demo01_talker_str.cpp.o[0m
[1.486s] [ 37%] [32m[1mLinking CXX executable demo02_listener_str[0m
[1.486s] [ 50%] [32mBuilding CXX object CMakeFiles/demo03_talker_stu.dir/src/demo03_talker_stu.cpp.o[0m
[2.834s] [ 62%] Built target demo02_listener_str
[11.302s] [ 75%] [32m[1mLinking CXX executable demo03_talker_stu[0m
[11.314s] [ 87%] [32m[1mLinking CXX executable demo01_talker_str[0m
[12.021s] [ 87%] Built target demo03_talker_stu
[12.023s] [ 87%] Built target demo01_talker_str
[16.293s] [100%] [32m[1mLinking CXX executable demo04_listener_stu[0m
[16.939s] [100%] Built target demo04_listener_stu
[16.959s] Invoked command in '/home/haixin/ws01_plumbing/build/cpp01_topic' returned '0': CMAKE_PREFIX_PATH=/home/haixin/ws01_plumbing/install/base_interfaces_demo:/home/haixin/ws01_plumbing/install/cpp02_service:/home/haixin/ws01_plumbing/install/cpp01_topic:/opt/ros/jazzy /usr/bin/cmake --build /home/haixin/ws01_plumbing/build/cpp01_topic -- -j4 -l4
[16.961s] Invoking command in '/home/haixin/ws01_plumbing/build/cpp01_topic': CMAKE_PREFIX_PATH=/home/haixin/ws01_plumbing/install/base_interfaces_demo:/home/haixin/ws01_plumbing/install/cpp02_service:/home/haixin/ws01_plumbing/install/cpp01_topic:/opt/ros/jazzy /usr/bin/cmake --install /home/haixin/ws01_plumbing/build/cpp01_topic
[16.975s] -- Install configuration: ""
[16.977s] -- Installing: /home/haixin/ws01_plumbing/install/cpp01_topic/lib/cpp01_topic/demo01_talker_str
[16.980s] -- Set non-toolchain portion of runtime path of "/home/haixin/ws01_plumbing/install/cpp01_topic/lib/cpp01_topic/demo01_talker_str" to ""
[16.982s] -- Installing: /home/haixin/ws01_plumbing/install/cpp01_topic/lib/cpp01_topic/demo02_listener_str
[16.991s] -- Set non-toolchain portion of runtime path of "/home/haixin/ws01_plumbing/install/cpp01_topic/lib/cpp01_topic/demo02_listener_str" to ""
[16.993s] -- Installing: /home/haixin/ws01_plumbing/install/cpp01_topic/lib/cpp01_topic/demo03_talker_stu
[16.996s] -- Set non-toolchain portion of runtime path of "/home/haixin/ws01_plumbing/install/cpp01_topic/lib/cpp01_topic/demo03_talker_stu" to ""
[16.998s] -- Installing: /home/haixin/ws01_plumbing/install/cpp01_topic/lib/cpp01_topic/demo04_listener_stu
[17.008s] -- Set non-toolchain portion of runtime path of "/home/haixin/ws01_plumbing/install/cpp01_topic/lib/cpp01_topic/demo04_listener_stu" to ""
[17.008s] -- Up-to-date: /home/haixin/ws01_plumbing/install/cpp01_topic/share/ament_index/resource_index/package_run_dependencies/cpp01_topic
[17.008s] -- Installing: /home/haixin/ws01_plumbing/install/cpp01_topic/share/ament_index/resource_index/parent_prefix_path/cpp01_topic
[17.008s] -- Installing: /home/haixin/ws01_plumbing/install/cpp01_topic/share/cpp01_topic/environment/ament_prefix_path.sh
[17.009s] -- Up-to-date: /home/haixin/ws01_plumbing/install/cpp01_topic/share/cpp01_topic/environment/ament_prefix_path.dsv
[17.009s] -- Installing: /home/haixin/ws01_plumbing/install/cpp01_topic/share/cpp01_topic/environment/path.sh
[17.009s] -- Up-to-date: /home/haixin/ws01_plumbing/install/cpp01_topic/share/cpp01_topic/environment/path.dsv
[17.009s] -- Up-to-date: /home/haixin/ws01_plumbing/install/cpp01_topic/share/cpp01_topic/local_setup.bash
[17.009s] -- Up-to-date: /home/haixin/ws01_plumbing/install/cpp01_topic/share/cpp01_topic/local_setup.sh
[17.009s] -- Up-to-date: /home/haixin/ws01_plumbing/install/cpp01_topic/share/cpp01_topic/local_setup.zsh
[17.009s] -- Up-to-date: /home/haixin/ws01_plumbing/install/cpp01_topic/share/cpp01_topic/local_setup.dsv
[17.010s] -- Up-to-date: /home/haixin/ws01_plumbing/install/cpp01_topic/share/cpp01_topic/package.dsv
[17.010s] -- Up-to-date: /home/haixin/ws01_plumbing/install/cpp01_topic/share/ament_index/resource_index/packages/cpp01_topic
[17.010s] -- Up-to-date: /home/haixin/ws01_plumbing/install/cpp01_topic/share/cpp01_topic/cmake/cpp01_topicConfig.cmake
[17.010s] -- Up-to-date: /home/haixin/ws01_plumbing/install/cpp01_topic/share/cpp01_topic/cmake/cpp01_topicConfig-version.cmake
[17.010s] -- Up-to-date: /home/haixin/ws01_plumbing/install/cpp01_topic/share/cpp01_topic/package.xml
[17.013s] Invoked command in '/home/haixin/ws01_plumbing/build/cpp01_topic' returned '0': CMAKE_PREFIX_PATH=/home/haixin/ws01_plumbing/install/base_interfaces_demo:/home/haixin/ws01_plumbing/install/cpp02_service:/home/haixin/ws01_plumbing/install/cpp01_topic:/opt/ros/jazzy /usr/bin/cmake --install /home/haixin/ws01_plumbing/build/cpp01_topic
