-- Found ament_cmake: 2.5.4 (/opt/ros/jazzy/share/ament_cmake/cmake)
-- Found rclcpp: 28.1.10 (/opt/ros/jazzy/share/rclcpp/cmake)
-- Found rosidl_generator_c: 4.6.5 (/opt/ros/jazzy/share/rosidl_generator_c/cmake)
-- Found rosidl_generator_cpp: 4.6.5 (/opt/ros/jazzy/share/rosidl_generator_cpp/cmake)
-- Using all available rosidl_typesupport_c: rosidl_typesupport_fastrtps_c;rosidl_typesupport_introspection_c
-- Using all available rosidl_typesupport_cpp: rosidl_typesupport_fastrtps_cpp;rosidl_typesupport_introspection_cpp
-- Found rmw_implementation_cmake: 7.3.2 (/opt/ros/jazzy/share/rmw_implementation_cmake/cmake)
-- Found rmw_fastrtps_cpp: 8.4.2 (/opt/ros/jazzy/share/rmw_fastrtps_cpp/cmake)
-- Using RMW implementation 'rmw_fastrtps_cpp' as default
-- Found rclcpp_action: 28.1.10 (/opt/ros/jazzy/share/rclcpp_action/cmake)
-- Found base_interfaces_demo: 0.0.0 (/home/haixin/ws01_plumbing/install/base_interfaces_demo/share/base_interfaces_demo/cmake)
-- Found ament_lint_auto: 0.17.2 (/opt/ros/jazzy/share/ament_lint_auto/cmake)
-- Added test 'cppcheck' to perform static code analysis on C / C++ code
-- Configured cppcheck include dirs: $<BUILD_INTERFACE:/home/haixin/ws01_plumbing/src/cpp03_action/include>
-- Configured cppcheck exclude dirs and/or files: 
-- Added test 'lint_cmake' to check CMake code style
-- Added test 'uncrustify' to check C / C++ code style
-- Configured uncrustify additional arguments: 
-- Added test 'xmllint' to check XML markup files
-- Configuring done (1.4s)
-- Generating done (0.0s)
-- Build files have been written to: /home/haixin/ws01_plumbing/build/cpp03_action
[ 50%] Built target demo02_action_client
[ 75%] [32mBuilding CXX object CMakeFiles/demo01_action_server.dir/src/demo01_action_server.cpp.o[0m
[100%] [32m[1mLinking CXX executable demo01_action_server[0m
[100%] Built target demo01_action_server
-- Install configuration: ""
-- Installing: /home/haixin/ws01_plumbing/install/cpp03_action/lib/cpp03_action/demo01_action_server
-- Set non-toolchain portion of runtime path of "/home/haixin/ws01_plumbing/install/cpp03_action/lib/cpp03_action/demo01_action_server" to ""
-- Up-to-date: /home/haixin/ws01_plumbing/install/cpp03_action/lib/cpp03_action/demo02_action_client
-- Up-to-date: /home/haixin/ws01_plumbing/install/cpp03_action/share/ament_index/resource_index/package_run_dependencies/cpp03_action
-- Installing: /home/haixin/ws01_plumbing/install/cpp03_action/share/ament_index/resource_index/parent_prefix_path/cpp03_action
-- Up-to-date: /home/haixin/ws01_plumbing/install/cpp03_action/share/cpp03_action/environment/ament_prefix_path.sh
-- Up-to-date: /home/haixin/ws01_plumbing/install/cpp03_action/share/cpp03_action/environment/ament_prefix_path.dsv
-- Up-to-date: /home/haixin/ws01_plumbing/install/cpp03_action/share/cpp03_action/environment/path.sh
-- Up-to-date: /home/haixin/ws01_plumbing/install/cpp03_action/share/cpp03_action/environment/path.dsv
-- Up-to-date: /home/haixin/ws01_plumbing/install/cpp03_action/share/cpp03_action/local_setup.bash
-- Up-to-date: /home/haixin/ws01_plumbing/install/cpp03_action/share/cpp03_action/local_setup.sh
-- Up-to-date: /home/haixin/ws01_plumbing/install/cpp03_action/share/cpp03_action/local_setup.zsh
-- Up-to-date: /home/haixin/ws01_plumbing/install/cpp03_action/share/cpp03_action/local_setup.dsv
-- Installing: /home/haixin/ws01_plumbing/install/cpp03_action/share/cpp03_action/package.dsv
-- Up-to-date: /home/haixin/ws01_plumbing/install/cpp03_action/share/ament_index/resource_index/packages/cpp03_action
-- Up-to-date: /home/haixin/ws01_plumbing/install/cpp03_action/share/cpp03_action/cmake/cpp03_actionConfig.cmake
-- Up-to-date: /home/haixin/ws01_plumbing/install/cpp03_action/share/cpp03_action/cmake/cpp03_actionConfig-version.cmake
-- Up-to-date: /home/haixin/ws01_plumbing/install/cpp03_action/share/cpp03_action/package.xml
