[0.034s] Invoking command in '/home/haixin/ws01_plumbing/build/cpp01_topic': CMAKE_PREFIX_PATH=/home/haixin/ws01_plumbing/install/base_interfaces_demo:/home/haixin/ws01_plumbing/install/cpp01_topic:/opt/ros/jazzy /usr/bin/cmake --build /home/haixin/ws01_plumbing/build/cpp01_topic -- -j4 -l4
[0.370s] -- Found ament_cmake: 2.5.4 (/opt/ros/jazzy/share/ament_cmake/cmake)
[0.764s] -- Found rclcpp: 28.1.9 (/opt/ros/jazzy/share/rclcpp/cmake)
[0.827s] -- Found rosidl_generator_c: 4.6.5 (/opt/ros/jazzy/share/rosidl_generator_c/cmake)
[0.847s] -- Found rosidl_generator_cpp: 4.6.5 (/opt/ros/jazzy/share/rosidl_generator_cpp/cmake)
[0.874s] -- Using all available rosidl_typesupport_c: rosidl_typesupport_fastrtps_c;rosidl_typesupport_introspection_c
[0.904s] -- Using all available rosidl_typesupport_cpp: rosidl_typesupport_fastrtps_cpp;rosidl_typesupport_introspection_cpp
[1.032s] -- Found rmw_implementation_cmake: 7.3.2 (/opt/ros/jazzy/share/rmw_implementation_cmake/cmake)
[1.037s] -- Found rmw_fastrtps_cpp: 8.4.2 (/opt/ros/jazzy/share/rmw_fastrtps_cpp/cmake)
[1.211s] -- Using RMW implementation 'rmw_fastrtps_cpp' as default
[1.336s] -- Found std_msgs: 5.3.6 (/opt/ros/jazzy/share/std_msgs/cmake)
[1.363s] -- Found base_interfaces_demo: 0.0.0 (/home/haixin/ws01_plumbing/install/base_interfaces_demo/share/base_interfaces_demo/cmake)
[1.364s] [31mCMake Error at /opt/ros/jazzy/share/ament_cmake_target_dependencies/cmake/ament_target_dependencies.cmake:77 (message):
[1.364s]   ament_target_dependencies() the passed package name 'demo02_listener_str'
[1.364s]   was not found before
[1.364s] Call Stack (most recent call first):
[1.364s]   CMakeLists.txt:21 (ament_target_dependencies)
[1.365s] 
[1.365s] [0m
[1.365s] -- Configuring incomplete, errors occurred!
[1.390s] gmake: *** [Makefile:267: cmake_check_build_system] Error 1
[1.394s] Invoked command in '/home/haixin/ws01_plumbing/build/cpp01_topic' returned '2': CMAKE_PREFIX_PATH=/home/haixin/ws01_plumbing/install/base_interfaces_demo:/home/haixin/ws01_plumbing/install/cpp01_topic:/opt/ros/jazzy /usr/bin/cmake --build /home/haixin/ws01_plumbing/build/cpp01_topic -- -j4 -l4
