[0.020s] Invoking command in '/home/haixin/ws01_plumbing/build/cpp01_topic': CMAKE_PREFIX_PATH=/home/haixin/ws01_plumbing/install/base_interfaces_demo:/home/haixin/ws01_plumbing/install/cpp01_topic:/opt/ros/jazzy /usr/bin/cmake --build /home/haixin/ws01_plumbing/build/cpp01_topic -- -j4 -l4
[0.125s] [ 25%] Built target demo01_talker_str
[0.131s] [ 50%] Built target demo02_listener_str
[0.138s] [ 75%] Built target demo04_listener_stu
[0.142s] [ 87%] [32mBuilding CXX object CMakeFiles/demo03_talker_stu.dir/src/demo03_talker_stu.cpp.o[0m
[7.135s] [100%] [32m[1mLinking CXX executable demo03_talker_stu[0m
[7.475s] [100%] Built target demo03_talker_stu
[7.496s] Invoked command in '/home/haixin/ws01_plumbing/build/cpp01_topic' returned '0': CMAKE_PREFIX_PATH=/home/haixin/ws01_plumbing/install/base_interfaces_demo:/home/haixin/ws01_plumbing/install/cpp01_topic:/opt/ros/jazzy /usr/bin/cmake --build /home/haixin/ws01_plumbing/build/cpp01_topic -- -j4 -l4
[7.514s] Invoking command in '/home/haixin/ws01_plumbing/build/cpp01_topic': CMAKE_PREFIX_PATH=/home/haixin/ws01_plumbing/install/base_interfaces_demo:/home/haixin/ws01_plumbing/install/cpp01_topic:/opt/ros/jazzy /usr/bin/cmake --install /home/haixin/ws01_plumbing/build/cpp01_topic
[7.528s] -- Install configuration: ""
[7.528s] -- Up-to-date: /home/haixin/ws01_plumbing/install/cpp01_topic/lib/cpp01_topic/demo01_talker_str
[7.529s] -- Up-to-date: /home/haixin/ws01_plumbing/install/cpp01_topic/lib/cpp01_topic/demo02_listener_str
[7.530s] -- Installing: /home/haixin/ws01_plumbing/install/cpp01_topic/lib/cpp01_topic/demo03_talker_stu
[7.533s] -- Set non-toolchain portion of runtime path of "/home/haixin/ws01_plumbing/install/cpp01_topic/lib/cpp01_topic/demo03_talker_stu" to ""
[7.533s] -- Up-to-date: /home/haixin/ws01_plumbing/install/cpp01_topic/lib/cpp01_topic/demo04_listener_stu
[7.534s] -- Up-to-date: /home/haixin/ws01_plumbing/install/cpp01_topic/share/ament_index/resource_index/package_run_dependencies/cpp01_topic
[7.534s] -- Up-to-date: /home/haixin/ws01_plumbing/install/cpp01_topic/share/ament_index/resource_index/parent_prefix_path/cpp01_topic
[7.534s] -- Up-to-date: /home/haixin/ws01_plumbing/install/cpp01_topic/share/cpp01_topic/environment/ament_prefix_path.sh
[7.534s] -- Up-to-date: /home/haixin/ws01_plumbing/install/cpp01_topic/share/cpp01_topic/environment/ament_prefix_path.dsv
[7.534s] -- Up-to-date: /home/haixin/ws01_plumbing/install/cpp01_topic/share/cpp01_topic/environment/path.sh
[7.534s] -- Up-to-date: /home/haixin/ws01_plumbing/install/cpp01_topic/share/cpp01_topic/environment/path.dsv
[7.535s] -- Up-to-date: /home/haixin/ws01_plumbing/install/cpp01_topic/share/cpp01_topic/local_setup.bash
[7.535s] -- Up-to-date: /home/haixin/ws01_plumbing/install/cpp01_topic/share/cpp01_topic/local_setup.sh
[7.535s] -- Up-to-date: /home/haixin/ws01_plumbing/install/cpp01_topic/share/cpp01_topic/local_setup.zsh
[7.535s] -- Up-to-date: /home/haixin/ws01_plumbing/install/cpp01_topic/share/cpp01_topic/local_setup.dsv
[7.535s] -- Installing: /home/haixin/ws01_plumbing/install/cpp01_topic/share/cpp01_topic/package.dsv
[7.535s] -- Up-to-date: /home/haixin/ws01_plumbing/install/cpp01_topic/share/ament_index/resource_index/packages/cpp01_topic
[7.535s] -- Up-to-date: /home/haixin/ws01_plumbing/install/cpp01_topic/share/cpp01_topic/cmake/cpp01_topicConfig.cmake
[7.535s] -- Up-to-date: /home/haixin/ws01_plumbing/install/cpp01_topic/share/cpp01_topic/cmake/cpp01_topicConfig-version.cmake
[7.535s] -- Up-to-date: /home/haixin/ws01_plumbing/install/cpp01_topic/share/cpp01_topic/package.xml
[7.538s] Invoked command in '/home/haixin/ws01_plumbing/build/cpp01_topic' returned '0': CMAKE_PREFIX_PATH=/home/haixin/ws01_plumbing/install/base_interfaces_demo:/home/haixin/ws01_plumbing/install/cpp01_topic:/opt/ros/jazzy /usr/bin/cmake --install /home/haixin/ws01_plumbing/build/cpp01_topic
