[0.020s] Invoking command in '/home/haixin/ws01_plumbing/build/cpp03_action': CMAKE_PREFIX_PATH=/home/haixin/ws01_plumbing/install/base_interfaces_demo:/home/haixin/ws01_plumbing/install/cpp03_action:/home/haixin/ws01_plumbing/install/cpp02_service:/home/haixin/ws01_plumbing/install/cpp01_topic:/opt/ros/jazzy /usr/bin/cmake --build /home/haixin/ws01_plumbing/build/cpp03_action -- -j4 -l4
[0.129s] [ 50%] Built target demo01_action_server
[0.142s] [ 75%] [32mBuilding CXX object CMakeFiles/demo02_action_client.dir/src/demo02_action_client.cpp.o[0m
[4.514s] [100%] [32m[1mLinking CXX executable demo02_action_client[0m
[4.751s] [100%] Built target demo02_action_client
[4.771s] Invoked command in '/home/haixin/ws01_plumbing/build/cpp03_action' returned '0': CMAKE_PREFIX_PATH=/home/haixin/ws01_plumbing/install/base_interfaces_demo:/home/haixin/ws01_plumbing/install/cpp03_action:/home/haixin/ws01_plumbing/install/cpp02_service:/home/haixin/ws01_plumbing/install/cpp01_topic:/opt/ros/jazzy /usr/bin/cmake --build /home/haixin/ws01_plumbing/build/cpp03_action -- -j4 -l4
[4.789s] Invoking command in '/home/haixin/ws01_plumbing/build/cpp03_action': CMAKE_PREFIX_PATH=/home/haixin/ws01_plumbing/install/base_interfaces_demo:/home/haixin/ws01_plumbing/install/cpp03_action:/home/haixin/ws01_plumbing/install/cpp02_service:/home/haixin/ws01_plumbing/install/cpp01_topic:/opt/ros/jazzy /usr/bin/cmake --install /home/haixin/ws01_plumbing/build/cpp03_action
[4.803s] -- Install configuration: ""
[4.803s] -- Up-to-date: /home/haixin/ws01_plumbing/install/cpp03_action/lib/cpp03_action/demo01_action_server
[4.803s] -- Installing: /home/haixin/ws01_plumbing/install/cpp03_action/lib/cpp03_action/demo02_action_client
[4.804s] -- Set non-toolchain portion of runtime path of "/home/haixin/ws01_plumbing/install/cpp03_action/lib/cpp03_action/demo02_action_client" to ""
[4.805s] -- Up-to-date: /home/haixin/ws01_plumbing/install/cpp03_action/share/ament_index/resource_index/package_run_dependencies/cpp03_action
[4.805s] -- Up-to-date: /home/haixin/ws01_plumbing/install/cpp03_action/share/ament_index/resource_index/parent_prefix_path/cpp03_action
[4.805s] -- Up-to-date: /home/haixin/ws01_plumbing/install/cpp03_action/share/cpp03_action/environment/ament_prefix_path.sh
[4.805s] -- Up-to-date: /home/haixin/ws01_plumbing/install/cpp03_action/share/cpp03_action/environment/ament_prefix_path.dsv
[4.805s] -- Up-to-date: /home/haixin/ws01_plumbing/install/cpp03_action/share/cpp03_action/environment/path.sh
[4.805s] -- Up-to-date: /home/haixin/ws01_plumbing/install/cpp03_action/share/cpp03_action/environment/path.dsv
[4.806s] -- Up-to-date: /home/haixin/ws01_plumbing/install/cpp03_action/share/cpp03_action/local_setup.bash
[4.806s] -- Up-to-date: /home/haixin/ws01_plumbing/install/cpp03_action/share/cpp03_action/local_setup.sh
[4.806s] -- Up-to-date: /home/haixin/ws01_plumbing/install/cpp03_action/share/cpp03_action/local_setup.zsh
[4.806s] -- Up-to-date: /home/haixin/ws01_plumbing/install/cpp03_action/share/cpp03_action/local_setup.dsv
[4.806s] -- Installing: /home/haixin/ws01_plumbing/install/cpp03_action/share/cpp03_action/package.dsv
[4.806s] -- Up-to-date: /home/haixin/ws01_plumbing/install/cpp03_action/share/ament_index/resource_index/packages/cpp03_action
[4.806s] -- Up-to-date: /home/haixin/ws01_plumbing/install/cpp03_action/share/cpp03_action/cmake/cpp03_actionConfig.cmake
[4.806s] -- Up-to-date: /home/haixin/ws01_plumbing/install/cpp03_action/share/cpp03_action/cmake/cpp03_actionConfig-version.cmake
[4.806s] -- Up-to-date: /home/haixin/ws01_plumbing/install/cpp03_action/share/cpp03_action/package.xml
[4.808s] Invoked command in '/home/haixin/ws01_plumbing/build/cpp03_action' returned '0': CMAKE_PREFIX_PATH=/home/haixin/ws01_plumbing/install/base_interfaces_demo:/home/haixin/ws01_plumbing/install/cpp03_action:/home/haixin/ws01_plumbing/install/cpp02_service:/home/haixin/ws01_plumbing/install/cpp01_topic:/opt/ros/jazzy /usr/bin/cmake --install /home/haixin/ws01_plumbing/build/cpp03_action
