[0.019s] Invoking command in '/home/haixin/ws01_plumbing/build/cpp03_action': CMAKE_PREFIX_PATH=/home/haixin/ws01_plumbing/install/base_interfaces_demo:/home/haixin/ws01_plumbing/install/cpp03_action:/home/haixin/ws01_plumbing/install/cpp02_service:/home/haixin/ws01_plumbing/install/cpp01_topic:/opt/ros/jazzy /usr/bin/cmake --build /home/haixin/ws01_plumbing/build/cpp03_action -- -j4 -l4
[0.118s] [ 50%] Built target demo02_action_client
[0.130s] [ 75%] [32mBuilding CXX object CMakeFiles/demo01_action_server.dir/src/demo01_action_server.cpp.o[0m
[6.577s] [100%] [32m[1mLinking CXX executable demo01_action_server[0m
[6.880s] [100%] Built target demo01_action_server
[6.900s] Invoked command in '/home/haixin/ws01_plumbing/build/cpp03_action' returned '0': CMAKE_PREFIX_PATH=/home/haixin/ws01_plumbing/install/base_interfaces_demo:/home/haixin/ws01_plumbing/install/cpp03_action:/home/haixin/ws01_plumbing/install/cpp02_service:/home/haixin/ws01_plumbing/install/cpp01_topic:/opt/ros/jazzy /usr/bin/cmake --build /home/haixin/ws01_plumbing/build/cpp03_action -- -j4 -l4
[6.918s] Invoking command in '/home/haixin/ws01_plumbing/build/cpp03_action': CMAKE_PREFIX_PATH=/home/haixin/ws01_plumbing/install/base_interfaces_demo:/home/haixin/ws01_plumbing/install/cpp03_action:/home/haixin/ws01_plumbing/install/cpp02_service:/home/haixin/ws01_plumbing/install/cpp01_topic:/opt/ros/jazzy /usr/bin/cmake --install /home/haixin/ws01_plumbing/build/cpp03_action
[6.931s] -- Install configuration: ""
[6.932s] -- Installing: /home/haixin/ws01_plumbing/install/cpp03_action/lib/cpp03_action/demo01_action_server
[6.935s] -- Set non-toolchain portion of runtime path of "/home/haixin/ws01_plumbing/install/cpp03_action/lib/cpp03_action/demo01_action_server" to ""
[6.935s] -- Up-to-date: /home/haixin/ws01_plumbing/install/cpp03_action/lib/cpp03_action/demo02_action_client
[6.935s] -- Up-to-date: /home/haixin/ws01_plumbing/install/cpp03_action/share/ament_index/resource_index/package_run_dependencies/cpp03_action
[6.935s] -- Up-to-date: /home/haixin/ws01_plumbing/install/cpp03_action/share/ament_index/resource_index/parent_prefix_path/cpp03_action
[6.936s] -- Up-to-date: /home/haixin/ws01_plumbing/install/cpp03_action/share/cpp03_action/environment/ament_prefix_path.sh
[6.936s] -- Up-to-date: /home/haixin/ws01_plumbing/install/cpp03_action/share/cpp03_action/environment/ament_prefix_path.dsv
[6.936s] -- Up-to-date: /home/haixin/ws01_plumbing/install/cpp03_action/share/cpp03_action/environment/path.sh
[6.936s] -- Up-to-date: /home/haixin/ws01_plumbing/install/cpp03_action/share/cpp03_action/environment/path.dsv
[6.936s] -- Up-to-date: /home/haixin/ws01_plumbing/install/cpp03_action/share/cpp03_action/local_setup.bash
[6.936s] -- Up-to-date: /home/haixin/ws01_plumbing/install/cpp03_action/share/cpp03_action/local_setup.sh
[6.936s] -- Up-to-date: /home/haixin/ws01_plumbing/install/cpp03_action/share/cpp03_action/local_setup.zsh
[6.936s] -- Up-to-date: /home/haixin/ws01_plumbing/install/cpp03_action/share/cpp03_action/local_setup.dsv
[6.936s] -- Installing: /home/haixin/ws01_plumbing/install/cpp03_action/share/cpp03_action/package.dsv
[6.936s] -- Up-to-date: /home/haixin/ws01_plumbing/install/cpp03_action/share/ament_index/resource_index/packages/cpp03_action
[6.937s] -- Up-to-date: /home/haixin/ws01_plumbing/install/cpp03_action/share/cpp03_action/cmake/cpp03_actionConfig.cmake
[6.937s] -- Up-to-date: /home/haixin/ws01_plumbing/install/cpp03_action/share/cpp03_action/cmake/cpp03_actionConfig-version.cmake
[6.937s] -- Up-to-date: /home/haixin/ws01_plumbing/install/cpp03_action/share/cpp03_action/package.xml
[6.939s] Invoked command in '/home/haixin/ws01_plumbing/build/cpp03_action' returned '0': CMAKE_PREFIX_PATH=/home/haixin/ws01_plumbing/install/base_interfaces_demo:/home/haixin/ws01_plumbing/install/cpp03_action:/home/haixin/ws01_plumbing/install/cpp02_service:/home/haixin/ws01_plumbing/install/cpp01_topic:/opt/ros/jazzy /usr/bin/cmake --install /home/haixin/ws01_plumbing/build/cpp03_action
