[0.135s] DEBUG:colcon:Command line arguments: ['/usr/bin/colcon', 'build', '--packages-select', 'cpp01_topic']
[0.135s] DEBUG:colcon:Parsed command line arguments: Namespace(log_base=None, log_level=None, verb_name='build', build_base='build', install_base='install', merge_install=False, symlink_install=False, test_result_base=None, continue_on_error=False, executor='parallel', parallel_workers=4, event_handlers=None, ignore_user_meta=False, metas=['./colcon.meta'], base_paths=['.'], packages_ignore=None, packages_ignore_regex=None, paths=None, packages_up_to=None, packages_up_to_regex=None, packages_above=None, packages_above_and_dependencies=None, packages_above_depth=None, packages_select_by_dep=None, packages_skip_by_dep=None, packages_skip_up_to=None, packages_select_build_failed=False, packages_skip_build_finished=False, packages_select_test_failures=False, packages_skip_test_passed=False, packages_select=['cpp01_topic'], packages_skip=None, packages_select_regex=None, packages_skip_regex=None, packages_start=None, packages_end=None, allow_overriding=[], cmake_args=None, cmake_target=None, cmake_target_skip_unavailable=False, cmake_clean_cache=False, cmake_clean_first=False, cmake_force_configure=False, ament_cmake_args=None, catkin_cmake_args=None, catkin_skip_building_tests=False, verb_parser=<colcon_defaults.argument_parser.defaults.DefaultArgumentsDecorator object at 0xffff9d12fdd0>, verb_extension=<colcon_core.verb.build.BuildVerb object at 0xffff9d304950>, main=<bound method BuildVerb.main of <colcon_core.verb.build.BuildVerb object at 0xffff9d304950>>)
[0.192s] Level 1:colcon.colcon_core.package_discovery:discover_packages(colcon_meta) check parameters
[0.192s] Level 1:colcon.colcon_core.package_discovery:discover_packages(recursive) check parameters
[0.192s] Level 1:colcon.colcon_core.package_discovery:discover_packages(ignore) check parameters
[0.192s] Level 1:colcon.colcon_core.package_discovery:discover_packages(path) check parameters
[0.192s] Level 1:colcon.colcon_core.package_discovery:discover_packages(colcon_meta) discover
[0.193s] Level 1:colcon.colcon_core.package_discovery:discover_packages(recursive) discover
[0.193s] INFO:colcon.colcon_core.package_discovery:Crawling recursively for packages in '/home/haixin/ws01_plumbing'
[0.193s] Level 1:colcon.colcon_core.package_identification:_identify(.) by extensions ['ignore', 'ignore_ament_install']
[0.193s] Level 1:colcon.colcon_core.package_identification:_identify(.) by extension 'ignore'
[0.193s] Level 1:colcon.colcon_core.package_identification:_identify(.) by extension 'ignore_ament_install'
[0.193s] Level 1:colcon.colcon_core.package_identification:_identify(.) by extensions ['colcon_pkg']
[0.193s] Level 1:colcon.colcon_core.package_identification:_identify(.) by extension 'colcon_pkg'
[0.193s] Level 1:colcon.colcon_core.package_identification:_identify(.) by extensions ['colcon_meta']
[0.193s] Level 1:colcon.colcon_core.package_identification:_identify(.) by extension 'colcon_meta'
[0.193s] Level 1:colcon.colcon_core.package_identification:_identify(.) by extensions ['ros']
[0.193s] Level 1:colcon.colcon_core.package_identification:_identify(.) by extension 'ros'
[0.229s] Level 1:colcon.colcon_core.package_identification:_identify(.) by extensions ['cmake', 'python']
[0.230s] Level 1:colcon.colcon_core.package_identification:_identify(.) by extension 'cmake'
[0.230s] Level 1:colcon.colcon_core.package_identification:_identify(.) by extension 'python'
[0.230s] Level 1:colcon.colcon_core.package_identification:_identify(.) by extensions ['python_setup_py']
[0.230s] Level 1:colcon.colcon_core.package_identification:_identify(.) by extension 'python_setup_py'
[0.230s] Level 1:colcon.colcon_core.package_identification:_identify(build) by extensions ['ignore', 'ignore_ament_install']
[0.230s] Level 1:colcon.colcon_core.package_identification:_identify(build) by extension 'ignore'
[0.230s] Level 1:colcon.colcon_core.package_identification:_identify(build) ignored
[0.230s] Level 1:colcon.colcon_core.package_identification:_identify(install) by extensions ['ignore', 'ignore_ament_install']
[0.230s] Level 1:colcon.colcon_core.package_identification:_identify(install) by extension 'ignore'
[0.230s] Level 1:colcon.colcon_core.package_identification:_identify(install) ignored
[0.231s] Level 1:colcon.colcon_core.package_identification:_identify(log) by extensions ['ignore', 'ignore_ament_install']
[0.231s] Level 1:colcon.colcon_core.package_identification:_identify(log) by extension 'ignore'
[0.231s] Level 1:colcon.colcon_core.package_identification:_identify(log) ignored
[0.231s] Level 1:colcon.colcon_core.package_identification:_identify(src) by extensions ['ignore', 'ignore_ament_install']
[0.231s] Level 1:colcon.colcon_core.package_identification:_identify(src) by extension 'ignore'
[0.231s] Level 1:colcon.colcon_core.package_identification:_identify(src) by extension 'ignore_ament_install'
[0.231s] Level 1:colcon.colcon_core.package_identification:_identify(src) by extensions ['colcon_pkg']
[0.231s] Level 1:colcon.colcon_core.package_identification:_identify(src) by extension 'colcon_pkg'
[0.231s] Level 1:colcon.colcon_core.package_identification:_identify(src) by extensions ['colcon_meta']
[0.231s] Level 1:colcon.colcon_core.package_identification:_identify(src) by extension 'colcon_meta'
[0.231s] Level 1:colcon.colcon_core.package_identification:_identify(src) by extensions ['ros']
[0.231s] Level 1:colcon.colcon_core.package_identification:_identify(src) by extension 'ros'
[0.231s] Level 1:colcon.colcon_core.package_identification:_identify(src) by extensions ['cmake', 'python']
[0.231s] Level 1:colcon.colcon_core.package_identification:_identify(src) by extension 'cmake'
[0.231s] Level 1:colcon.colcon_core.package_identification:_identify(src) by extension 'python'
[0.231s] Level 1:colcon.colcon_core.package_identification:_identify(src) by extensions ['python_setup_py']
[0.231s] Level 1:colcon.colcon_core.package_identification:_identify(src) by extension 'python_setup_py'
[0.232s] Level 1:colcon.colcon_core.package_identification:_identify(src/base_interfaces_demo) by extensions ['ignore', 'ignore_ament_install']
[0.232s] Level 1:colcon.colcon_core.package_identification:_identify(src/base_interfaces_demo) by extension 'ignore'
[0.232s] Level 1:colcon.colcon_core.package_identification:_identify(src/base_interfaces_demo) by extension 'ignore_ament_install'
[0.232s] Level 1:colcon.colcon_core.package_identification:_identify(src/base_interfaces_demo) by extensions ['colcon_pkg']
[0.232s] Level 1:colcon.colcon_core.package_identification:_identify(src/base_interfaces_demo) by extension 'colcon_pkg'
[0.232s] Level 1:colcon.colcon_core.package_identification:_identify(src/base_interfaces_demo) by extensions ['colcon_meta']
[0.232s] Level 1:colcon.colcon_core.package_identification:_identify(src/base_interfaces_demo) by extension 'colcon_meta'
[0.232s] Level 1:colcon.colcon_core.package_identification:_identify(src/base_interfaces_demo) by extensions ['ros']
[0.232s] Level 1:colcon.colcon_core.package_identification:_identify(src/base_interfaces_demo) by extension 'ros'
[0.237s] DEBUG:colcon.colcon_core.package_identification:Package 'src/base_interfaces_demo' with type 'ros.ament_cmake' and name 'base_interfaces_demo'
[0.237s] Level 1:colcon.colcon_core.package_identification:_identify(src/cpp01_topic) by extensions ['ignore', 'ignore_ament_install']
[0.237s] Level 1:colcon.colcon_core.package_identification:_identify(src/cpp01_topic) by extension 'ignore'
[0.237s] Level 1:colcon.colcon_core.package_identification:_identify(src/cpp01_topic) by extension 'ignore_ament_install'
[0.237s] Level 1:colcon.colcon_core.package_identification:_identify(src/cpp01_topic) by extensions ['colcon_pkg']
[0.237s] Level 1:colcon.colcon_core.package_identification:_identify(src/cpp01_topic) by extension 'colcon_pkg'
[0.237s] Level 1:colcon.colcon_core.package_identification:_identify(src/cpp01_topic) by extensions ['colcon_meta']
[0.238s] Level 1:colcon.colcon_core.package_identification:_identify(src/cpp01_topic) by extension 'colcon_meta'
[0.238s] Level 1:colcon.colcon_core.package_identification:_identify(src/cpp01_topic) by extensions ['ros']
[0.238s] Level 1:colcon.colcon_core.package_identification:_identify(src/cpp01_topic) by extension 'ros'
[0.238s] DEBUG:colcon.colcon_core.package_identification:Package 'src/cpp01_topic' with type 'ros.ament_cmake' and name 'cpp01_topic'
[0.238s] Level 1:colcon.colcon_core.package_discovery:discover_packages(recursive) using defaults
[0.239s] Level 1:colcon.colcon_core.package_discovery:discover_packages(ignore) discover
[0.239s] Level 1:colcon.colcon_core.package_discovery:discover_packages(ignore) using defaults
[0.239s] Level 1:colcon.colcon_core.package_discovery:discover_packages(path) discover
[0.239s] Level 1:colcon.colcon_core.package_discovery:discover_packages(path) using defaults
[0.261s] INFO:colcon.colcon_core.package_selection:Skipping not selected package 'base_interfaces_demo' in 'src/base_interfaces_demo'
[0.262s] Level 1:colcon.colcon_core.package_discovery:discover_packages(prefix_path) check parameters
[0.262s] Level 1:colcon.colcon_core.package_discovery:discover_packages(prefix_path) discover
[0.264s] DEBUG:colcon.colcon_installed_package_information.package_discovery:Found 2 installed packages in /home/haixin/ws01_plumbing/install
[0.266s] DEBUG:colcon.colcon_installed_package_information.package_discovery:Found 192 installed packages in /opt/ros/jazzy
[0.266s] Level 1:colcon.colcon_core.package_discovery:discover_packages(prefix_path) using defaults
[0.305s] Level 5:colcon.colcon_core.verb:set package 'cpp01_topic' build argument 'cmake_args' from command line to 'None'
[0.305s] Level 5:colcon.colcon_core.verb:set package 'cpp01_topic' build argument 'cmake_target' from command line to 'None'
[0.305s] Level 5:colcon.colcon_core.verb:set package 'cpp01_topic' build argument 'cmake_target_skip_unavailable' from command line to 'False'
[0.305s] Level 5:colcon.colcon_core.verb:set package 'cpp01_topic' build argument 'cmake_clean_cache' from command line to 'False'
[0.305s] Level 5:colcon.colcon_core.verb:set package 'cpp01_topic' build argument 'cmake_clean_first' from command line to 'False'
[0.305s] Level 5:colcon.colcon_core.verb:set package 'cpp01_topic' build argument 'cmake_force_configure' from command line to 'False'
[0.305s] Level 5:colcon.colcon_core.verb:set package 'cpp01_topic' build argument 'ament_cmake_args' from command line to 'None'
[0.305s] Level 5:colcon.colcon_core.verb:set package 'cpp01_topic' build argument 'catkin_cmake_args' from command line to 'None'
[0.305s] Level 5:colcon.colcon_core.verb:set package 'cpp01_topic' build argument 'catkin_skip_building_tests' from command line to 'False'
[0.305s] DEBUG:colcon.colcon_core.verb:Building package 'cpp01_topic' with the following arguments: {'ament_cmake_args': None, 'build_base': '/home/haixin/ws01_plumbing/build/cpp01_topic', 'catkin_cmake_args': None, 'catkin_skip_building_tests': False, 'cmake_args': None, 'cmake_clean_cache': False, 'cmake_clean_first': False, 'cmake_force_configure': False, 'cmake_target': None, 'cmake_target_skip_unavailable': False, 'install_base': '/home/haixin/ws01_plumbing/install/cpp01_topic', 'merge_install': False, 'path': '/home/haixin/ws01_plumbing/src/cpp01_topic', 'symlink_install': False, 'test_result_base': None}
[0.305s] INFO:colcon.colcon_core.executor:Executing jobs using 'parallel' executor
[0.307s] DEBUG:colcon.colcon_parallel_executor.executor.parallel:run_until_complete
[0.307s] INFO:colcon.colcon_ros.task.ament_cmake.build:Building ROS package in '/home/haixin/ws01_plumbing/src/cpp01_topic' with build type 'ament_cmake'
[0.307s] INFO:colcon.colcon_cmake.task.cmake.build:Building CMake package in '/home/haixin/ws01_plumbing/src/cpp01_topic'
[0.309s] INFO:colcon.colcon_core.plugin_system:Skipping extension 'colcon_core.shell.bat': Not used on non-Windows systems
[0.310s] INFO:colcon.colcon_core.shell:Skip shell extension 'powershell' for command environment: Not usable outside of PowerShell
[0.310s] DEBUG:colcon.colcon_core.shell:Skip shell extension 'dsv' for command environment
[0.324s] DEBUG:colcon.colcon_core.event_handler.log_command:Invoking command in '/home/haixin/ws01_plumbing/build/cpp01_topic': CMAKE_PREFIX_PATH=/home/haixin/ws01_plumbing/install/base_interfaces_demo:/home/haixin/ws01_plumbing/install/cpp01_topic:/opt/ros/jazzy /usr/bin/cmake --build /home/haixin/ws01_plumbing/build/cpp01_topic -- -j4 -l4
[12.184s] DEBUG:colcon.colcon_core.event_handler.log_command:Invoked command in '/home/haixin/ws01_plumbing/build/cpp01_topic' returned '0': CMAKE_PREFIX_PATH=/home/haixin/ws01_plumbing/install/base_interfaces_demo:/home/haixin/ws01_plumbing/install/cpp01_topic:/opt/ros/jazzy /usr/bin/cmake --build /home/haixin/ws01_plumbing/build/cpp01_topic -- -j4 -l4
[12.201s] DEBUG:colcon.colcon_core.event_handler.log_command:Invoking command in '/home/haixin/ws01_plumbing/build/cpp01_topic': CMAKE_PREFIX_PATH=/home/haixin/ws01_plumbing/install/base_interfaces_demo:/home/haixin/ws01_plumbing/install/cpp01_topic:/opt/ros/jazzy /usr/bin/cmake --install /home/haixin/ws01_plumbing/build/cpp01_topic
[12.227s] Level 1:colcon.colcon_core.environment:create_environment_scripts_only(cpp01_topic)
[12.228s] DEBUG:colcon.colcon_core.event_handler.log_command:Invoked command in '/home/haixin/ws01_plumbing/build/cpp01_topic' returned '0': CMAKE_PREFIX_PATH=/home/haixin/ws01_plumbing/install/base_interfaces_demo:/home/haixin/ws01_plumbing/install/cpp01_topic:/opt/ros/jazzy /usr/bin/cmake --install /home/haixin/ws01_plumbing/build/cpp01_topic
[12.230s] Level 1:colcon.colcon_core.environment:checking '/home/haixin/ws01_plumbing/install/cpp01_topic' for CMake module files
[12.231s] Level 1:colcon.colcon_core.environment:checking '/home/haixin/ws01_plumbing/install/cpp01_topic' for CMake config files
[12.231s] Level 1:colcon.colcon_core.shell:create_environment_hook('cpp01_topic', 'cmake_prefix_path')
[12.232s] INFO:colcon.colcon_core.shell:Creating environment hook '/home/haixin/ws01_plumbing/install/cpp01_topic/share/cpp01_topic/hook/cmake_prefix_path.ps1'
[12.232s] INFO:colcon.colcon_core.shell:Creating environment descriptor '/home/haixin/ws01_plumbing/install/cpp01_topic/share/cpp01_topic/hook/cmake_prefix_path.dsv'
[12.233s] INFO:colcon.colcon_core.shell:Creating environment hook '/home/haixin/ws01_plumbing/install/cpp01_topic/share/cpp01_topic/hook/cmake_prefix_path.sh'
[12.234s] Level 1:colcon.colcon_core.environment:checking '/home/haixin/ws01_plumbing/install/cpp01_topic/lib'
[12.234s] Level 1:colcon.colcon_core.environment:checking '/home/haixin/ws01_plumbing/install/cpp01_topic/bin'
[12.235s] Level 1:colcon.colcon_core.environment:checking '/home/haixin/ws01_plumbing/install/cpp01_topic/lib/pkgconfig/cpp01_topic.pc'
[12.235s] Level 1:colcon.colcon_core.environment:checking '/home/haixin/ws01_plumbing/install/cpp01_topic/lib/python3.12/site-packages'
[12.235s] Level 1:colcon.colcon_core.environment:checking '/home/haixin/ws01_plumbing/install/cpp01_topic/bin'
[12.235s] INFO:colcon.colcon_core.shell:Creating package script '/home/haixin/ws01_plumbing/install/cpp01_topic/share/cpp01_topic/package.ps1'
[12.236s] INFO:colcon.colcon_core.shell:Creating package descriptor '/home/haixin/ws01_plumbing/install/cpp01_topic/share/cpp01_topic/package.dsv'
[12.237s] INFO:colcon.colcon_core.shell:Creating package script '/home/haixin/ws01_plumbing/install/cpp01_topic/share/cpp01_topic/package.sh'
[12.238s] INFO:colcon.colcon_core.shell:Creating package script '/home/haixin/ws01_plumbing/install/cpp01_topic/share/cpp01_topic/package.bash'
[12.239s] INFO:colcon.colcon_core.shell:Creating package script '/home/haixin/ws01_plumbing/install/cpp01_topic/share/cpp01_topic/package.zsh'
[12.240s] Level 1:colcon.colcon_core.environment:create_file_with_runtime_dependencies(/home/haixin/ws01_plumbing/install/cpp01_topic/share/colcon-core/packages/cpp01_topic)
[12.241s] Level 1:colcon.colcon_core.environment:create_environment_scripts_only(cpp01_topic)
[12.241s] Level 1:colcon.colcon_core.environment:checking '/home/haixin/ws01_plumbing/install/cpp01_topic' for CMake module files
[12.242s] Level 1:colcon.colcon_core.environment:checking '/home/haixin/ws01_plumbing/install/cpp01_topic' for CMake config files
[12.242s] Level 1:colcon.colcon_core.shell:create_environment_hook('cpp01_topic', 'cmake_prefix_path')
[12.242s] INFO:colcon.colcon_core.shell:Creating environment hook '/home/haixin/ws01_plumbing/install/cpp01_topic/share/cpp01_topic/hook/cmake_prefix_path.ps1'
[12.243s] INFO:colcon.colcon_core.shell:Creating environment descriptor '/home/haixin/ws01_plumbing/install/cpp01_topic/share/cpp01_topic/hook/cmake_prefix_path.dsv'
[12.244s] INFO:colcon.colcon_core.shell:Creating environment hook '/home/haixin/ws01_plumbing/install/cpp01_topic/share/cpp01_topic/hook/cmake_prefix_path.sh'
[12.245s] Level 1:colcon.colcon_core.environment:checking '/home/haixin/ws01_plumbing/install/cpp01_topic/lib'
[12.246s] Level 1:colcon.colcon_core.environment:checking '/home/haixin/ws01_plumbing/install/cpp01_topic/bin'
[12.246s] Level 1:colcon.colcon_core.environment:checking '/home/haixin/ws01_plumbing/install/cpp01_topic/lib/pkgconfig/cpp01_topic.pc'
[12.246s] Level 1:colcon.colcon_core.environment:checking '/home/haixin/ws01_plumbing/install/cpp01_topic/lib/python3.12/site-packages'
[12.246s] Level 1:colcon.colcon_core.environment:checking '/home/haixin/ws01_plumbing/install/cpp01_topic/bin'
[12.247s] INFO:colcon.colcon_core.shell:Creating package script '/home/haixin/ws01_plumbing/install/cpp01_topic/share/cpp01_topic/package.ps1'
[12.247s] INFO:colcon.colcon_core.shell:Creating package descriptor '/home/haixin/ws01_plumbing/install/cpp01_topic/share/cpp01_topic/package.dsv'
[12.249s] INFO:colcon.colcon_core.shell:Creating package script '/home/haixin/ws01_plumbing/install/cpp01_topic/share/cpp01_topic/package.sh'
[12.250s] INFO:colcon.colcon_core.shell:Creating package script '/home/haixin/ws01_plumbing/install/cpp01_topic/share/cpp01_topic/package.bash'
[12.251s] INFO:colcon.colcon_core.shell:Creating package script '/home/haixin/ws01_plumbing/install/cpp01_topic/share/cpp01_topic/package.zsh'
[12.252s] Level 1:colcon.colcon_core.environment:create_file_with_runtime_dependencies(/home/haixin/ws01_plumbing/install/cpp01_topic/share/colcon-core/packages/cpp01_topic)
[12.253s] DEBUG:colcon.colcon_parallel_executor.executor.parallel:closing loop
[12.254s] DEBUG:colcon.colcon_parallel_executor.executor.parallel:loop closed
[12.254s] DEBUG:colcon.colcon_parallel_executor.executor.parallel:run_until_complete finished with '0'
[12.254s] DEBUG:colcon.colcon_core.event_reactor:joining thread
[12.262s] INFO:colcon.colcon_core.plugin_system:Skipping extension 'colcon_notification.desktop_notification.notify_send': Could not find 'notify-send'
[12.262s] INFO:colcon.colcon_core.plugin_system:Skipping extension 'colcon_notification.desktop_notification.terminal_notifier': Not used on non-Darwin systems
[12.262s] INFO:colcon.colcon_core.plugin_system:Skipping extension 'colcon_notification.desktop_notification.win32': Not used on non-Windows systems
[12.262s] INFO:colcon.colcon_notification.desktop_notification:Sending desktop notification using 'notify2'
[12.263s] DEBUG:colcon.colcon_notification.desktop_notification.notify2:Failed to initialize notify2: org.freedesktop.DBus.Error.ServiceUnknown: The name org.freedesktop.Notifications was not provided by any .service files
[12.264s] DEBUG:colcon.colcon_core.event_reactor:joined thread
[12.264s] INFO:colcon.colcon_core.shell:Creating prefix script '/home/haixin/ws01_plumbing/install/local_setup.ps1'
[12.265s] INFO:colcon.colcon_core.shell:Creating prefix util module '/home/haixin/ws01_plumbing/install/_local_setup_util_ps1.py'
[12.267s] INFO:colcon.colcon_core.shell:Creating prefix chain script '/home/haixin/ws01_plumbing/install/setup.ps1'
[12.268s] INFO:colcon.colcon_core.shell:Creating prefix script '/home/haixin/ws01_plumbing/install/local_setup.sh'
[12.269s] INFO:colcon.colcon_core.shell:Creating prefix util module '/home/haixin/ws01_plumbing/install/_local_setup_util_sh.py'
[12.270s] INFO:colcon.colcon_core.shell:Creating prefix chain script '/home/haixin/ws01_plumbing/install/setup.sh'
[12.271s] INFO:colcon.colcon_core.shell:Creating prefix script '/home/haixin/ws01_plumbing/install/local_setup.bash'
[12.272s] INFO:colcon.colcon_core.shell:Creating prefix chain script '/home/haixin/ws01_plumbing/install/setup.bash'
[12.274s] INFO:colcon.colcon_core.shell:Creating prefix script '/home/haixin/ws01_plumbing/install/local_setup.zsh'
[12.275s] INFO:colcon.colcon_core.shell:Creating prefix chain script '/home/haixin/ws01_plumbing/install/setup.zsh'
