[0.136s] DEBUG:colcon:Command line arguments: ['/usr/bin/colcon', 'build', '--packages-select', 'cpp02_service']
[0.136s] DEBUG:colcon:Parsed command line arguments: Namespace(log_base=None, log_level=None, verb_name='build', build_base='build', install_base='install', merge_install=False, symlink_install=False, test_result_base=None, continue_on_error=False, executor='parallel', parallel_workers=4, event_handlers=None, ignore_user_meta=False, metas=['./colcon.meta'], base_paths=['.'], packages_ignore=None, packages_ignore_regex=None, paths=None, packages_up_to=None, packages_up_to_regex=None, packages_above=None, packages_above_and_dependencies=None, packages_above_depth=None, packages_select_by_dep=None, packages_skip_by_dep=None, packages_skip_up_to=None, packages_select_build_failed=False, packages_skip_build_finished=False, packages_select_test_failures=False, packages_skip_test_passed=False, packages_select=['cpp02_service'], packages_skip=None, packages_select_regex=None, packages_skip_regex=None, packages_start=None, packages_end=None, allow_overriding=[], cmake_args=None, cmake_target=None, cmake_target_skip_unavailable=False, cmake_clean_cache=False, cmake_clean_first=False, cmake_force_configure=False, ament_cmake_args=None, catkin_cmake_args=None, catkin_skip_building_tests=False, verb_parser=<colcon_defaults.argument_parser.defaults.DefaultArgumentsDecorator object at 0xffff98468140>, verb_extension=<colcon_core.verb.build.BuildVerb object at 0xffff98756510>, main=<bound method BuildVerb.main of <colcon_core.verb.build.BuildVerb object at 0xffff98756510>>)
[0.193s] Level 1:colcon.colcon_core.package_discovery:discover_packages(colcon_meta) check parameters
[0.193s] Level 1:colcon.colcon_core.package_discovery:discover_packages(recursive) check parameters
[0.193s] Level 1:colcon.colcon_core.package_discovery:discover_packages(ignore) check parameters
[0.193s] Level 1:colcon.colcon_core.package_discovery:discover_packages(path) check parameters
[0.193s] Level 1:colcon.colcon_core.package_discovery:discover_packages(colcon_meta) discover
[0.193s] Level 1:colcon.colcon_core.package_discovery:discover_packages(recursive) discover
[0.193s] INFO:colcon.colcon_core.package_discovery:Crawling recursively for packages in '/home/haixin/ws01_plumbing'
[0.194s] Level 1:colcon.colcon_core.package_identification:_identify(.) by extensions ['ignore', 'ignore_ament_install']
[0.194s] Level 1:colcon.colcon_core.package_identification:_identify(.) by extension 'ignore'
[0.194s] Level 1:colcon.colcon_core.package_identification:_identify(.) by extension 'ignore_ament_install'
[0.194s] Level 1:colcon.colcon_core.package_identification:_identify(.) by extensions ['colcon_pkg']
[0.194s] Level 1:colcon.colcon_core.package_identification:_identify(.) by extension 'colcon_pkg'
[0.194s] Level 1:colcon.colcon_core.package_identification:_identify(.) by extensions ['colcon_meta']
[0.194s] Level 1:colcon.colcon_core.package_identification:_identify(.) by extension 'colcon_meta'
[0.194s] Level 1:colcon.colcon_core.package_identification:_identify(.) by extensions ['ros']
[0.194s] Level 1:colcon.colcon_core.package_identification:_identify(.) by extension 'ros'
[0.230s] Level 1:colcon.colcon_core.package_identification:_identify(.) by extensions ['cmake', 'python']
[0.230s] Level 1:colcon.colcon_core.package_identification:_identify(.) by extension 'cmake'
[0.230s] Level 1:colcon.colcon_core.package_identification:_identify(.) by extension 'python'
[0.230s] Level 1:colcon.colcon_core.package_identification:_identify(.) by extensions ['python_setup_py']
[0.230s] Level 1:colcon.colcon_core.package_identification:_identify(.) by extension 'python_setup_py'
[0.230s] Level 1:colcon.colcon_core.package_identification:_identify(build) by extensions ['ignore', 'ignore_ament_install']
[0.230s] Level 1:colcon.colcon_core.package_identification:_identify(build) by extension 'ignore'
[0.231s] Level 1:colcon.colcon_core.package_identification:_identify(build) ignored
[0.231s] Level 1:colcon.colcon_core.package_identification:_identify(install) by extensions ['ignore', 'ignore_ament_install']
[0.231s] Level 1:colcon.colcon_core.package_identification:_identify(install) by extension 'ignore'
[0.231s] Level 1:colcon.colcon_core.package_identification:_identify(install) ignored
[0.231s] Level 1:colcon.colcon_core.package_identification:_identify(log) by extensions ['ignore', 'ignore_ament_install']
[0.231s] Level 1:colcon.colcon_core.package_identification:_identify(log) by extension 'ignore'
[0.231s] Level 1:colcon.colcon_core.package_identification:_identify(log) ignored
[0.231s] Level 1:colcon.colcon_core.package_identification:_identify(src) by extensions ['ignore', 'ignore_ament_install']
[0.231s] Level 1:colcon.colcon_core.package_identification:_identify(src) by extension 'ignore'
[0.231s] Level 1:colcon.colcon_core.package_identification:_identify(src) by extension 'ignore_ament_install'
[0.231s] Level 1:colcon.colcon_core.package_identification:_identify(src) by extensions ['colcon_pkg']
[0.231s] Level 1:colcon.colcon_core.package_identification:_identify(src) by extension 'colcon_pkg'
[0.232s] Level 1:colcon.colcon_core.package_identification:_identify(src) by extensions ['colcon_meta']
[0.232s] Level 1:colcon.colcon_core.package_identification:_identify(src) by extension 'colcon_meta'
[0.232s] Level 1:colcon.colcon_core.package_identification:_identify(src) by extensions ['ros']
[0.232s] Level 1:colcon.colcon_core.package_identification:_identify(src) by extension 'ros'
[0.232s] Level 1:colcon.colcon_core.package_identification:_identify(src) by extensions ['cmake', 'python']
[0.232s] Level 1:colcon.colcon_core.package_identification:_identify(src) by extension 'cmake'
[0.232s] Level 1:colcon.colcon_core.package_identification:_identify(src) by extension 'python'
[0.232s] Level 1:colcon.colcon_core.package_identification:_identify(src) by extensions ['python_setup_py']
[0.232s] Level 1:colcon.colcon_core.package_identification:_identify(src) by extension 'python_setup_py'
[0.232s] Level 1:colcon.colcon_core.package_identification:_identify(src/base_interfaces_demo) by extensions ['ignore', 'ignore_ament_install']
[0.232s] Level 1:colcon.colcon_core.package_identification:_identify(src/base_interfaces_demo) by extension 'ignore'
[0.232s] Level 1:colcon.colcon_core.package_identification:_identify(src/base_interfaces_demo) by extension 'ignore_ament_install'
[0.232s] Level 1:colcon.colcon_core.package_identification:_identify(src/base_interfaces_demo) by extensions ['colcon_pkg']
[0.232s] Level 1:colcon.colcon_core.package_identification:_identify(src/base_interfaces_demo) by extension 'colcon_pkg'
[0.232s] Level 1:colcon.colcon_core.package_identification:_identify(src/base_interfaces_demo) by extensions ['colcon_meta']
[0.232s] Level 1:colcon.colcon_core.package_identification:_identify(src/base_interfaces_demo) by extension 'colcon_meta'
[0.232s] Level 1:colcon.colcon_core.package_identification:_identify(src/base_interfaces_demo) by extensions ['ros']
[0.232s] Level 1:colcon.colcon_core.package_identification:_identify(src/base_interfaces_demo) by extension 'ros'
[0.237s] DEBUG:colcon.colcon_core.package_identification:Package 'src/base_interfaces_demo' with type 'ros.ament_cmake' and name 'base_interfaces_demo'
[0.238s] Level 1:colcon.colcon_core.package_identification:_identify(src/cpp01_topic) by extensions ['ignore', 'ignore_ament_install']
[0.238s] Level 1:colcon.colcon_core.package_identification:_identify(src/cpp01_topic) by extension 'ignore'
[0.238s] Level 1:colcon.colcon_core.package_identification:_identify(src/cpp01_topic) by extension 'ignore_ament_install'
[0.238s] Level 1:colcon.colcon_core.package_identification:_identify(src/cpp01_topic) by extensions ['colcon_pkg']
[0.238s] Level 1:colcon.colcon_core.package_identification:_identify(src/cpp01_topic) by extension 'colcon_pkg'
[0.238s] Level 1:colcon.colcon_core.package_identification:_identify(src/cpp01_topic) by extensions ['colcon_meta']
[0.238s] Level 1:colcon.colcon_core.package_identification:_identify(src/cpp01_topic) by extension 'colcon_meta'
[0.238s] Level 1:colcon.colcon_core.package_identification:_identify(src/cpp01_topic) by extensions ['ros']
[0.238s] Level 1:colcon.colcon_core.package_identification:_identify(src/cpp01_topic) by extension 'ros'
[0.239s] DEBUG:colcon.colcon_core.package_identification:Package 'src/cpp01_topic' with type 'ros.ament_cmake' and name 'cpp01_topic'
[0.239s] Level 1:colcon.colcon_core.package_identification:_identify(src/cpp02_service) by extensions ['ignore', 'ignore_ament_install']
[0.239s] Level 1:colcon.colcon_core.package_identification:_identify(src/cpp02_service) by extension 'ignore'
[0.239s] Level 1:colcon.colcon_core.package_identification:_identify(src/cpp02_service) by extension 'ignore_ament_install'
[0.239s] Level 1:colcon.colcon_core.package_identification:_identify(src/cpp02_service) by extensions ['colcon_pkg']
[0.239s] Level 1:colcon.colcon_core.package_identification:_identify(src/cpp02_service) by extension 'colcon_pkg'
[0.239s] Level 1:colcon.colcon_core.package_identification:_identify(src/cpp02_service) by extensions ['colcon_meta']
[0.239s] Level 1:colcon.colcon_core.package_identification:_identify(src/cpp02_service) by extension 'colcon_meta'
[0.239s] Level 1:colcon.colcon_core.package_identification:_identify(src/cpp02_service) by extensions ['ros']
[0.239s] Level 1:colcon.colcon_core.package_identification:_identify(src/cpp02_service) by extension 'ros'
[0.240s] DEBUG:colcon.colcon_core.package_identification:Package 'src/cpp02_service' with type 'ros.ament_cmake' and name 'cpp02_service'
[0.240s] Level 1:colcon.colcon_core.package_discovery:discover_packages(recursive) using defaults
[0.240s] Level 1:colcon.colcon_core.package_discovery:discover_packages(ignore) discover
[0.240s] Level 1:colcon.colcon_core.package_discovery:discover_packages(ignore) using defaults
[0.240s] Level 1:colcon.colcon_core.package_discovery:discover_packages(path) discover
[0.240s] Level 1:colcon.colcon_core.package_discovery:discover_packages(path) using defaults
[0.264s] INFO:colcon.colcon_core.package_selection:Skipping not selected package 'base_interfaces_demo' in 'src/base_interfaces_demo'
[0.264s] INFO:colcon.colcon_core.package_selection:Skipping not selected package 'cpp01_topic' in 'src/cpp01_topic'
[0.264s] Level 1:colcon.colcon_core.package_discovery:discover_packages(prefix_path) check parameters
[0.264s] Level 1:colcon.colcon_core.package_discovery:discover_packages(prefix_path) discover
[0.267s] DEBUG:colcon.colcon_installed_package_information.package_discovery:Found 3 installed packages in /home/haixin/ws01_plumbing/install
[0.268s] DEBUG:colcon.colcon_installed_package_information.package_discovery:Found 192 installed packages in /opt/ros/jazzy
[0.269s] Level 1:colcon.colcon_core.package_discovery:discover_packages(prefix_path) using defaults
[0.309s] Level 5:colcon.colcon_core.verb:set package 'cpp02_service' build argument 'cmake_args' from command line to 'None'
[0.309s] Level 5:colcon.colcon_core.verb:set package 'cpp02_service' build argument 'cmake_target' from command line to 'None'
[0.309s] Level 5:colcon.colcon_core.verb:set package 'cpp02_service' build argument 'cmake_target_skip_unavailable' from command line to 'False'
[0.309s] Level 5:colcon.colcon_core.verb:set package 'cpp02_service' build argument 'cmake_clean_cache' from command line to 'False'
[0.309s] Level 5:colcon.colcon_core.verb:set package 'cpp02_service' build argument 'cmake_clean_first' from command line to 'False'
[0.309s] Level 5:colcon.colcon_core.verb:set package 'cpp02_service' build argument 'cmake_force_configure' from command line to 'False'
[0.309s] Level 5:colcon.colcon_core.verb:set package 'cpp02_service' build argument 'ament_cmake_args' from command line to 'None'
[0.309s] Level 5:colcon.colcon_core.verb:set package 'cpp02_service' build argument 'catkin_cmake_args' from command line to 'None'
[0.309s] Level 5:colcon.colcon_core.verb:set package 'cpp02_service' build argument 'catkin_skip_building_tests' from command line to 'False'
[0.309s] DEBUG:colcon.colcon_core.verb:Building package 'cpp02_service' with the following arguments: {'ament_cmake_args': None, 'build_base': '/home/haixin/ws01_plumbing/build/cpp02_service', 'catkin_cmake_args': None, 'catkin_skip_building_tests': False, 'cmake_args': None, 'cmake_clean_cache': False, 'cmake_clean_first': False, 'cmake_force_configure': False, 'cmake_target': None, 'cmake_target_skip_unavailable': False, 'install_base': '/home/haixin/ws01_plumbing/install/cpp02_service', 'merge_install': False, 'path': '/home/haixin/ws01_plumbing/src/cpp02_service', 'symlink_install': False, 'test_result_base': None}
[0.309s] INFO:colcon.colcon_core.executor:Executing jobs using 'parallel' executor
[0.311s] DEBUG:colcon.colcon_parallel_executor.executor.parallel:run_until_complete
[0.311s] INFO:colcon.colcon_ros.task.ament_cmake.build:Building ROS package in '/home/haixin/ws01_plumbing/src/cpp02_service' with build type 'ament_cmake'
[0.311s] INFO:colcon.colcon_cmake.task.cmake.build:Building CMake package in '/home/haixin/ws01_plumbing/src/cpp02_service'
[0.314s] INFO:colcon.colcon_core.plugin_system:Skipping extension 'colcon_core.shell.bat': Not used on non-Windows systems
[0.314s] INFO:colcon.colcon_core.shell:Skip shell extension 'powershell' for command environment: Not usable outside of PowerShell
[0.314s] DEBUG:colcon.colcon_core.shell:Skip shell extension 'dsv' for command environment
[0.332s] DEBUG:colcon.colcon_core.event_handler.log_command:Invoking command in '/home/haixin/ws01_plumbing/build/cpp02_service': CMAKE_PREFIX_PATH=/home/haixin/ws01_plumbing/install/base_interfaces_demo:/home/haixin/ws01_plumbing/install/cpp02_service:/home/haixin/ws01_plumbing/install/cpp01_topic:/opt/ros/jazzy /usr/bin/cmake --build /home/haixin/ws01_plumbing/build/cpp02_service -- -j4 -l4
[6.262s] DEBUG:colcon.colcon_core.event_handler.log_command:Invoked command in '/home/haixin/ws01_plumbing/build/cpp02_service' returned '0': CMAKE_PREFIX_PATH=/home/haixin/ws01_plumbing/install/base_interfaces_demo:/home/haixin/ws01_plumbing/install/cpp02_service:/home/haixin/ws01_plumbing/install/cpp01_topic:/opt/ros/jazzy /usr/bin/cmake --build /home/haixin/ws01_plumbing/build/cpp02_service -- -j4 -l4
[6.280s] DEBUG:colcon.colcon_core.event_handler.log_command:Invoking command in '/home/haixin/ws01_plumbing/build/cpp02_service': CMAKE_PREFIX_PATH=/home/haixin/ws01_plumbing/install/base_interfaces_demo:/home/haixin/ws01_plumbing/install/cpp02_service:/home/haixin/ws01_plumbing/install/cpp01_topic:/opt/ros/jazzy /usr/bin/cmake --install /home/haixin/ws01_plumbing/build/cpp02_service
[6.301s] Level 1:colcon.colcon_core.environment:create_environment_scripts_only(cpp02_service)
[6.302s] DEBUG:colcon.colcon_core.event_handler.log_command:Invoked command in '/home/haixin/ws01_plumbing/build/cpp02_service' returned '0': CMAKE_PREFIX_PATH=/home/haixin/ws01_plumbing/install/base_interfaces_demo:/home/haixin/ws01_plumbing/install/cpp02_service:/home/haixin/ws01_plumbing/install/cpp01_topic:/opt/ros/jazzy /usr/bin/cmake --install /home/haixin/ws01_plumbing/build/cpp02_service
[6.304s] Level 1:colcon.colcon_core.environment:checking '/home/haixin/ws01_plumbing/install/cpp02_service' for CMake module files
[6.305s] Level 1:colcon.colcon_core.environment:checking '/home/haixin/ws01_plumbing/install/cpp02_service' for CMake config files
[6.305s] Level 1:colcon.colcon_core.shell:create_environment_hook('cpp02_service', 'cmake_prefix_path')
[6.305s] INFO:colcon.colcon_core.shell:Creating environment hook '/home/haixin/ws01_plumbing/install/cpp02_service/share/cpp02_service/hook/cmake_prefix_path.ps1'
[6.306s] INFO:colcon.colcon_core.shell:Creating environment descriptor '/home/haixin/ws01_plumbing/install/cpp02_service/share/cpp02_service/hook/cmake_prefix_path.dsv'
[6.307s] INFO:colcon.colcon_core.shell:Creating environment hook '/home/haixin/ws01_plumbing/install/cpp02_service/share/cpp02_service/hook/cmake_prefix_path.sh'
[6.308s] Level 1:colcon.colcon_core.environment:checking '/home/haixin/ws01_plumbing/install/cpp02_service/lib'
[6.309s] Level 1:colcon.colcon_core.environment:checking '/home/haixin/ws01_plumbing/install/cpp02_service/bin'
[6.309s] Level 1:colcon.colcon_core.environment:checking '/home/haixin/ws01_plumbing/install/cpp02_service/lib/pkgconfig/cpp02_service.pc'
[6.309s] Level 1:colcon.colcon_core.environment:checking '/home/haixin/ws01_plumbing/install/cpp02_service/lib/python3.12/site-packages'
[6.309s] Level 1:colcon.colcon_core.environment:checking '/home/haixin/ws01_plumbing/install/cpp02_service/bin'
[6.310s] INFO:colcon.colcon_core.shell:Creating package script '/home/haixin/ws01_plumbing/install/cpp02_service/share/cpp02_service/package.ps1'
[6.311s] INFO:colcon.colcon_core.shell:Creating package descriptor '/home/haixin/ws01_plumbing/install/cpp02_service/share/cpp02_service/package.dsv'
[6.311s] INFO:colcon.colcon_core.shell:Creating package script '/home/haixin/ws01_plumbing/install/cpp02_service/share/cpp02_service/package.sh'
[6.312s] INFO:colcon.colcon_core.shell:Creating package script '/home/haixin/ws01_plumbing/install/cpp02_service/share/cpp02_service/package.bash'
[6.313s] INFO:colcon.colcon_core.shell:Creating package script '/home/haixin/ws01_plumbing/install/cpp02_service/share/cpp02_service/package.zsh'
[6.314s] Level 1:colcon.colcon_core.environment:create_file_with_runtime_dependencies(/home/haixin/ws01_plumbing/install/cpp02_service/share/colcon-core/packages/cpp02_service)
[6.315s] Level 1:colcon.colcon_core.environment:create_environment_scripts_only(cpp02_service)
[6.315s] Level 1:colcon.colcon_core.environment:checking '/home/haixin/ws01_plumbing/install/cpp02_service' for CMake module files
[6.316s] Level 1:colcon.colcon_core.environment:checking '/home/haixin/ws01_plumbing/install/cpp02_service' for CMake config files
[6.316s] Level 1:colcon.colcon_core.shell:create_environment_hook('cpp02_service', 'cmake_prefix_path')
[6.317s] INFO:colcon.colcon_core.shell:Creating environment hook '/home/haixin/ws01_plumbing/install/cpp02_service/share/cpp02_service/hook/cmake_prefix_path.ps1'
[6.317s] INFO:colcon.colcon_core.shell:Creating environment descriptor '/home/haixin/ws01_plumbing/install/cpp02_service/share/cpp02_service/hook/cmake_prefix_path.dsv'
[6.318s] INFO:colcon.colcon_core.shell:Creating environment hook '/home/haixin/ws01_plumbing/install/cpp02_service/share/cpp02_service/hook/cmake_prefix_path.sh'
[6.320s] Level 1:colcon.colcon_core.environment:checking '/home/haixin/ws01_plumbing/install/cpp02_service/lib'
[6.320s] Level 1:colcon.colcon_core.environment:checking '/home/haixin/ws01_plumbing/install/cpp02_service/bin'
[6.320s] Level 1:colcon.colcon_core.environment:checking '/home/haixin/ws01_plumbing/install/cpp02_service/lib/pkgconfig/cpp02_service.pc'
[6.321s] Level 1:colcon.colcon_core.environment:checking '/home/haixin/ws01_plumbing/install/cpp02_service/lib/python3.12/site-packages'
[6.321s] Level 1:colcon.colcon_core.environment:checking '/home/haixin/ws01_plumbing/install/cpp02_service/bin'
[6.321s] INFO:colcon.colcon_core.shell:Creating package script '/home/haixin/ws01_plumbing/install/cpp02_service/share/cpp02_service/package.ps1'
[6.322s] INFO:colcon.colcon_core.shell:Creating package descriptor '/home/haixin/ws01_plumbing/install/cpp02_service/share/cpp02_service/package.dsv'
[6.323s] INFO:colcon.colcon_core.shell:Creating package script '/home/haixin/ws01_plumbing/install/cpp02_service/share/cpp02_service/package.sh'
[6.324s] INFO:colcon.colcon_core.shell:Creating package script '/home/haixin/ws01_plumbing/install/cpp02_service/share/cpp02_service/package.bash'
[6.325s] INFO:colcon.colcon_core.shell:Creating package script '/home/haixin/ws01_plumbing/install/cpp02_service/share/cpp02_service/package.zsh'
[6.327s] Level 1:colcon.colcon_core.environment:create_file_with_runtime_dependencies(/home/haixin/ws01_plumbing/install/cpp02_service/share/colcon-core/packages/cpp02_service)
[6.328s] DEBUG:colcon.colcon_parallel_executor.executor.parallel:closing loop
[6.328s] DEBUG:colcon.colcon_parallel_executor.executor.parallel:loop closed
[6.328s] DEBUG:colcon.colcon_parallel_executor.executor.parallel:run_until_complete finished with '0'
[6.329s] DEBUG:colcon.colcon_core.event_reactor:joining thread
[6.336s] INFO:colcon.colcon_core.plugin_system:Skipping extension 'colcon_notification.desktop_notification.notify_send': Could not find 'notify-send'
[6.337s] INFO:colcon.colcon_core.plugin_system:Skipping extension 'colcon_notification.desktop_notification.terminal_notifier': Not used on non-Darwin systems
[6.337s] INFO:colcon.colcon_core.plugin_system:Skipping extension 'colcon_notification.desktop_notification.win32': Not used on non-Windows systems
[6.337s] INFO:colcon.colcon_notification.desktop_notification:Sending desktop notification using 'notify2'
[6.338s] DEBUG:colcon.colcon_notification.desktop_notification.notify2:Failed to initialize notify2: org.freedesktop.DBus.Error.ServiceUnknown: The name org.freedesktop.Notifications was not provided by any .service files
[6.339s] DEBUG:colcon.colcon_core.event_reactor:joined thread
[6.339s] INFO:colcon.colcon_core.shell:Creating prefix script '/home/haixin/ws01_plumbing/install/local_setup.ps1'
[6.341s] INFO:colcon.colcon_core.shell:Creating prefix util module '/home/haixin/ws01_plumbing/install/_local_setup_util_ps1.py'
[6.343s] INFO:colcon.colcon_core.shell:Creating prefix chain script '/home/haixin/ws01_plumbing/install/setup.ps1'
[6.345s] INFO:colcon.colcon_core.shell:Creating prefix script '/home/haixin/ws01_plumbing/install/local_setup.sh'
[6.346s] INFO:colcon.colcon_core.shell:Creating prefix util module '/home/haixin/ws01_plumbing/install/_local_setup_util_sh.py'
[6.347s] INFO:colcon.colcon_core.shell:Creating prefix chain script '/home/haixin/ws01_plumbing/install/setup.sh'
[6.352s] INFO:colcon.colcon_core.shell:Creating prefix script '/home/haixin/ws01_plumbing/install/local_setup.bash'
[6.353s] INFO:colcon.colcon_core.shell:Creating prefix chain script '/home/haixin/ws01_plumbing/install/setup.bash'
[6.355s] INFO:colcon.colcon_core.shell:Creating prefix script '/home/haixin/ws01_plumbing/install/local_setup.zsh'
[6.356s] INFO:colcon.colcon_core.shell:Creating prefix chain script '/home/haixin/ws01_plumbing/install/setup.zsh'
